9.0703 	EXP 	Created window1 = Window(allowGUI=False, allowStencil=False, autoLog=True, bitsMode=UNKNOWN, blendMode='avg', color=array([ 0.,  0.,  0.]), colorSpace='rgb', fullscr=UNKNOWN, gamma=None, lms=UNKNOWN, monitor=<psychopy.monitors.calibTools.Monitor instance at 0x08848EE0>, name='window1', pos=[0, 0], screen=0, size=array([1440,  900]), stereo=False, units=u'norm', useFBO=True, viewOri=0.0, viewPos=None, viewScale=array([-1.,  1.]), waitBlanking=True, winType='pyglet')
9.0704 	EXP 	window1: recordFrameIntervals = False
9.2335 	EXP 	window1: recordFrameIntervals = True
9.4172 	EXP 	window1: recordFrameIntervals = False
9.7019 	EXP 	Created text_ask_for_version = TextStim(alignHoriz='center', alignVert='center', antialias=True, autoLog=True, bold=False, color='white', colorSpace='named', contrast=1.0, depth=0.0, flipHoriz=False, flipVert=False, font='Arial', fontFiles=[], height=0.1, italic=False, name='text_ask_for_version', opacity=1.0, ori=0, pos=array([ 0.,  0.]), rgb=array([ 255.,  255.,  255.]), text=unicode(...), units=u'norm', win=Window(...), wrapWidth=1)
9.7564 	EXP 	Created text_ask_for_flip = TextStim(alignHoriz='center', alignVert='center', antialias=True, autoLog=True, bold=False, color=u'white', colorSpace='named', contrast=1.0, depth=0.0, flipHoriz=False, flipVert=False, font=u'Arial', fontFiles=[], height=0.1, italic=False, name='text_ask_for_flip', opacity=1.0, ori=0, pos=array([ 0.,  0.]), rgb=array([ 255.,  255.,  255.]), text=unicode(...), units=u'norm', win=Window(...), wrapWidth=1)
10.1714 	EXP 	Set  sound=stim/audio_40Hz_L.wav
10.1736 	EXP 	Set  sound=stim/audio_55Hz_L.wav
10.1751 	EXP 	Set  sound=stim/audio_40Hz_R.wav
10.1772 	EXP 	Set  sound=stim/audio_55Hz_R.wav
10.1773 	EXP 	Set Sound  volume=1.000
10.1773 	EXP 	Set Sound  volume=1.000
10.1774 	EXP 	Set Sound  volume=1.000
10.1774 	EXP 	Set Sound  volume=1.000
10.2863 	EXP 	Created select_eeg_system = TextStim(alignHoriz='center', alignVert='center', antialias=True, autoLog=True, bold=False, color='white', colorSpace='named', contrast=1.0, depth=-1.0, flipHoriz=False, flipVert=False, font='Arial', fontFiles=[], height=0.1, italic=False, name='select_eeg_system', opacity=1.0, ori=0, pos=array([ 0.,  0.]), rgb=array([ 255.,  255.,  255.]), text=unicode(...), units=u'norm', win=Window(...), wrapWidth=1)
10.3793 	EXP 	Created instr_text = TextStim(alignHoriz='center', alignVert='center', antialias=True, autoLog=True, bold=False, color=u'white', colorSpace='named', contrast=1.0, depth=-1.0, flipHoriz=False, flipVert=False, font=u'Arial', fontFiles=[], height=0.1, italic=False, name='instr_text', opacity=1.0, ori=0, pos=array([ 0.,  0.]), rgb=array([ 255.,  255.,  255.]), text=unicode(...), units=u'norm', win=Window(...), wrapWidth=1)
10.4218 	EXP 	Created end_text = TextStim(alignHoriz='center', alignVert='center', antialias=True, autoLog=True, bold=False, color='white', colorSpace='named', contrast=1.0, depth=0.0, flipHoriz=False, flipVert=False, font='Arial', fontFiles=[], height=0.1, italic=False, name='end_text', opacity=1.0, ori=0, pos=array([ 0.,  0.]), rgb=array([ 255.,  255.,  255.]), text=u'This was the end - Thank you!', units=u'norm', win=Window(...), wrapWidth=1)
10.4519 	EXP 	text_ask_for_version: autoDraw = True
13.0543 	DATA 	Keypress: 1
13.0849 	EXP 	text_ask_for_version: autoDraw = False
13.0849 	EXP 	text_ask_for_flip: autoDraw = True
14.1363 	DATA 	Keypress: 1
14.1496 	EXP 	Created text_4 = TextStim(alignHoriz='center', alignVert='center', antialias=True, autoLog=True, bold=False, color=u'red', colorSpace='named', contrast=1.0, depth=0.0, flipHoriz=False, flipVert=False, font=u'Arial', fontFiles=[], height=0.1, italic=False, name='text_4', opacity=1.0, ori=0, pos=array([ 0.,  0.]), rgb=array([ 255.,    0.,    0.]), text=u'0', units=u'norm', win=Window(...), wrapWidth=1)
14.1735 	EXP 	text_ask_for_flip: autoDraw = False
14.1735 	EXP 	select_eeg_system: autoDraw = True
15.2737 	DATA 	Keypress: 1
15.3104 	EXP 	select_eeg_system: autoDraw = False
15.3104 	EXP 	instr_text: autoDraw = True
16.6653 	DATA 	Keypress: space
16.7806 	EXP 	Created unnamed PatchStim = PatchStim(autoDraw=False, autoLog=True, color=array([-0.25, -0.25, -0.25]), colorSpace='rgb', contrast=1.0, depth=0, interpolate=False, mask='circle', maskParams=None, name='unnamed PatchStim', opacity=1.0, ori=0.0, phase=array([ 0.,  0.]), pos=array([ 0.,  0.]), rgbPedestal=array([ 0.,  0.,  0.]), sf=array([ 1.,  1.]), size=array([ 0.12,  0.12]), tex=None, texRes=128, units=u'norm', win=Window(...))
16.8290 	EXP 	instr_text: autoDraw = False
17.9123 	EXP 	text_4: text = '1'
17.9123 	EXP 	text_4: text = u'1'
18.8938 	EXP 	text_4: text = '2'
18.8938 	EXP 	text_4: text = u'2'
19.1150 	DATA 	Keypress: escape
