11.5810 	EXP 	Created window1 = Window(allowGUI=False, allowStencil=False, autoLog=True, bitsMode=UNKNOWN, blendMode='avg', color=array([ 0.,  0.,  0.]), colorSpace='rgb', fullscr=UNKNOWN, gamma=None, lms=UNKNOWN, monitor=<psychopy.monitors.calibTools.Monitor instance at 0x09A8BD28>, name='window1', pos=[0, 0], screen=0, size=array([1440,  900]), stereo=False, units=u'norm', useFBO=True, viewOri=0.0, viewPos=None, viewScale=None, waitBlanking=True, winType='pyglet')
11.5811 	EXP 	window1: recordFrameIntervals = False
11.7446 	EXP 	window1: recordFrameIntervals = True
11.8446 	WARNING 	t of last frame was 32.75ms (=1/30)
12.0116 	EXP 	window1: recordFrameIntervals = False
12.4908 	EXP 	Set  sound=stim/audio_40Hz_L.wav
12.4926 	EXP 	Set  sound=stim/audio_55Hz_L.wav
12.4941 	EXP 	Set  sound=stim/audio_40Hz_R.wav
12.4960 	EXP 	Set  sound=stim/audio_55Hz_R.wav
12.4960 	EXP 	Set Sound  volume=1.000
12.4961 	EXP 	Set Sound  volume=1.000
12.4961 	EXP 	Set Sound  volume=1.000
12.4961 	EXP 	Set Sound  volume=1.000
12.7172 	EXP 	Created text_4 = TextStim(alignHoriz='center', alignVert='center', antialias=True, autoLog=True, bold=False, color=u'red', colorSpace='named', contrast=1.0, depth=0.0, flipHoriz=False, flipVert=False, font=u'Arial', fontFiles=[], height=0.1, italic=False, name='text_4', opacity=1.0, ori=0, pos=array([ 0.,  0.]), rgb=array([ 255.,    0.,    0.]), text=u'X', units=u'norm', win=Window(...), wrapWidth=1)
12.8751 	EXP 	Created select_eeg_system = TextStim(alignHoriz='center', alignVert='center', antialias=True, autoLog=True, bold=False, color='white', colorSpace='named', contrast=1.0, depth=-1.0, flipHoriz=False, flipVert=False, font='Arial', fontFiles=[], height=0.1, italic=False, name='select_eeg_system', opacity=1.0, ori=0, pos=array([ 0.,  0.]), rgb=array([ 255.,  255.,  255.]), text=unicode(...), units=u'norm', win=Window(...), wrapWidth=1)
12.9185 	EXP 	Created instr_text = TextStim(alignHoriz='center', alignVert='center', antialias=True, autoLog=True, bold=False, color='white', colorSpace='named', contrast=1.0, depth=0.0, flipHoriz=False, flipVert=False, font='Arial', fontFiles=[], height=0.1, italic=False, name='instr_text', opacity=1.0, ori=0, pos=array([ 0.,  0.]), rgb=array([ 255.,  255.,  255.]), text=u'Try to keep focusing on the crosshair!', units=u'norm', win=Window(...), wrapWidth=1)
12.9681 	EXP 	Created unnamed PatchStim = PatchStim(autoDraw=False, autoLog=True, color=array([-0.5, -0.5, -0.5]), colorSpace='rgb', contrast=1.0, depth=0, interpolate=False, mask='circle', maskParams=None, name='unnamed PatchStim', opacity=1.0, ori=0.0, phase=array([ 0.,  0.]), pos=array([ 0.,  0.]), rgbPedestal=array([ 0.,  0.,  0.]), sf=array([ 1.,  1.]), size=array([ 0.12,  0.12]), tex=None, texRes=128, units=u'norm', win=Window(...))
13.0001 	EXP 	Created end_text = TextStim(alignHoriz='center', alignVert='center', antialias=True, autoLog=True, bold=False, color='white', colorSpace='named', contrast=1.0, depth=0.0, flipHoriz=False, flipVert=False, font='Arial', fontFiles=[], height=0.1, italic=False, name='end_text', opacity=1.0, ori=0, pos=array([ 0.,  0.]), rgb=array([ 255.,  255.,  255.]), text=u'This was the end - Thank you!', units=u'norm', win=Window(...), wrapWidth=1)
13.0303 	EXP 	select_eeg_system: autoDraw = True
13.9963 	DATA 	Keypress: 1
14.0287 	EXP 	select_eeg_system: autoDraw = False
14.0287 	EXP 	instr_text: autoDraw = True
14.6467 	DATA 	Keypress: space
14.6790 	EXP 	instr_text: autoDraw = False
15.7124 	EXP 	text_4: text = '1'
15.7124 	EXP 	text_4: text = u'1'
15.7624 	EXP 	text_4: text = '2'
15.7624 	EXP 	text_4: text = u'2'
16.7304 	EXP 	text_4: text = '3'
16.7304 	EXP 	text_4: text = u'3'
17.7457 	EXP 	text_4: text = '4'
17.7457 	EXP 	text_4: text = u'4'
18.7290 	EXP 	text_4: text = '5'
18.7290 	EXP 	text_4: text = u'5'
19.7291 	EXP 	text_4: text = '6'
19.7291 	EXP 	text_4: text = u'6'
20.7627 	EXP 	text_4: text = '7'
20.7627 	EXP 	text_4: text = u'7'
21.7289 	EXP 	text_4: text = '6'
21.7289 	EXP 	text_4: text = u'6'
22.7295 	EXP 	text_4: text = '5'
22.7295 	EXP 	text_4: text = u'5'
23.7292 	EXP 	text_4: text = '4'
23.7292 	EXP 	text_4: text = u'4'
24.0601 	DATA 	Keypress: escape
