12.0687 	EXP 	Created window1 = Window(allowGUI=False, allowStencil=False, autoLog=True, bitsMode=UNKNOWN, blendMode='avg', color=array([ 0.,  0.,  0.]), colorSpace='rgb', fullscr=UNKNOWN, gamma=None, lms=UNKNOWN, monitor=<psychopy.monitors.calibTools.Monitor instance at 0x089CDCB0>, name='window1', pos=[0, 0], screen=0, size=array([1440,  900]), stereo=False, units=u'norm', useFBO=True, viewOri=0.0, viewPos=None, viewScale=None, waitBlanking=True, winType='pyglet')
12.0688 	EXP 	window1: recordFrameIntervals = False
12.2341 	EXP 	window1: recordFrameIntervals = True
12.2713 	WARNING 	t of last frame was 20.99ms (=1/47)
12.3058 	WARNING 	t of last frame was 21.64ms (=1/46)
12.3550 	WARNING 	t of last frame was 20.09ms (=1/49)
12.4049 	WARNING 	t of last frame was 21.05ms (=1/47)
12.4552 	WARNING 	Multiple dropped frames have occurred - I'll stop bothering you about them!
14.0894 	WARNING 	Couldn't measure a consistent frame rate.
  - Is your graphics card set to sync to vertical blank?
  - Are you running other processes on your computer?

14.6050 	EXP 	Set  sound=stim/audio_40Hz_L.wav
14.6068 	EXP 	Set  sound=stim/audio_55Hz_L.wav
14.6084 	EXP 	Set  sound=stim/audio_40Hz_R.wav
14.6101 	EXP 	Set  sound=stim/audio_55Hz_R.wav
14.6102 	EXP 	Set Sound  volume=1.000
14.6102 	EXP 	Set Sound  volume=1.000
14.6103 	EXP 	Set Sound  volume=1.000
14.6103 	EXP 	Set Sound  volume=1.000
14.8627 	EXP 	Created text_4 = TextStim(alignHoriz='center', alignVert='center', antialias=True, autoLog=True, bold=False, color=u'red', colorSpace='named', contrast=1.0, depth=0.0, flipHoriz=False, flipVert=False, font=u'Arial', fontFiles=[], height=0.1, italic=False, name='text_4', opacity=1.0, ori=0, pos=array([ 0.,  0.]), rgb=array([ 255.,    0.,    0.]), text=u'X', units=u'norm', win=Window(...), wrapWidth=1)
15.0336 	EXP 	Created select_eeg_system = TextStim(alignHoriz='center', alignVert='center', antialias=True, autoLog=True, bold=False, color='white', colorSpace='named', contrast=1.0, depth=-1.0, flipHoriz=False, flipVert=False, font='Arial', fontFiles=[], height=0.1, italic=False, name='select_eeg_system', opacity=1.0, ori=0, pos=array([ 0.,  0.]), rgb=array([ 255.,  255.,  255.]), text=unicode(...), units=u'norm', win=Window(...), wrapWidth=1)
15.1219 	EXP 	Created instr_text = TextStim(alignHoriz='center', alignVert='center', antialias=True, autoLog=True, bold=False, color='white', colorSpace='named', contrast=1.0, depth=0.0, flipHoriz=False, flipVert=False, font='Arial', fontFiles=[], height=0.1, italic=False, name='instr_text', opacity=1.0, ori=0, pos=array([ 0.,  0.]), rgb=array([ 255.,  255.,  255.]), text=unicode(...), units=u'norm', win=Window(...), wrapWidth=1)
15.1737 	EXP 	Created unnamed PatchStim = PatchStim(autoDraw=False, autoLog=True, color=array([-0.25, -0.25, -0.25]), colorSpace='rgb', contrast=1.0, depth=0, interpolate=False, mask='circle', maskParams=None, name='unnamed PatchStim', opacity=1.0, ori=0.0, phase=array([ 0.,  0.]), pos=array([ 0.,  0.]), rgbPedestal=array([ 0.,  0.,  0.]), sf=array([ 1.,  1.]), size=array([ 0.12,  0.12]), tex=None, texRes=128, units=u'norm', win=Window(...))
15.2346 	EXP 	Created end_text = TextStim(alignHoriz='center', alignVert='center', antialias=True, autoLog=True, bold=False, color='white', colorSpace='named', contrast=1.0, depth=0.0, flipHoriz=False, flipVert=False, font='Arial', fontFiles=[], height=0.1, italic=False, name='end_text', opacity=1.0, ori=0, pos=array([ 0.,  0.]), rgb=array([ 255.,  255.,  255.]), text=u'This was the end - Thank you!', units=u'norm', win=Window(...), wrapWidth=1)
15.2745 	EXP 	select_eeg_system: autoDraw = True
16.0410 	DATA 	Keypress: 1
16.0749 	EXP 	select_eeg_system: autoDraw = False
16.0749 	EXP 	instr_text: autoDraw = True
16.7103 	DATA 	Keypress: space
16.7442 	EXP 	instr_text: autoDraw = False
17.8102 	EXP 	text_4: text = '1'
17.8102 	EXP 	text_4: text = u'1'
17.8602 	EXP 	text_4: text = '2'
17.8602 	EXP 	text_4: text = u'2'
18.8132 	EXP 	text_4: text = '3'
18.8132 	EXP 	text_4: text = u'3'
19.8433 	EXP 	text_4: text = '4'
19.8433 	EXP 	text_4: text = u'4'
20.8599 	EXP 	text_4: text = '5'
20.8599 	EXP 	text_4: text = u'5'
21.8099 	EXP 	text_4: text = '6'
21.8099 	EXP 	text_4: text = u'6'
22.8095 	EXP 	text_4: text = '5'
22.8095 	EXP 	text_4: text = u'5'
23.8282 	EXP 	text_4: text = '4'
23.8282 	EXP 	text_4: text = u'4'
24.9270 	EXP 	text_4: text = '3'
24.9270 	EXP 	text_4: text = u'3'
25.7951 	EXP 	text_4: text = '2'
25.7951 	EXP 	text_4: text = u'2'
26.7145 	EXP 	Sound  started
26.8116 	EXP 	text_4: text = '1'
26.8116 	EXP 	text_4: text = u'1'
27.7942 	EXP 	text_4: text = '0'
27.7942 	EXP 	text_4: text = u'0'
27.9346 	EXP 	Sound  started
28.8102 	EXP 	text_4: text = '9'
28.8102 	EXP 	text_4: text = u'9'
29.1391 	EXP 	Sound  started
29.8110 	EXP 	text_4: text = '8'
29.8110 	EXP 	text_4: text = u'8'
30.3420 	EXP 	Sound  started
30.8274 	EXP 	text_4: text = '7'
30.8274 	EXP 	text_4: text = u'7'
31.5441 	EXP 	Sound  started
31.8273 	EXP 	text_4: text = '6'
31.8273 	EXP 	text_4: text = u'6'
32.7481 	EXP 	Sound  started
32.7944 	EXP 	text_4: text = '5'
32.7944 	EXP 	text_4: text = u'5'
33.8106 	EXP 	text_4: text = '4'
33.8106 	EXP 	text_4: text = u'4'
33.9513 	EXP 	Sound  started
35.3309 	EXP 	Sound  started
35.3614 	EXP 	text_4: text = '3'
35.3614 	EXP 	text_4: text = u'3'
36.3456 	EXP 	text_4: text = '2'
36.3456 	EXP 	text_4: text = u'2'
36.5342 	EXP 	Sound  started
37.5780 	EXP 	text_4: text = '1'
37.5780 	EXP 	text_4: text = u'1'
37.8455 	EXP 	text_4: text = '0'
37.8455 	EXP 	text_4: text = u'0'
38.8952 	EXP 	text_4: text = '1'
38.8952 	EXP 	text_4: text = u'1'
40.2465 	EXP 	text_4: text = '2'
40.2465 	EXP 	text_4: text = u'2'
41.7361 	DATA 	Keypress: escape
