9.2450 	WARNING 	Couldn't measure a consistent frame rate.
  - Is your graphics card set to sync to vertical blank?
  - Are you running other processes on your computer?

9.2472 	EXP 	Created window1 = Window(allowGUI=False, allowStencil=False, autoLog=True, bitsMode=UNKNOWN, blendMode='avg', color=array([ 0.,  0.,  0.]), colorSpace='rgb', fullscr=UNKNOWN, gamma=None, lms=UNKNOWN, monitor=<psychopy.monitors.calibTools.Monitor instance at 0x0A491DC8>, name='window1', pos=[0, 0], screen=0, size=array([1440,  900]), stereo=False, units=u'norm', useFBO=True, viewOri=0.0, viewPos=None, viewScale=None, waitBlanking=True, winType='pyglet')
9.2473 	EXP 	window1: recordFrameIntervals = False
9.4347 	EXP 	window1: recordFrameIntervals = True
9.5388 	WARNING 	t of last frame was 28.11ms (=1/35)
9.6481 	WARNING 	t of last frame was 26.16ms (=1/38)
9.7416 	WARNING 	t of last frame was 27.05ms (=1/36)
9.8520 	WARNING 	t of last frame was 27.42ms (=1/36)
9.9285 	WARNING 	Multiple dropped frames have occurred - I'll stop bothering you about them!
11.3193 	WARNING 	Couldn't measure a consistent frame rate.
  - Is your graphics card set to sync to vertical blank?
  - Are you running other processes on your computer?

11.6221 	EXP 	Created text_ask_for_version = TextStim(alignHoriz='center', alignVert='center', antialias=True, autoLog=True, bold=False, color=u'white', colorSpace='named', contrast=1.0, depth=0.0, flipHoriz=False, flipVert=False, font=u'Arial', fontFiles=[], height=0.1, italic=False, name='text_ask_for_version', opacity=1.0, ori=0, pos=array([ 0.,  0.]), rgb=array([ 255.,  255.,  255.]), text=unicode(...), units=u'norm', win=Window(...), wrapWidth=1)
12.1011 	EXP 	Set  sound=stim/audio_40Hz_L.wav
12.1029 	EXP 	Set  sound=stim/audio_55Hz_L.wav
12.1042 	EXP 	Set  sound=stim/audio_40Hz_R.wav
12.1059 	EXP 	Set  sound=stim/audio_55Hz_R.wav
12.1060 	EXP 	Set Sound  volume=1.000
12.1060 	EXP 	Set Sound  volume=1.000
12.1060 	EXP 	Set Sound  volume=1.000
12.1061 	EXP 	Set Sound  volume=1.000
12.2237 	EXP 	Created select_eeg_system = TextStim(alignHoriz='center', alignVert='center', antialias=True, autoLog=True, bold=False, color='white', colorSpace='named', contrast=1.0, depth=-1.0, flipHoriz=False, flipVert=False, font='Arial', fontFiles=[], height=0.1, italic=False, name='select_eeg_system', opacity=1.0, ori=0, pos=array([ 0.,  0.]), rgb=array([ 255.,  255.,  255.]), text=unicode(...), units=u'norm', win=Window(...), wrapWidth=1)
12.2950 	EXP 	Created instr_text = TextStim(alignHoriz='center', alignVert='center', antialias=True, autoLog=True, bold=False, color='white', colorSpace='named', contrast=1.0, depth=0.0, flipHoriz=False, flipVert=False, font='Arial', fontFiles=[], height=0.1, italic=False, name='instr_text', opacity=1.0, ori=0, pos=array([ 0.,  0.]), rgb=array([ 255.,  255.,  255.]), text=unicode(...), units=u'norm', win=Window(...), wrapWidth=1)
12.3509 	EXP 	Created end_text = TextStim(alignHoriz='center', alignVert='center', antialias=True, autoLog=True, bold=False, color='white', colorSpace='named', contrast=1.0, depth=0.0, flipHoriz=False, flipVert=False, font='Arial', fontFiles=[], height=0.1, italic=False, name='end_text', opacity=1.0, ori=0, pos=array([ 0.,  0.]), rgb=array([ 255.,  255.,  255.]), text=u'This was the end - Thank you!', units=u'norm', win=Window(...), wrapWidth=1)
12.3881 	EXP 	text_ask_for_version: autoDraw = True
13.3365 	DATA 	Keypress: 1
13.3527 	EXP 	Created text_4 = TextStim(alignHoriz='center', alignVert='center', antialias=True, autoLog=True, bold=False, color=u'red', colorSpace='named', contrast=1.0, depth=0.0, flipHoriz=False, flipVert=False, font=u'Arial', fontFiles=[], height=0.1, italic=False, name='text_4', opacity=1.0, ori=0, pos=array([ 0.,  0.]), rgb=array([ 255.,    0.,    0.]), text=u'0', units=u'norm', win=Window(...), wrapWidth=1)
13.3690 	EXP 	text_ask_for_version: autoDraw = False
13.3690 	EXP 	select_eeg_system: autoDraw = True
14.4045 	DATA 	Keypress: 1
14.4210 	EXP 	select_eeg_system: autoDraw = False
14.4210 	EXP 	instr_text: autoDraw = True
15.4879 	DATA 	Keypress: space
15.5667 	EXP 	Created unnamed PatchStim = PatchStim(autoDraw=False, autoLog=True, color=array([-0.25, -0.25, -0.25]), colorSpace='rgb', contrast=1.0, depth=0, interpolate=False, mask='circle', maskParams=None, name='unnamed PatchStim', opacity=1.0, ori=0.0, phase=array([ 0.,  0.]), pos=array([ 0.,  0.]), rgbPedestal=array([ 0.,  0.,  0.]), sf=array([ 1.,  1.]), size=array([ 0.12,  0.12]), tex=None, texRes=128, units=u'norm', win=Window(...))
15.6058 	EXP 	instr_text: autoDraw = False
16.7057 	EXP 	text_4: text = '1'
16.7057 	EXP 	text_4: text = u'1'
17.6898 	EXP 	text_4: text = '2'
17.6898 	EXP 	text_4: text = u'2'
18.7392 	EXP 	text_4: text = '3'
18.7392 	EXP 	text_4: text = u'3'
19.6622 	EXP 	text_4: text = '4'
19.6622 	EXP 	text_4: text = u'4'
20.7060 	EXP 	text_4: text = '5'
20.7060 	EXP 	text_4: text = u'5'
21.6899 	EXP 	text_4: text = '6'
21.6899 	EXP 	text_4: text = u'6'
22.8231 	EXP 	text_4: text = '7'
22.8231 	EXP 	text_4: text = u'7'
23.7057 	EXP 	text_4: text = '8'
23.7057 	EXP 	text_4: text = u'8'
24.7248 	EXP 	text_4: text = '9'
24.7248 	EXP 	text_4: text = u'9'
25.5690 	EXP 	Sound  started
25.6891 	EXP 	text_4: text = '0'
25.6891 	EXP 	text_4: text = u'0'
26.6909 	EXP 	text_4: text = '1'
26.6909 	EXP 	text_4: text = u'1'
26.7721 	EXP 	Sound  started
27.6730 	EXP 	text_4: text = '2'
27.6730 	EXP 	text_4: text = u'2'
27.9761 	EXP 	Sound  started
28.7070 	EXP 	text_4: text = '3'
28.7070 	EXP 	text_4: text = u'3'
29.1786 	EXP 	Sound  started
29.6899 	EXP 	text_4: text = '4'
29.6899 	EXP 	text_4: text = u'4'
30.3809 	EXP 	Sound  started
30.7075 	EXP 	text_4: text = '5'
30.7075 	EXP 	text_4: text = u'5'
31.5837 	EXP 	Sound  started
31.6896 	EXP 	text_4: text = '6'
31.6896 	EXP 	text_4: text = u'6'
32.7074 	EXP 	text_4: text = '7'
32.7074 	EXP 	text_4: text = u'7'
32.7869 	EXP 	Sound  started
33.7421 	EXP 	text_4: text = '6'
33.7421 	EXP 	text_4: text = u'6'
33.9908 	EXP 	Sound  started
34.7251 	EXP 	text_4: text = '5'
34.7251 	EXP 	text_4: text = u'5'
35.1949 	EXP 	Sound  started
35.8074 	EXP 	text_4: text = '4'
35.8074 	EXP 	text_4: text = u'4'
36.7591 	EXP 	text_4: text = '3'
36.7591 	EXP 	text_4: text = u'3'
37.7427 	EXP 	text_4: text = '2'
37.7427 	EXP 	text_4: text = u'2'
38.7449 	EXP 	text_4: text = '1'
38.7449 	EXP 	text_4: text = u'1'
39.7770 	EXP 	text_4: text = '0'
39.7770 	EXP 	text_4: text = u'0'
40.7616 	EXP 	text_4: text = '1'
40.7616 	EXP 	text_4: text = u'1'
41.7284 	EXP 	text_4: text = '2'
41.7284 	EXP 	text_4: text = u'2'
42.6957 	EXP 	text_4: text = '3'
42.6957 	EXP 	text_4: text = u'3'
43.7614 	EXP 	text_4: text = '4'
43.7614 	EXP 	text_4: text = u'4'
44.6941 	EXP 	text_4: text = '5'
44.6941 	EXP 	text_4: text = u'5'
45.5683 	EXP 	Sound  started
45.6970 	EXP 	text_4: text = '6'
45.6970 	EXP 	text_4: text = u'6'
46.7164 	EXP 	text_4: text = '7'
46.7164 	EXP 	text_4: text = u'7'
46.7723 	EXP 	Sound  started
47.7189 	EXP 	text_4: text = '8'
47.7189 	EXP 	text_4: text = u'8'
47.9910 	EXP 	Sound  started
48.7380 	EXP 	text_4: text = '9'
48.7380 	EXP 	text_4: text = u'9'
49.2243 	EXP 	Sound  started
49.7135 	EXP 	text_4: text = '8'
49.7135 	EXP 	text_4: text = u'8'
50.4280 	EXP 	Sound  started
50.6953 	EXP 	text_4: text = '7'
50.6953 	EXP 	text_4: text = u'7'
51.6791 	EXP 	text_4: text = '6'
51.6791 	EXP 	text_4: text = u'6'
51.6827 	EXP 	Sound  started
52.6958 	EXP 	text_4: text = '5'
52.6958 	EXP 	text_4: text = u'5'
52.8871 	EXP 	Sound  started
53.6962 	EXP 	text_4: text = '4'
53.6962 	EXP 	text_4: text = u'4'
54.0911 	EXP 	Sound  started
54.6963 	EXP 	text_4: text = '3'
54.6963 	EXP 	text_4: text = u'3'
55.2939 	EXP 	Sound  started
55.6964 	EXP 	text_4: text = '2'
55.6964 	EXP 	text_4: text = u'2'
56.6787 	EXP 	text_4: text = '1'
56.6787 	EXP 	text_4: text = u'1'
57.6802 	EXP 	text_4: text = '0'
57.6802 	EXP 	text_4: text = u'0'
58.6950 	EXP 	text_4: text = '9'
58.6950 	EXP 	text_4: text = u'9'
59.7111 	EXP 	text_4: text = '8'
59.7111 	EXP 	text_4: text = u'8'
60.7125 	EXP 	text_4: text = '7'
60.7125 	EXP 	text_4: text = u'7'
61.6956 	EXP 	text_4: text = '6'
61.6956 	EXP 	text_4: text = u'6'
62.7129 	EXP 	text_4: text = '5'
62.7129 	EXP 	text_4: text = u'5'
63.7126 	EXP 	text_4: text = '4'
63.7126 	EXP 	text_4: text = u'4'
64.7134 	EXP 	text_4: text = '3'
64.7134 	EXP 	text_4: text = u'3'
65.5683 	EXP 	Sound  started
65.6692 	EXP 	text_4: text = '2'
65.6692 	EXP 	text_4: text = u'2'
66.7137 	EXP 	text_4: text = '1'
66.7137 	EXP 	text_4: text = u'1'
66.9751 	EXP 	Sound  started
67.6797 	EXP 	text_4: text = '0'
67.6797 	EXP 	text_4: text = u'0'
68.3848 	EXP 	Sound  started
68.7480 	EXP 	text_4: text = '9'
68.7480 	EXP 	text_4: text = u'9'
69.7151 	EXP 	text_4: text = '8'
69.7151 	EXP 	text_4: text = u'8'
69.8029 	EXP 	Sound  started
70.7479 	EXP 	text_4: text = '7'
70.7479 	EXP 	text_4: text = u'7'
71.2045 	EXP 	Sound  started
71.7655 	EXP 	text_4: text = '6'
71.7655 	EXP 	text_4: text = u'6'
72.6378 	EXP 	Sound  started
72.7529 	EXP 	text_4: text = '5'
72.7529 	EXP 	text_4: text = u'5'
73.7379 	EXP 	text_4: text = '4'
73.7379 	EXP 	text_4: text = u'4'
74.0580 	EXP 	Sound  started
74.7394 	EXP 	text_4: text = '3'
74.7394 	EXP 	text_4: text = u'3'
75.4933 	EXP 	Sound  started
75.7718 	EXP 	text_4: text = '2'
75.7718 	EXP 	text_4: text = u'2'
76.7281 	EXP 	text_4: text = '1'
76.7281 	EXP 	text_4: text = u'1'
77.7261 	EXP 	text_4: text = '0'
77.7261 	EXP 	text_4: text = u'0'
78.7591 	EXP 	text_4: text = '1'
78.7591 	EXP 	text_4: text = u'1'
79.5693 	DATA 	Keypress: escape
