7.8935 	EXP 	Created window1 = Window(allowGUI=False, allowStencil=False, autoLog=True, bitsMode=UNKNOWN, blendMode='avg', color=array([ 0.,  0.,  0.]), colorSpace='rgb', fullscr=UNKNOWN, gamma=None, lms=UNKNOWN, monitor=<psychopy.monitors.calibTools.Monitor instance at 0x05098F30>, name='window1', pos=[0, 0], screen=0, size=array([1600,  900]), stereo=False, units=u'norm', useFBO=True, viewOri=0.0, viewPos=None, viewScale=None, waitBlanking=True, winType='pyglet')
7.8936 	EXP 	window1: recordFrameIntervals = False
8.2040 	EXP 	window1: recordFrameIntervals = True
8.5482 	EXP 	window1: recordFrameIntervals = False
8.7578 	EXP 	Created text_ask_for_version = TextStim(alignHoriz='center', alignVert='center', antialias=True, autoLog=True, bold=False, color='white', colorSpace='named', contrast=1.0, depth=0.0, flipHoriz=False, flipVert=False, font='Arial', fontFiles=[], height=0.1, italic=False, name='text_ask_for_version', opacity=1.0, ori=0, pos=array([ 0.,  0.]), rgb=array([ 255.,  255.,  255.]), text=unicode(...), units=u'norm', win=Window(...), wrapWidth=1)
8.9769 	EXP 	Set  sound=stim/audio_40Hz_L.wav
8.9783 	EXP 	Set  sound=stim/audio_55Hz_L.wav
8.9796 	EXP 	Set  sound=stim/audio_40Hz_R.wav
8.9809 	EXP 	Set  sound=stim/audio_55Hz_R.wav
8.9810 	EXP 	Set Sound  volume=1.000
8.9810 	EXP 	Set Sound  volume=1.000
8.9810 	EXP 	Set Sound  volume=1.000
8.9811 	EXP 	Set Sound  volume=1.000
9.0500 	EXP 	Created select_eeg_system = TextStim(alignHoriz='center', alignVert='center', antialias=True, autoLog=True, bold=False, color=u'white', colorSpace='named', contrast=1.0, depth=-1.0, flipHoriz=False, flipVert=False, font=u'Arial', fontFiles=[], height=0.1, italic=False, name='select_eeg_system', opacity=1.0, ori=0, pos=array([ 0.,  0.]), rgb=array([ 255.,  255.,  255.]), text=unicode(...), units=u'norm', win=Window(...), wrapWidth=1)
9.0763 	EXP 	Created instr_text = TextStim(alignHoriz='center', alignVert='center', antialias=True, autoLog=True, bold=False, color=u'white', colorSpace='named', contrast=1.0, depth=0.0, flipHoriz=False, flipVert=False, font=u'Arial', fontFiles=[], height=0.1, italic=False, name='instr_text', opacity=1.0, ori=0, pos=array([ 0.,  0.]), rgb=array([ 255.,  255.,  255.]), text=unicode(...), units=u'norm', win=Window(...), wrapWidth=1)
9.0892 	EXP 	Created end_text = TextStim(alignHoriz='center', alignVert='center', antialias=True, autoLog=True, bold=False, color='white', colorSpace='named', contrast=1.0, depth=0.0, flipHoriz=False, flipVert=False, font='Arial', fontFiles=[], height=0.1, italic=False, name='end_text', opacity=1.0, ori=0, pos=array([ 0.,  0.]), rgb=array([ 255.,  255.,  255.]), text=u'This was the end - Thank you!', units=u'norm', win=Window(...), wrapWidth=1)
9.0985 	EXP 	text_ask_for_version: autoDraw = True
10.3403 	DATA 	Keypress: 1
10.3479 	EXP 	Created text_4 = TextStim(alignHoriz='center', alignVert='center', antialias=True, autoLog=True, bold=False, color=u'red', colorSpace='named', contrast=1.0, depth=0.0, flipHoriz=False, flipVert=False, font=u'Arial', fontFiles=[], height=0.1, italic=False, name='text_4', opacity=1.0, ori=0, pos=array([ 0.,  0.]), rgb=array([ 255.,    0.,    0.]), text=u'0', units=u'norm', win=Window(...), wrapWidth=1)
10.3566 	EXP 	text_ask_for_version: autoDraw = False
10.3566 	EXP 	select_eeg_system: autoDraw = True
10.5403 	DATA 	Keypress: 2
10.5569 	EXP 	select_eeg_system: autoDraw = False
10.5569 	EXP 	instr_text: autoDraw = True
11.2155 	DATA 	Keypress: space
11.3454 	EXP 	Created unnamed PatchStim = PatchStim(autoDraw=False, autoLog=True, color=array([-0.25, -0.25, -0.25]), colorSpace='rgb', contrast=1.0, depth=0, interpolate=False, mask='circle', maskParams=None, name='unnamed PatchStim', opacity=1.0, ori=0.0, phase=array([ 0.,  0.]), pos=array([ 0.,  0.]), rgbPedestal=array([ 0.,  0.,  0.]), sf=array([ 1.,  1.]), size=array([ 0.12,  0.12]), tex=None, texRes=128, units=u'norm', win=Window(...))
11.3651 	EXP 	instr_text: autoDraw = False
12.3985 	EXP 	text_4: text = '1'
12.3985 	EXP 	text_4: text = u'1'
13.3821 	EXP 	text_4: text = '2'
13.3821 	EXP 	text_4: text = u'2'
14.3987 	EXP 	text_4: text = '3'
14.3987 	EXP 	text_4: text = u'3'
15.3987 	EXP 	text_4: text = '4'
15.3987 	EXP 	text_4: text = u'4'
16.3987 	EXP 	text_4: text = '5'
16.3987 	EXP 	text_4: text = u'5'
17.3987 	EXP 	text_4: text = '6'
17.3987 	EXP 	text_4: text = u'6'
18.3997 	EXP 	text_4: text = '7'
18.3997 	EXP 	text_4: text = u'7'
19.4001 	EXP 	text_4: text = '6'
19.4001 	EXP 	text_4: text = u'6'
20.3837 	EXP 	text_4: text = '5'
20.3837 	EXP 	text_4: text = u'5'
21.3494 	EXP 	Sound  started
21.3843 	EXP 	text_4: text = '4'
21.3843 	EXP 	text_4: text = u'4'
22.4010 	EXP 	text_4: text = '3'
22.4010 	EXP 	text_4: text = u'3'
22.5524 	EXP 	Sound  started
23.4011 	EXP 	text_4: text = '2'
23.4011 	EXP 	text_4: text = u'2'
23.7549 	EXP 	Sound  started
24.4015 	EXP 	text_4: text = '3'
24.4015 	EXP 	text_4: text = u'3'
24.9578 	EXP 	Sound  started
25.4014 	EXP 	text_4: text = '4'
25.4014 	EXP 	text_4: text = u'4'
26.1607 	EXP 	Sound  started
26.4019 	EXP 	text_4: text = '5'
26.4019 	EXP 	text_4: text = u'5'
27.3632 	EXP 	Sound  started
27.3853 	EXP 	text_4: text = '6'
27.3853 	EXP 	text_4: text = u'6'
28.3857 	EXP 	text_4: text = '7'
28.3857 	EXP 	text_4: text = u'7'
28.5660 	EXP 	Sound  started
29.4699 	EXP 	text_4: text = '8'
29.4699 	EXP 	text_4: text = u'8'
29.7690 	EXP 	Sound  started
30.4545 	EXP 	text_4: text = '9'
30.4545 	EXP 	text_4: text = u'9'
30.9720 	EXP 	Sound  started
31.5234 	EXP 	text_4: text = '8'
31.5234 	EXP 	text_4: text = u'8'
32.4747 	EXP 	text_4: text = '7'
32.4747 	EXP 	text_4: text = u'7'
33.1154 	DATA 	Keypress: escape
