13.4254 	WARNING 	Couldn't measure a consistent frame rate.
  - Is your graphics card set to sync to vertical blank?
  - Are you running other processes on your computer?

13.4279 	EXP 	Created window1 = Window(allowGUI=False, allowStencil=False, autoLog=True, bitsMode=UNKNOWN, blendMode='avg', color=array([ 0.,  0.,  0.]), colorSpace='rgb', fullscr=UNKNOWN, gamma=None, lms=UNKNOWN, monitor=<psychopy.monitors.calibTools.Monitor instance at 0x08AD9CB0>, name='window1', pos=[0, 0], screen=0, size=array([1440,  900]), stereo=False, units=u'norm', useFBO=True, viewOri=0.0, viewPos=None, viewScale=None, waitBlanking=True, winType='pyglet')
13.4280 	EXP 	window1: recordFrameIntervals = False
13.5936 	EXP 	window1: recordFrameIntervals = True
13.8301 	WARNING 	t of last frame was 20.12ms (=1/49)
13.8774 	WARNING 	t of last frame was 35.22ms (=1/28)
14.2949 	WARNING 	t of last frame was 30.43ms (=1/32)
14.3450 	WARNING 	t of last frame was 30.29ms (=1/33)
14.8163 	WARNING 	Multiple dropped frames have occurred - I'll stop bothering you about them!
15.3150 	WARNING 	Couldn't measure a consistent frame rate.
  - Is your graphics card set to sync to vertical blank?
  - Are you running other processes on your computer?

15.8539 	EXP 	Set  sound=stim/audio_40Hz_L.wav
15.8561 	EXP 	Set  sound=stim/audio_55Hz_L.wav
15.8575 	EXP 	Set  sound=stim/audio_40Hz_R.wav
15.8596 	EXP 	Set  sound=stim/audio_55Hz_R.wav
15.8596 	EXP 	Set Sound  volume=1.000
15.8597 	EXP 	Set Sound  volume=1.000
15.8597 	EXP 	Set Sound  volume=1.000
15.8597 	EXP 	Set Sound  volume=1.000
16.1186 	EXP 	Created text_4 = TextStim(alignHoriz='center', alignVert='center', antialias=True, autoLog=True, bold=False, color=u'red', colorSpace='named', contrast=1.0, depth=0.0, flipHoriz=False, flipVert=False, font=u'Arial', fontFiles=[], height=0.1, italic=False, name='text_4', opacity=1.0, ori=0, pos=array([ 0.,  0.]), rgb=array([ 255.,    0.,    0.]), text=u'X', units=u'norm', win=Window(...), wrapWidth=1)
16.2896 	EXP 	Created select_eeg_system = TextStim(alignHoriz='center', alignVert='center', antialias=True, autoLog=True, bold=False, color='white', colorSpace='named', contrast=1.0, depth=-1.0, flipHoriz=False, flipVert=False, font='Arial', fontFiles=[], height=0.1, italic=False, name='select_eeg_system', opacity=1.0, ori=0, pos=array([ 0.,  0.]), rgb=array([ 255.,  255.,  255.]), text=unicode(...), units=u'norm', win=Window(...), wrapWidth=1)
16.3700 	EXP 	Created instr_text = TextStim(alignHoriz='center', alignVert='center', antialias=True, autoLog=True, bold=False, color='white', colorSpace='named', contrast=1.0, depth=0.0, flipHoriz=False, flipVert=False, font='Arial', fontFiles=[], height=0.1, italic=False, name='instr_text', opacity=1.0, ori=0, pos=array([ 0.,  0.]), rgb=array([ 255.,  255.,  255.]), text=unicode(...), units=u'norm', win=Window(...), wrapWidth=1)
16.4191 	EXP 	Created unnamed PatchStim = PatchStim(autoDraw=False, autoLog=True, color=array([-0.25, -0.25, -0.25]), colorSpace='rgb', contrast=1.0, depth=0, interpolate=False, mask='circle', maskParams=None, name='unnamed PatchStim', opacity=1.0, ori=0.0, phase=array([ 0.,  0.]), pos=array([ 0.,  0.]), rgbPedestal=array([ 0.,  0.,  0.]), sf=array([ 1.,  1.]), size=array([ 0.12,  0.12]), tex=None, texRes=128, units=u'norm', win=Window(...))
16.4879 	EXP 	Created end_text = TextStim(alignHoriz='center', alignVert='center', antialias=True, autoLog=True, bold=False, color='white', colorSpace='named', contrast=1.0, depth=0.0, flipHoriz=False, flipVert=False, font='Arial', fontFiles=[], height=0.1, italic=False, name='end_text', opacity=1.0, ori=0, pos=array([ 0.,  0.]), rgb=array([ 255.,  255.,  255.]), text=u'This was the end - Thank you!', units=u'norm', win=Window(...), wrapWidth=1)
16.5178 	EXP 	select_eeg_system: autoDraw = True
17.5373 	DATA 	Keypress: 1
17.5687 	EXP 	select_eeg_system: autoDraw = False
17.5687 	EXP 	instr_text: autoDraw = True
18.2709 	DATA 	Keypress: space
18.3057 	EXP 	instr_text: autoDraw = False
19.3720 	EXP 	text_4: text = '1'
19.3720 	EXP 	text_4: text = u'1'
19.4384 	EXP 	text_4: text = '2'
19.4384 	EXP 	text_4: text = u'2'
20.3720 	EXP 	text_4: text = '3'
20.3720 	EXP 	text_4: text = u'3'
21.3718 	EXP 	text_4: text = '4'
21.3718 	EXP 	text_4: text = u'4'
22.3892 	EXP 	text_4: text = '5'
22.3892 	EXP 	text_4: text = u'5'
23.3575 	EXP 	text_4: text = '6'
23.3575 	EXP 	text_4: text = u'6'
24.3885 	EXP 	text_4: text = '7'
24.3885 	EXP 	text_4: text = u'7'
25.3884 	EXP 	text_4: text = '8'
25.3884 	EXP 	text_4: text = u'8'
26.5062 	EXP 	text_4: text = '9'
26.5062 	EXP 	text_4: text = u'9'
27.3882 	EXP 	text_4: text = '0'
27.3882 	EXP 	text_4: text = u'0'
28.2771 	EXP 	Sound  started
28.3888 	EXP 	text_4: text = '1'
28.3888 	EXP 	text_4: text = u'1'
29.3724 	EXP 	text_4: text = '2'
29.3724 	EXP 	text_4: text = u'2'
29.4806 	EXP 	Sound  started
30.3727 	EXP 	text_4: text = '3'
30.3727 	EXP 	text_4: text = u'3'
30.6849 	EXP 	Sound  started
31.3766 	EXP 	text_4: text = '4'
31.3766 	EXP 	text_4: text = u'4'
31.8876 	EXP 	Sound  started
32.3732 	EXP 	text_4: text = '5'
32.3732 	EXP 	text_4: text = u'5'
33.0906 	EXP 	Sound  started
33.3901 	EXP 	text_4: text = '6'
33.3901 	EXP 	text_4: text = u'6'
34.2941 	EXP 	Sound  started
34.3562 	EXP 	text_4: text = '7'
34.3562 	EXP 	text_4: text = u'7'
35.3743 	EXP 	text_4: text = '8'
35.3743 	EXP 	text_4: text = u'8'
35.4985 	EXP 	Sound  started
36.8475 	EXP 	Sound  started
36.8905 	EXP 	text_4: text = '9'
36.8905 	EXP 	text_4: text = u'9'
38.1871 	DATA 	Keypress: escape
