14.1427 	EXP 	Created window1 = Window(allowGUI=False, allowStencil=False, autoLog=True, bitsMode=UNKNOWN, blendMode='avg', color=array([ 0.,  0.,  0.]), colorSpace='rgb', fullscr=UNKNOWN, gamma=None, lms=UNKNOWN, monitor=<psychopy.monitors.calibTools.Monitor instance at 0x0A1B4CD8>, name='window1', pos=[0, 0], screen=0, size=array([1440,  900]), stereo=False, units=u'norm', useFBO=True, viewOri=0.0, viewPos=None, viewScale=None, waitBlanking=True, winType='pyglet')
14.1428 	EXP 	window1: recordFrameIntervals = False
14.3074 	EXP 	window1: recordFrameIntervals = True
14.4918 	EXP 	window1: recordFrameIntervals = False
14.9965 	EXP 	Set  sound=stim/audio_40Hz_L.wav
14.9986 	EXP 	Set  sound=stim/audio_55Hz_L.wav
15.0000 	EXP 	Set  sound=stim/audio_40Hz_R.wav
15.0020 	EXP 	Set  sound=stim/audio_55Hz_R.wav
15.0021 	EXP 	Set Sound  volume=1.000
15.0021 	EXP 	Set Sound  volume=1.000
15.0022 	EXP 	Set Sound  volume=1.000
15.0022 	EXP 	Set Sound  volume=1.000
15.2443 	EXP 	Created text_4 = TextStim(alignHoriz='center', alignVert='center', antialias=True, autoLog=True, bold=False, color=u'red', colorSpace='named', contrast=1.0, depth=0.0, flipHoriz=False, flipVert=False, font=u'Arial', fontFiles=[], height=0.1, italic=False, name='text_4', opacity=1.0, ori=0, pos=array([ 0.,  0.]), rgb=array([ 255.,    0.,    0.]), text=u'X', units=u'norm', win=Window(...), wrapWidth=1)
15.4184 	EXP 	Created select_eeg_system = TextStim(alignHoriz='center', alignVert='center', antialias=True, autoLog=True, bold=False, color='white', colorSpace='named', contrast=1.0, depth=-1.0, flipHoriz=False, flipVert=False, font='Arial', fontFiles=[], height=0.1, italic=False, name='select_eeg_system', opacity=1.0, ori=0, pos=array([ 0.,  0.]), rgb=array([ 255.,  255.,  255.]), text=unicode(...), units=u'norm', win=Window(...), wrapWidth=1)
15.5018 	EXP 	Created instr_text = TextStim(alignHoriz='center', alignVert='center', antialias=True, autoLog=True, bold=False, color='white', colorSpace='named', contrast=1.0, depth=0.0, flipHoriz=False, flipVert=False, font='Arial', fontFiles=[], height=0.1, italic=False, name='instr_text', opacity=1.0, ori=0, pos=array([ 0.,  0.]), rgb=array([ 255.,  255.,  255.]), text=unicode(...), units=u'norm', win=Window(...), wrapWidth=1)
15.5542 	EXP 	Created unnamed PatchStim = PatchStim(autoDraw=False, autoLog=True, color=array([-0.25, -0.25, -0.25]), colorSpace='rgb', contrast=1.0, depth=0, interpolate=False, mask='circle', maskParams=None, name='unnamed PatchStim', opacity=1.0, ori=0.0, phase=array([ 0.,  0.]), pos=array([ 0.,  0.]), rgbPedestal=array([ 0.,  0.,  0.]), sf=array([ 1.,  1.]), size=array([ 0.12,  0.12]), tex=None, texRes=128, units=u'norm', win=Window(...))
15.6204 	EXP 	Created end_text = TextStim(alignHoriz='center', alignVert='center', antialias=True, autoLog=True, bold=False, color='white', colorSpace='named', contrast=1.0, depth=0.0, flipHoriz=False, flipVert=False, font='Arial', fontFiles=[], height=0.1, italic=False, name='end_text', opacity=1.0, ori=0, pos=array([ 0.,  0.]), rgb=array([ 255.,  255.,  255.]), text=u'This was the end - Thank you!', units=u'norm', win=Window(...), wrapWidth=1)
15.6605 	EXP 	select_eeg_system: autoDraw = True
18.9957 	DATA 	Keypress: 1
19.0119 	EXP 	select_eeg_system: autoDraw = False
19.0119 	EXP 	instr_text: autoDraw = True
19.7144 	DATA 	Keypress: space
19.7488 	EXP 	instr_text: autoDraw = False
20.8310 	EXP 	text_4: text = '1'
20.8310 	EXP 	text_4: text = u'1'
20.9144 	EXP 	text_4: text = '2'
20.9144 	EXP 	text_4: text = u'2'
21.8350 	EXP 	text_4: text = '3'
21.8350 	EXP 	text_4: text = u'3'
22.8309 	EXP 	text_4: text = '4'
22.8309 	EXP 	text_4: text = u'4'
23.8490 	EXP 	text_4: text = '5'
23.8490 	EXP 	text_4: text = u'5'
24.8309 	EXP 	text_4: text = '4'
24.8309 	EXP 	text_4: text = u'4'
25.8317 	EXP 	text_4: text = '3'
25.8317 	EXP 	text_4: text = u'3'
26.8315 	EXP 	text_4: text = '2'
26.8315 	EXP 	text_4: text = u'2'
27.9348 	EXP 	text_4: text = '1'
27.9348 	EXP 	text_4: text = u'1'
28.8339 	EXP 	text_4: text = '0'
28.8339 	EXP 	text_4: text = u'0'
29.7243 	EXP 	Sound  started
29.8327 	EXP 	text_4: text = '9'
29.8327 	EXP 	text_4: text = u'9'
30.8159 	EXP 	text_4: text = '8'
30.8159 	EXP 	text_4: text = u'8'
30.9285 	EXP 	Sound  started
31.8152 	EXP 	text_4: text = '7'
31.8152 	EXP 	text_4: text = u'7'
32.1326 	EXP 	Sound  started
32.7983 	EXP 	text_4: text = '8'
32.7983 	EXP 	text_4: text = u'8'
33.3396 	EXP 	Sound  started
33.8330 	EXP 	text_4: text = '9'
33.8330 	EXP 	text_4: text = u'9'
34.5429 	EXP 	Sound  started
34.8335 	EXP 	text_4: text = '0'
34.8335 	EXP 	text_4: text = u'0'
35.7467 	EXP 	Sound  started
35.7987 	EXP 	text_4: text = '1'
35.7987 	EXP 	text_4: text = u'1'
36.8166 	EXP 	text_4: text = '2'
36.8166 	EXP 	text_4: text = u'2'
36.9504 	EXP 	Sound  started
37.9326 	EXP 	text_4: text = '3'
37.9326 	EXP 	text_4: text = u'3'
38.2204 	EXP 	Sound  started
38.9063 	EXP 	text_4: text = '4'
38.9063 	EXP 	text_4: text = u'4'
39.4256 	EXP 	Sound  started
39.8394 	EXP 	text_4: text = '5'
39.8394 	EXP 	text_4: text = u'5'
40.8734 	EXP 	text_4: text = '6'
40.8734 	EXP 	text_4: text = u'6'
41.8416 	EXP 	text_4: text = '7'
41.8416 	EXP 	text_4: text = u'7'
42.8922 	EXP 	text_4: text = '8'
42.8922 	EXP 	text_4: text = u'8'
43.8766 	EXP 	text_4: text = '7'
43.8766 	EXP 	text_4: text = u'7'
44.8293 	EXP 	text_4: text = '6'
44.8293 	EXP 	text_4: text = u'6'
45.9121 	EXP 	text_4: text = '5'
45.9121 	EXP 	text_4: text = u'5'
46.8817 	EXP 	text_4: text = '4'
46.8817 	EXP 	text_4: text = u'4'
47.8528 	EXP 	text_4: text = '3'
47.8528 	EXP 	text_4: text = u'3'
48.8041 	EXP 	text_4: text = '2'
48.8041 	EXP 	text_4: text = u'2'
49.7197 	EXP 	Sound  started
49.9101 	EXP 	text_4: text = '1'
49.9101 	EXP 	text_4: text = u'1'
50.8616 	EXP 	text_4: text = '0'
50.8616 	EXP 	text_4: text = u'0'
50.9243 	EXP 	Sound  started
51.8453 	EXP 	text_4: text = '9'
51.8453 	EXP 	text_4: text = u'9'
52.1311 	EXP 	Sound  started
52.8315 	EXP 	text_4: text = '8'
52.8315 	EXP 	text_4: text = u'8'
53.3397 	EXP 	Sound  started
53.9195 	EXP 	text_4: text = '7'
53.9195 	EXP 	text_4: text = u'7'
54.5722 	EXP 	Sound  started
54.8375 	EXP 	text_4: text = '6'
54.8375 	EXP 	text_4: text = u'6'
55.8041 	EXP 	text_4: text = '5'
55.8041 	EXP 	text_4: text = u'5'
55.8073 	EXP 	Sound  started
56.8203 	EXP 	text_4: text = '4'
56.8203 	EXP 	text_4: text = u'4'
57.0106 	EXP 	Sound  started
57.8045 	EXP 	text_4: text = '3'
57.8045 	EXP 	text_4: text = u'3'
58.2128 	EXP 	Sound  started
58.8219 	EXP 	text_4: text = '2'
58.8219 	EXP 	text_4: text = u'2'
59.4152 	EXP 	Sound  started
59.8220 	EXP 	text_4: text = '3'
59.8220 	EXP 	text_4: text = u'3'
60.8203 	EXP 	text_4: text = '4'
60.8203 	EXP 	text_4: text = u'4'
61.8404 	EXP 	text_4: text = '5'
61.8404 	EXP 	text_4: text = u'5'
62.8262 	EXP 	text_4: text = '6'
62.8262 	EXP 	text_4: text = u'6'
63.8219 	EXP 	text_4: text = '7'
63.8219 	EXP 	text_4: text = u'7'
64.8208 	EXP 	text_4: text = '8'
64.8208 	EXP 	text_4: text = u'8'
65.8211 	EXP 	text_4: text = '9'
65.8211 	EXP 	text_4: text = u'9'
66.8042 	EXP 	text_4: text = '0'
66.8042 	EXP 	text_4: text = u'0'
67.8202 	EXP 	text_4: text = '1'
67.8202 	EXP 	text_4: text = u'1'
68.8391 	EXP 	text_4: text = '2'
68.8391 	EXP 	text_4: text = u'2'
69.7178 	EXP 	Sound  started
69.8203 	EXP 	text_4: text = '3'
69.8203 	EXP 	text_4: text = u'3'
70.8223 	EXP 	text_4: text = '4'
70.8223 	EXP 	text_4: text = u'4'
71.1229 	EXP 	Sound  started
71.8036 	EXP 	text_4: text = '5'
71.8036 	EXP 	text_4: text = u'5'
72.5907 	EXP 	Sound  started
72.8898 	EXP 	text_4: text = '6'
72.8898 	EXP 	text_4: text = u'6'
73.8544 	EXP 	text_4: text = '7'
73.8544 	EXP 	text_4: text = u'7'
73.9951 	EXP 	Sound  started
74.8321 	EXP 	text_4: text = '8'
74.8321 	EXP 	text_4: text = u'8'
75.4493 	EXP 	Sound  started
75.9280 	EXP 	text_4: text = '9'
75.9280 	EXP 	text_4: text = u'9'
76.8631 	EXP 	Sound  started
76.8962 	EXP 	text_4: text = '0'
76.8962 	EXP 	text_4: text = u'0'
77.8492 	EXP 	text_4: text = '1'
77.8492 	EXP 	text_4: text = u'1'
78.2671 	EXP 	Sound  started
78.8350 	EXP 	text_4: text = '0'
78.8350 	EXP 	text_4: text = u'0'
79.6902 	EXP 	Sound  started
79.8380 	EXP 	text_4: text = '9'
79.8380 	EXP 	text_4: text = u'9'
80.8737 	EXP 	text_4: text = '8'
80.8737 	EXP 	text_4: text = u'8'
81.8428 	EXP 	text_4: text = '7'
81.8428 	EXP 	text_4: text = u'7'
82.8362 	EXP 	text_4: text = '6'
82.8362 	EXP 	text_4: text = u'6'
83.9008 	EXP 	text_4: text = '5'
83.9008 	EXP 	text_4: text = u'5'
84.8660 	EXP 	text_4: text = '4'
84.8660 	EXP 	text_4: text = u'4'
85.8339 	EXP 	text_4: text = '3'
85.8339 	EXP 	text_4: text = u'3'
86.9032 	EXP 	text_4: text = '2'
86.9032 	EXP 	text_4: text = u'2'
87.8755 	EXP 	text_4: text = '1'
87.8755 	EXP 	text_4: text = u'1'
88.8437 	EXP 	text_4: text = '0'
88.8437 	EXP 	text_4: text = u'0'
89.8118 	EXP 	text_4: text = '9'
89.8118 	EXP 	text_4: text = u'9'
90.8301 	EXP 	text_4: text = '8'
90.8301 	EXP 	text_4: text = u'8'
91.8281 	EXP 	text_4: text = '7'
91.8281 	EXP 	text_4: text = u'7'
92.8106 	EXP 	text_4: text = '6'
92.8106 	EXP 	text_4: text = u'6'
93.8443 	EXP 	text_4: text = '5'
93.8443 	EXP 	text_4: text = u'5'
94.8276 	EXP 	text_4: text = '4'
94.8276 	EXP 	text_4: text = u'4'
95.8106 	EXP 	text_4: text = '3'
95.8106 	EXP 	text_4: text = u'3'
96.8156 	EXP 	text_4: text = '2'
96.8156 	EXP 	text_4: text = u'2'
97.2165 	EXP 	Sound  started
97.8110 	EXP 	text_4: text = '1'
97.8110 	EXP 	text_4: text = u'1'
98.6191 	EXP 	Sound  started
98.8280 	EXP 	text_4: text = '2'
98.8280 	EXP 	text_4: text = u'2'
99.8264 	EXP 	text_4: text = '3'
99.8264 	EXP 	text_4: text = u'3'
100.0236 	EXP 	Sound  started
100.8290 	EXP 	text_4: text = '4'
100.8290 	EXP 	text_4: text = u'4'
101.4272 	EXP 	Sound  started
101.8109 	EXP 	text_4: text = '5'
101.8109 	EXP 	text_4: text = u'5'
102.7982 	EXP 	text_4: text = '6'
102.7982 	EXP 	text_4: text = u'6'
102.8294 	EXP 	Sound  started
103.8124 	EXP 	text_4: text = '7'
103.8124 	EXP 	text_4: text = u'7'
104.2335 	EXP 	Sound  started
104.8142 	EXP 	text_4: text = '8'
104.8142 	EXP 	text_4: text = u'8'
105.6464 	EXP 	Sound  started
105.8282 	EXP 	text_4: text = '9'
105.8282 	EXP 	text_4: text = u'9'
106.8108 	EXP 	text_4: text = '8'
106.8108 	EXP 	text_4: text = u'8'
107.0490 	EXP 	Sound  started
107.8289 	EXP 	text_4: text = '7'
107.8289 	EXP 	text_4: text = u'7'
108.4834 	EXP 	Sound  started
108.8309 	EXP 	text_4: text = '6'
108.8309 	EXP 	text_4: text = u'6'
109.8379 	EXP 	text_4: text = '5'
109.8379 	EXP 	text_4: text = u'5'
109.8890 	EXP 	Sound  started
110.8693 	EXP 	text_4: text = '4'
110.8693 	EXP 	text_4: text = u'4'
111.3212 	EXP 	Sound  started
111.8709 	EXP 	text_4: text = '3'
111.8709 	EXP 	text_4: text = u'3'
112.8131 	EXP 	Sound  started
112.8549 	EXP 	text_4: text = '2'
112.8549 	EXP 	text_4: text = u'2'
113.8778 	EXP 	text_4: text = '1'
113.8778 	EXP 	text_4: text = u'1'
114.2540 	EXP 	Sound  started
114.8799 	EXP 	text_4: text = '0'
114.8799 	EXP 	text_4: text = u'0'
115.8294 	EXP 	text_4: text = '1'
115.8294 	EXP 	text_4: text = u'1'
116.8499 	EXP 	text_4: text = '2'
116.8499 	EXP 	text_4: text = u'2'
117.8453 	EXP 	text_4: text = '3'
117.8453 	EXP 	text_4: text = u'3'
118.8439 	EXP 	text_4: text = '4'
118.8439 	EXP 	text_4: text = u'4'
119.8773 	EXP 	text_4: text = '5'
119.8773 	EXP 	text_4: text = u'5'
120.9124 	EXP 	text_4: text = '6'
120.9124 	EXP 	text_4: text = u'6'
121.8128 	EXP 	text_4: text = '7'
121.8128 	EXP 	text_4: text = u'7'
122.8654 	EXP 	text_4: text = '8'
122.8654 	EXP 	text_4: text = u'8'
123.9340 	EXP 	text_4: text = '9'
123.9340 	EXP 	text_4: text = u'9'
124.8222 	EXP 	text_4: text = '0'
124.8222 	EXP 	text_4: text = u'0'
125.8371 	EXP 	text_4: text = '1'
125.8371 	EXP 	text_4: text = u'1'
126.8387 	EXP 	text_4: text = '0'
126.8387 	EXP 	text_4: text = u'0'
127.8380 	EXP 	text_4: text = '9'
127.8380 	EXP 	text_4: text = u'9'
128.8041 	EXP 	text_4: text = '8'
128.8041 	EXP 	text_4: text = u'8'
129.8046 	EXP 	text_4: text = '7'
129.8046 	EXP 	text_4: text = u'7'
130.8054 	EXP 	text_4: text = '6'
130.8054 	EXP 	text_4: text = u'6'
131.8248 	EXP 	text_4: text = '5'
131.8248 	EXP 	text_4: text = u'5'
132.2151 	EXP 	Sound  started
132.8242 	EXP 	text_4: text = '4'
132.8242 	EXP 	text_4: text = u'4'
133.4212 	EXP 	Sound  started
133.8096 	EXP 	text_4: text = '3'
133.8096 	EXP 	text_4: text = u'3'
134.6251 	EXP 	Sound  started
134.9076 	EXP 	text_4: text = '4'
134.9076 	EXP 	text_4: text = u'4'
135.8405 	EXP 	text_4: text = '5'
135.8405 	EXP 	text_4: text = u'5'
135.8806 	EXP 	Sound  started
136.8403 	EXP 	text_4: text = '6'
136.8403 	EXP 	text_4: text = u'6'
137.1441 	EXP 	Sound  started
137.8957 	EXP 	text_4: text = '7'
137.8957 	EXP 	text_4: text = u'7'
138.3501 	EXP 	Sound  started
138.8611 	EXP 	text_4: text = '8'
138.8611 	EXP 	text_4: text = u'8'
139.5659 	EXP 	Sound  started
139.8608 	EXP 	text_4: text = '9'
139.8608 	EXP 	text_4: text = u'9'
140.7902 	EXP 	Sound  started
140.8286 	EXP 	text_4: text = '0'
140.8286 	EXP 	text_4: text = u'0'
141.8648 	EXP 	text_4: text = '1'
141.8648 	EXP 	text_4: text = u'1'
142.0176 	EXP 	Sound  started
142.8296 	EXP 	text_4: text = '2'
142.8296 	EXP 	text_4: text = u'2'
143.2335 	EXP 	Sound  started
143.8362 	EXP 	text_4: text = '1'
143.8362 	EXP 	text_4: text = u'1'
144.4890 	EXP 	Sound  started
144.8385 	EXP 	text_4: text = '0'
144.8385 	EXP 	text_4: text = u'0'
145.6985 	EXP 	Sound  started
145.8036 	EXP 	text_4: text = '9'
145.8036 	EXP 	text_4: text = u'9'
146.8027 	EXP 	text_4: text = '8'
146.8027 	EXP 	text_4: text = u'8'
146.9024 	EXP 	Sound  started
147.7861 	EXP 	text_4: text = '7'
147.7861 	EXP 	text_4: text = u'7'
148.1047 	EXP 	Sound  started
148.8209 	EXP 	text_4: text = '6'
148.8209 	EXP 	text_4: text = u'6'
149.3081 	EXP 	Sound  started
149.8036 	EXP 	text_4: text = '5'
149.8036 	EXP 	text_4: text = u'5'
150.8045 	EXP 	text_4: text = '4'
150.8045 	EXP 	text_4: text = u'4'
151.8234 	EXP 	text_4: text = '5'
151.8234 	EXP 	text_4: text = u'5'
152.8043 	EXP 	text_4: text = '6'
152.8043 	EXP 	text_4: text = u'6'
153.8073 	EXP 	text_4: text = '7'
153.8073 	EXP 	text_4: text = u'7'
154.8541 	EXP 	text_4: text = '8'
154.8541 	EXP 	text_4: text = u'8'
155.8876 	EXP 	text_4: text = '9'
155.8876 	EXP 	text_4: text = u'9'
156.8377 	EXP 	text_4: text = '0'
156.8377 	EXP 	text_4: text = u'0'
157.8405 	EXP 	text_4: text = '1'
157.8405 	EXP 	text_4: text = u'1'
158.8286 	EXP 	text_4: text = '2'
158.8286 	EXP 	text_4: text = u'2'
159.8981 	EXP 	text_4: text = '3'
159.8981 	EXP 	text_4: text = u'3'
160.8475 	EXP 	text_4: text = '4'
160.8475 	EXP 	text_4: text = u'4'
161.8347 	EXP 	text_4: text = '5'
161.8347 	EXP 	text_4: text = u'5'
162.9202 	EXP 	text_4: text = '4'
162.9202 	EXP 	text_4: text = u'4'
163.8734 	EXP 	text_4: text = '3'
163.8734 	EXP 	text_4: text = u'3'
164.8629 	EXP 	text_4: text = '2'
164.8629 	EXP 	text_4: text = u'2'
165.8279 	EXP 	text_4: text = '1'
165.8279 	EXP 	text_4: text = u'1'
166.8335 	EXP 	text_4: text = '0'
166.8335 	EXP 	text_4: text = u'0'
167.2134 	EXP 	Sound  started
167.8187 	EXP 	text_4: text = '9'
167.8187 	EXP 	text_4: text = u'9'
168.4476 	EXP 	Sound  started
168.7997 	EXP 	text_4: text = '8'
168.7997 	EXP 	text_4: text = u'8'
169.6510 	EXP 	Sound  started
169.8160 	EXP 	text_4: text = '7'
169.8160 	EXP 	text_4: text = u'7'
170.8161 	EXP 	text_4: text = '6'
170.8161 	EXP 	text_4: text = u'6'
170.8532 	EXP 	Sound  started
171.8332 	EXP 	text_4: text = '5'
171.8332 	EXP 	text_4: text = u'5'
172.0559 	EXP 	Sound  started
172.8157 	EXP 	text_4: text = '6'
172.8157 	EXP 	text_4: text = u'6'
173.2595 	EXP 	Sound  started
173.8156 	EXP 	text_4: text = '7'
173.8156 	EXP 	text_4: text = u'7'
174.4618 	EXP 	Sound  started
174.8851 	EXP 	text_4: text = '8'
174.8851 	EXP 	text_4: text = u'8'
175.6938 	EXP 	Sound  started
175.9235 	EXP 	text_4: text = '9'
175.9235 	EXP 	text_4: text = u'9'
176.9235 	EXP 	text_4: text = '0'
176.9235 	EXP 	text_4: text = u'0'
176.9776 	EXP 	Sound  started
177.8422 	EXP 	text_4: text = '1'
177.8422 	EXP 	text_4: text = u'1'
178.2305 	EXP 	Sound  started
178.8344 	EXP 	text_4: text = '2'
178.8344 	EXP 	text_4: text = u'2'
179.4368 	EXP 	Sound  started
179.8861 	EXP 	text_4: text = '1'
179.8861 	EXP 	text_4: text = u'1'
180.6415 	EXP 	Sound  started
180.8378 	EXP 	text_4: text = '0'
180.8378 	EXP 	text_4: text = u'0'
181.8208 	EXP 	text_4: text = '9'
181.8208 	EXP 	text_4: text = u'9'
181.8948 	EXP 	Sound  started
182.9053 	EXP 	text_4: text = '8'
182.9053 	EXP 	text_4: text = u'8'
183.1735 	EXP 	Sound  started
183.8546 	EXP 	text_4: text = '7'
183.8546 	EXP 	text_4: text = u'7'
184.3768 	EXP 	Sound  started
184.8382 	EXP 	text_4: text = '6'
184.8382 	EXP 	text_4: text = u'6'
185.8217 	EXP 	text_4: text = '5'
185.8217 	EXP 	text_4: text = u'5'
186.8051 	EXP 	text_4: text = '4'
186.8051 	EXP 	text_4: text = u'4'
187.8052 	EXP 	text_4: text = '3'
187.8052 	EXP 	text_4: text = u'3'
188.8213 	EXP 	text_4: text = '2'
188.8213 	EXP 	text_4: text = u'2'
189.8264 	EXP 	text_4: text = '3'
189.8264 	EXP 	text_4: text = u'3'
190.8049 	EXP 	text_4: text = '4'
190.8049 	EXP 	text_4: text = u'4'
191.8212 	EXP 	text_4: text = '5'
191.8212 	EXP 	text_4: text = u'5'
192.8202 	EXP 	text_4: text = '6'
192.8202 	EXP 	text_4: text = u'6'
193.8219 	EXP 	text_4: text = '7'
193.8219 	EXP 	text_4: text = u'7'
194.7150 	EXP 	Sound  started
194.8234 	EXP 	text_4: text = '8'
194.8234 	EXP 	text_4: text = u'8'
195.8059 	EXP 	text_4: text = '7'
195.8059 	EXP 	text_4: text = u'7'
196.1180 	EXP 	Sound  started
196.8214 	EXP 	text_4: text = '6'
196.8214 	EXP 	text_4: text = u'6'
197.5215 	EXP 	Sound  started
197.8223 	EXP 	text_4: text = '5'
197.8223 	EXP 	text_4: text = u'5'
198.8203 	EXP 	text_4: text = '4'
198.8203 	EXP 	text_4: text = u'4'
198.9245 	EXP 	Sound  started
199.8205 	EXP 	text_4: text = '3'
199.8205 	EXP 	text_4: text = u'3'
200.3273 	EXP 	Sound  started
200.8035 	EXP 	text_4: text = '2'
200.8035 	EXP 	text_4: text = u'2'
201.7303 	EXP 	Sound  started
201.8080 	EXP 	text_4: text = '1'
201.8080 	EXP 	text_4: text = u'1'
202.8786 	EXP 	text_4: text = '0'
202.8786 	EXP 	text_4: text = u'0'
203.1343 	EXP 	Sound  started
203.9288 	EXP 	text_4: text = '9'
203.9288 	EXP 	text_4: text = u'9'
204.5655 	EXP 	Sound  started
204.8976 	EXP 	text_4: text = '8'
204.8976 	EXP 	text_4: text = u'8'
205.8604 	EXP 	text_4: text = '7'
205.8604 	EXP 	text_4: text = u'7'
206.8380 	EXP 	text_4: text = '6'
206.8380 	EXP 	text_4: text = u'6'
207.9057 	EXP 	text_4: text = '5'
207.9057 	EXP 	text_4: text = u'5'
208.8416 	EXP 	text_4: text = '4'
208.8416 	EXP 	text_4: text = u'4'
209.8965 	EXP 	text_4: text = '3'
209.8965 	EXP 	text_4: text = u'3'
210.9253 	EXP 	text_4: text = '2'
210.9253 	EXP 	text_4: text = u'2'
211.8562 	EXP 	text_4: text = '1'
211.8562 	EXP 	text_4: text = u'1'
212.8427 	EXP 	text_4: text = '0'
212.8427 	EXP 	text_4: text = u'0'
213.8790 	EXP 	text_4: text = '9'
213.8790 	EXP 	text_4: text = u'9'
214.7130 	EXP 	Sound  started
214.9279 	EXP 	text_4: text = '8'
214.9279 	EXP 	text_4: text = u'8'
215.8788 	EXP 	text_4: text = '7'
215.8788 	EXP 	text_4: text = u'7'
216.1147 	EXP 	Sound  started
216.8308 	EXP 	text_4: text = '6'
216.8308 	EXP 	text_4: text = u'6'
217.5390 	EXP 	Sound  started
217.8342 	EXP 	text_4: text = '5'
217.8342 	EXP 	text_4: text = u'5'
218.8695 	EXP 	text_4: text = '4'
218.8695 	EXP 	text_4: text = u'4'
218.9889 	EXP 	Sound  started
219.8399 	EXP 	text_4: text = '3'
219.8399 	EXP 	text_4: text = u'3'
220.3979 	EXP 	Sound  started
220.8069 	EXP 	text_4: text = '4'
220.8069 	EXP 	text_4: text = u'4'
221.8078 	EXP 	text_4: text = '5'
221.8078 	EXP 	text_4: text = u'5'
221.8108 	EXP 	Sound  started
222.8131 	EXP 	text_4: text = '6'
222.8131 	EXP 	text_4: text = u'6'
223.2330 	EXP 	Sound  started
223.8258 	EXP 	text_4: text = '7'
223.8258 	EXP 	text_4: text = u'7'
224.6484 	EXP 	Sound  started
224.8069 	EXP 	text_4: text = '8'
224.8069 	EXP 	text_4: text = u'8'
225.8080 	EXP 	text_4: text = '9'
225.8080 	EXP 	text_4: text = u'9'
226.8077 	EXP 	text_4: text = '0'
226.8077 	EXP 	text_4: text = u'0'
227.8096 	EXP 	text_4: text = '1'
227.8096 	EXP 	text_4: text = u'1'
228.8094 	EXP 	text_4: text = '2'
228.8094 	EXP 	text_4: text = u'2'
229.8323 	EXP 	text_4: text = '3'
229.8323 	EXP 	text_4: text = u'3'
230.8083 	EXP 	text_4: text = '2'
230.8083 	EXP 	text_4: text = u'2'
231.8264 	EXP 	text_4: text = '1'
231.8264 	EXP 	text_4: text = u'1'
232.8090 	EXP 	text_4: text = '0'
232.8090 	EXP 	text_4: text = u'0'
233.8248 	EXP 	text_4: text = '9'
233.8248 	EXP 	text_4: text = u'9'
234.7137 	EXP 	Sound  started
234.8085 	EXP 	text_4: text = '8'
234.8085 	EXP 	text_4: text = u'8'
235.8277 	EXP 	text_4: text = '7'
235.8277 	EXP 	text_4: text = u'7'
236.1170 	EXP 	Sound  started
236.8084 	EXP 	text_4: text = '6'
236.8084 	EXP 	text_4: text = u'6'
237.5212 	EXP 	Sound  started
237.9000 	EXP 	text_4: text = '5'
237.9000 	EXP 	text_4: text = u'5'
238.8363 	EXP 	text_4: text = '4'
238.8363 	EXP 	text_4: text = u'4'
238.9890 	EXP 	Sound  started
239.8397 	EXP 	text_4: text = '5'
239.8397 	EXP 	text_4: text = u'5'
240.4061 	EXP 	Sound  started
240.8423 	EXP 	text_4: text = '6'
240.8423 	EXP 	text_4: text = u'6'
241.8297 	EXP 	text_4: text = '7'
241.8297 	EXP 	text_4: text = u'7'
241.8665 	EXP 	Sound  started
242.8326 	EXP 	text_4: text = '8'
242.8326 	EXP 	text_4: text = u'8'
243.3067 	EXP 	Sound  started
243.8687 	EXP 	text_4: text = '9'
243.8687 	EXP 	text_4: text = u'9'
244.8583 	EXP 	text_4: text = '0'
244.8583 	EXP 	text_4: text = u'0'
245.8930 	EXP 	text_4: text = '1'
245.8930 	EXP 	text_4: text = u'1'
246.9124 	EXP 	text_4: text = '2'
246.9124 	EXP 	text_4: text = u'2'
247.8501 	EXP 	text_4: text = '3'
247.8501 	EXP 	text_4: text = u'3'
248.8318 	EXP 	text_4: text = '4'
248.8318 	EXP 	text_4: text = u'4'
249.8818 	EXP 	text_4: text = '5'
249.8818 	EXP 	text_4: text = u'5'
250.8187 	EXP 	text_4: text = '6'
250.8187 	EXP 	text_4: text = u'6'
251.8868 	EXP 	text_4: text = '7'
251.8868 	EXP 	text_4: text = u'7'
252.8420 	EXP 	text_4: text = '8'
252.8420 	EXP 	text_4: text = u'8'
253.8259 	EXP 	text_4: text = '7'
253.8259 	EXP 	text_4: text = u'7'
254.8306 	EXP 	text_4: text = '6'
254.8306 	EXP 	text_4: text = u'6'
255.8147 	EXP 	text_4: text = '5'
255.8147 	EXP 	text_4: text = u'5'
256.8162 	EXP 	text_4: text = '4'
256.8162 	EXP 	text_4: text = u'4'
257.7980 	EXP 	text_4: text = '3'
257.7980 	EXP 	text_4: text = u'3'
258.8159 	EXP 	text_4: text = '2'
258.8159 	EXP 	text_4: text = u'2'
259.8133 	EXP 	text_4: text = '1'
259.8133 	EXP 	text_4: text = u'1'
260.7977 	EXP 	text_4: text = '0'
260.7977 	EXP 	text_4: text = u'0'
261.7972 	EXP 	text_4: text = '9'
261.7972 	EXP 	text_4: text = u'9'
262.2108 	EXP 	Sound  started
262.8184 	EXP 	text_4: text = '8'
262.8184 	EXP 	text_4: text = u'8'
263.4123 	EXP 	Sound  started
263.8039 	EXP 	text_4: text = '7'
263.8039 	EXP 	text_4: text = u'7'
264.6150 	EXP 	Sound  started
264.7998 	EXP 	text_4: text = '6'
264.7998 	EXP 	text_4: text = u'6'
265.8188 	EXP 	text_4: text = '5'
265.8188 	EXP 	text_4: text = u'5'
265.8226 	EXP 	Sound  started
266.7998 	EXP 	text_4: text = '4'
266.7998 	EXP 	text_4: text = u'4'
267.0338 	EXP 	Sound  started
267.7992 	EXP 	text_4: text = '3'
267.7992 	EXP 	text_4: text = u'3'
268.2457 	EXP 	Sound  started
268.8158 	EXP 	text_4: text = '2'
268.8158 	EXP 	text_4: text = u'2'
269.4487 	EXP 	Sound  started
269.8006 	EXP 	text_4: text = '1'
269.8006 	EXP 	text_4: text = u'1'
270.6559 	EXP 	Sound  started
270.8170 	EXP 	text_4: text = '0'
270.8170 	EXP 	text_4: text = u'0'
271.8174 	EXP 	text_4: text = '9'
271.8174 	EXP 	text_4: text = u'9'
271.8586 	EXP 	Sound  started
272.8346 	EXP 	text_4: text = '8'
272.8346 	EXP 	text_4: text = u'8'
273.1371 	EXP 	Sound  started
273.8356 	EXP 	text_4: text = '7'
273.8356 	EXP 	text_4: text = u'7'
274.3397 	EXP 	Sound  started
274.8354 	EXP 	text_4: text = '6'
274.8354 	EXP 	text_4: text = u'6'
275.5953 	EXP 	Sound  started
275.8719 	EXP 	text_4: text = '7'
275.8719 	EXP 	text_4: text = u'7'
276.8183 	EXP 	Sound  started
276.8556 	EXP 	text_4: text = '8'
276.8556 	EXP 	text_4: text = u'8'
277.8744 	EXP 	text_4: text = '9'
277.8744 	EXP 	text_4: text = u'9'
278.0298 	EXP 	Sound  started
278.8419 	EXP 	text_4: text = '0'
278.8419 	EXP 	text_4: text = u'0'
279.2994 	EXP 	Sound  started
279.8680 	EXP 	text_4: text = '1'
279.8680 	EXP 	text_4: text = u'1'
280.8711 	EXP 	text_4: text = '2'
280.8711 	EXP 	text_4: text = u'2'
281.9027 	EXP 	text_4: text = '3'
281.9027 	EXP 	text_4: text = u'3'
282.8879 	EXP 	text_4: text = '4'
282.8879 	EXP 	text_4: text = u'4'
283.8375 	EXP 	text_4: text = '5'
283.8375 	EXP 	text_4: text = u'5'
284.8738 	EXP 	text_4: text = '4'
284.8738 	EXP 	text_4: text = u'4'
285.8091 	EXP 	text_4: text = '3'
285.8091 	EXP 	text_4: text = u'3'
286.8620 	EXP 	text_4: text = '2'
286.8620 	EXP 	text_4: text = u'2'
287.8815 	EXP 	text_4: text = '1'
287.8815 	EXP 	text_4: text = u'1'
288.8684 	EXP 	text_4: text = '0'
288.8684 	EXP 	text_4: text = u'0'
289.8383 	EXP 	text_4: text = '9'
289.8383 	EXP 	text_4: text = u'9'
290.8197 	EXP 	text_4: text = '8'
290.8197 	EXP 	text_4: text = u'8'
291.8376 	EXP 	text_4: text = '7'
291.8376 	EXP 	text_4: text = u'7'
292.8214 	EXP 	text_4: text = '6'
292.8214 	EXP 	text_4: text = u'6'
293.8035 	EXP 	text_4: text = '5'
293.8035 	EXP 	text_4: text = u'5'
294.8027 	EXP 	text_4: text = '6'
294.8027 	EXP 	text_4: text = u'6'
295.8051 	EXP 	text_4: text = '7'
295.8051 	EXP 	text_4: text = u'7'
296.8215 	EXP 	text_4: text = '8'
296.8215 	EXP 	text_4: text = u'8'
297.2091 	EXP 	Sound  started
297.8265 	EXP 	text_4: text = '9'
297.8265 	EXP 	text_4: text = u'9'
298.4132 	EXP 	Sound  started
298.8059 	EXP 	text_4: text = '0'
298.8059 	EXP 	text_4: text = u'0'
299.6170 	EXP 	Sound  started
299.8718 	EXP 	text_4: text = '1'
299.8718 	EXP 	text_4: text = u'1'
300.8280 	EXP 	text_4: text = '0'
300.8280 	EXP 	text_4: text = u'0'
300.8614 	EXP 	Sound  started
301.8412 	EXP 	text_4: text = '9'
301.8412 	EXP 	text_4: text = u'9'
302.0788 	EXP 	Sound  started
302.9266 	EXP 	text_4: text = '8'
302.9266 	EXP 	text_4: text = u'8'
303.2812 	EXP 	Sound  started
303.8595 	EXP 	text_4: text = '7'
303.8595 	EXP 	text_4: text = u'7'
304.4846 	EXP 	Sound  started
304.8267 	EXP 	text_4: text = '6'
304.8267 	EXP 	text_4: text = u'6'
305.7111 	EXP 	Sound  started
305.8491 	EXP 	text_4: text = '5'
305.8491 	EXP 	text_4: text = u'5'
306.8813 	EXP 	text_4: text = '4'
306.8813 	EXP 	text_4: text = u'4'
306.9178 	EXP 	Sound  started
307.8513 	EXP 	text_4: text = '3'
307.8513 	EXP 	text_4: text = u'3'
308.1248 	EXP 	Sound  started
308.8226 	EXP 	text_4: text = '2'
308.8226 	EXP 	text_4: text = u'2'
309.3435 	EXP 	Sound  started
309.8257 	EXP 	text_4: text = '1'
309.8257 	EXP 	text_4: text = u'1'
310.5612 	EXP 	Sound  started
310.8255 	EXP 	text_4: text = '0'
310.8255 	EXP 	text_4: text = u'0'
311.8138 	EXP 	text_4: text = '9'
311.8138 	EXP 	text_4: text = u'9'
311.8158 	EXP 	Sound  started
312.8087 	EXP 	text_4: text = '8'
312.8087 	EXP 	text_4: text = u'8'
313.0180 	EXP 	Sound  started
313.8257 	EXP 	text_4: text = '7'
313.8257 	EXP 	text_4: text = u'7'
314.2188 	EXP 	Sound  started
314.8089 	EXP 	text_4: text = '6'
314.8089 	EXP 	text_4: text = u'6'
315.8087 	EXP 	text_4: text = '5'
315.8087 	EXP 	text_4: text = u'5'
316.8098 	EXP 	text_4: text = '4'
316.8098 	EXP 	text_4: text = u'4'
317.8098 	EXP 	text_4: text = '3'
317.8098 	EXP 	text_4: text = u'3'
318.7955 	EXP 	text_4: text = '2'
318.7955 	EXP 	text_4: text = u'2'
319.8769 	EXP 	text_4: text = '1'
319.8769 	EXP 	text_4: text = u'1'
320.8264 	EXP 	text_4: text = '0'
320.8264 	EXP 	text_4: text = u'0'
321.8088 	EXP 	text_4: text = '9'
321.8088 	EXP 	text_4: text = u'9'
322.8784 	EXP 	text_4: text = '8'
322.8784 	EXP 	text_4: text = u'8'
323.8488 	EXP 	text_4: text = '9'
323.8488 	EXP 	text_4: text = u'9'
324.8144 	EXP 	text_4: text = '0'
324.8144 	EXP 	text_4: text = u'0'
325.8820 	EXP 	text_4: text = '1'
325.8820 	EXP 	text_4: text = u'1'
326.8535 	EXP 	text_4: text = '2'
326.8535 	EXP 	text_4: text = u'2'
327.8334 	EXP 	text_4: text = '3'
327.8334 	EXP 	text_4: text = u'3'
328.8162 	EXP 	text_4: text = '4'
328.8162 	EXP 	text_4: text = u'4'
329.8336 	EXP 	text_4: text = '5'
329.8336 	EXP 	text_4: text = u'5'
330.8164 	EXP 	text_4: text = '6'
330.8164 	EXP 	text_4: text = u'6'
331.8181 	EXP 	text_4: text = '5'
331.8181 	EXP 	text_4: text = u'5'
332.2091 	EXP 	Sound  started
332.8167 	EXP 	text_4: text = '4'
332.8167 	EXP 	text_4: text = u'4'
333.6164 	EXP 	Sound  started
333.8352 	EXP 	text_4: text = '3'
333.8352 	EXP 	text_4: text = u'3'
334.8001 	EXP 	text_4: text = '2'
334.8001 	EXP 	text_4: text = u'2'
335.0195 	EXP 	Sound  started
335.7993 	EXP 	text_4: text = '1'
335.7993 	EXP 	text_4: text = u'1'
336.4375 	EXP 	Sound  started
336.8004 	EXP 	text_4: text = '0'
336.8004 	EXP 	text_4: text = u'0'
337.8002 	EXP 	text_4: text = '9'
337.8002 	EXP 	text_4: text = u'9'
337.8394 	EXP 	Sound  started
338.8180 	EXP 	text_4: text = '8'
338.8180 	EXP 	text_4: text = u'8'
339.2421 	EXP 	Sound  started
339.8543 	EXP 	text_4: text = '7'
339.8543 	EXP 	text_4: text = u'7'
340.7110 	EXP 	Sound  started
340.9065 	EXP 	text_4: text = '6'
340.9065 	EXP 	text_4: text = u'6'
341.8397 	EXP 	text_4: text = '5'
341.8397 	EXP 	text_4: text = u'5'
342.1534 	EXP 	Sound  started
342.8456 	EXP 	text_4: text = '4'
342.8456 	EXP 	text_4: text = u'4'
343.6145 	EXP 	Sound  started
343.8689 	EXP 	text_4: text = '3'
343.8689 	EXP 	text_4: text = u'3'
344.8013 	EXP 	text_4: text = '2'
344.8013 	EXP 	text_4: text = u'2'
345.0174 	EXP 	Sound  started
345.8018 	EXP 	text_4: text = '1'
345.8018 	EXP 	text_4: text = u'1'
346.4439 	EXP 	Sound  started
346.9032 	EXP 	text_4: text = '0'
346.9032 	EXP 	text_4: text = u'0'
347.8735 	EXP 	Sound  started
347.9058 	EXP 	text_4: text = '9'
347.9058 	EXP 	text_4: text = u'9'
348.8436 	EXP 	text_4: text = '8'
348.8436 	EXP 	text_4: text = u'8'
349.3308 	EXP 	Sound  started
349.7972 	EXP 	text_4: text = '7'
349.7972 	EXP 	text_4: text = u'7'
350.7950 	EXP 	text_4: text = '6'
350.7950 	EXP 	text_4: text = u'6'
351.8285 	EXP 	text_4: text = '5'
351.8285 	EXP 	text_4: text = u'5'
352.7967 	EXP 	text_4: text = '4'
352.7967 	EXP 	text_4: text = u'4'
353.8120 	EXP 	text_4: text = '3'
353.8120 	EXP 	text_4: text = u'3'
354.7959 	EXP 	text_4: text = '2'
354.7959 	EXP 	text_4: text = u'2'
355.7954 	EXP 	text_4: text = '1'
355.7954 	EXP 	text_4: text = u'1'
356.8126 	EXP 	text_4: text = '0'
356.8126 	EXP 	text_4: text = u'0'
357.8176 	EXP 	text_4: text = '1'
357.8176 	EXP 	text_4: text = u'1'
358.8122 	EXP 	text_4: text = '2'
358.8122 	EXP 	text_4: text = u'2'
359.7320 	EXP 	end_text: autoDraw = True
374.4184 	DATA 	Keypress: space
