11.0766 	EXP 	Created window1 = Window(allowGUI=False, allowStencil=False, autoLog=True, bitsMode=UNKNOWN, blendMode='avg', color=array([ 0.,  0.,  0.]), colorSpace='rgb', fullscr=UNKNOWN, gamma=None, lms=UNKNOWN, monitor=<psychopy.monitors.calibTools.Monitor instance at 0x08895EB8>, name='window1', pos=[0, 0], screen=0, size=array([1440,  900]), stereo=False, units=u'norm', useFBO=True, viewOri=0.0, viewPos=None, viewScale=None, waitBlanking=True, winType='pyglet')
11.0767 	EXP 	window1: recordFrameIntervals = False
11.2405 	EXP 	window1: recordFrameIntervals = True
11.4244 	EXP 	window1: recordFrameIntervals = False
11.6937 	EXP 	Created text_ask_for_version = TextStim(alignHoriz='center', alignVert='center', antialias=True, autoLog=True, bold=False, color='white', colorSpace='named', contrast=1.0, depth=0.0, flipHoriz=False, flipVert=False, font='Arial', fontFiles=[], height=0.1, italic=False, name='text_ask_for_version', opacity=1.0, ori=0, pos=array([ 0.,  0.]), rgb=array([ 255.,  255.,  255.]), text=unicode(...), units=u'norm', win=Window(...), wrapWidth=1)
11.7424 	EXP 	Created text_ask_for_flip = TextStim(alignHoriz='center', alignVert='center', antialias=True, autoLog=True, bold=False, color=u'white', colorSpace='named', contrast=1.0, depth=0.0, flipHoriz=False, flipVert=False, font=u'Arial', fontFiles=[], height=0.1, italic=False, name='text_ask_for_flip', opacity=1.0, ori=0, pos=array([ 0.,  0.]), rgb=array([ 255.,  255.,  255.]), text=unicode(...), units=u'norm', win=Window(...), wrapWidth=1)
12.0819 	EXP 	Set  sound=stim/audio_40Hz_L.wav
12.0835 	EXP 	Set  sound=stim/audio_55Hz_L.wav
12.0844 	EXP 	Set  sound=stim/audio_40Hz_R.wav
12.0859 	EXP 	Set  sound=stim/audio_55Hz_R.wav
12.0860 	EXP 	Set Sound  volume=1.000
12.0860 	EXP 	Set Sound  volume=1.000
12.0860 	EXP 	Set Sound  volume=1.000
12.0860 	EXP 	Set Sound  volume=1.000
12.1699 	EXP 	Created select_eeg_system = TextStim(alignHoriz='center', alignVert='center', antialias=True, autoLog=True, bold=False, color='white', colorSpace='named', contrast=1.0, depth=-1.0, flipHoriz=False, flipVert=False, font='Arial', fontFiles=[], height=0.1, italic=False, name='select_eeg_system', opacity=1.0, ori=0, pos=array([ 0.,  0.]), rgb=array([ 255.,  255.,  255.]), text=unicode(...), units=u'norm', win=Window(...), wrapWidth=1)
12.2387 	EXP 	Created instr_text = TextStim(alignHoriz='center', alignVert='center', antialias=True, autoLog=True, bold=False, color=u'white', colorSpace='named', contrast=1.0, depth=-1.0, flipHoriz=False, flipVert=False, font=u'Arial', fontFiles=[], height=0.1, italic=False, name='instr_text', opacity=1.0, ori=0, pos=array([ 0.,  0.]), rgb=array([ 255.,  255.,  255.]), text=unicode(...), units=u'norm', win=Window(...), wrapWidth=1)
12.2735 	EXP 	Created end_text = TextStim(alignHoriz='center', alignVert='center', antialias=True, autoLog=True, bold=False, color='white', colorSpace='named', contrast=1.0, depth=0.0, flipHoriz=False, flipVert=False, font='Arial', fontFiles=[], height=0.1, italic=False, name='end_text', opacity=1.0, ori=0, pos=array([ 0.,  0.]), rgb=array([ 255.,  255.,  255.]), text=u'This was the end - Thank you!', units=u'norm', win=Window(...), wrapWidth=1)
12.2917 	EXP 	text_ask_for_version: autoDraw = True
13.1258 	DATA 	Keypress: 1
13.1569 	EXP 	text_ask_for_version: autoDraw = False
13.1569 	EXP 	text_ask_for_flip: autoDraw = True
14.4095 	DATA 	Keypress: 2
14.4209 	EXP 	Created text_4 = TextStim(alignHoriz='center', alignVert='center', antialias=True, autoLog=True, bold=False, color=u'red', colorSpace='named', contrast=1.0, depth=0.0, flipHoriz=False, flipVert=False, font=u'Arial', fontFiles=[], height=0.1, italic=False, name='text_4', opacity=1.0, ori=0, pos=array([ 0.,  0.]), rgb=array([ 255.,    0.,    0.]), text=u'0', units=u'norm', win=Window(...), wrapWidth=1)
14.4433 	EXP 	text_ask_for_flip: autoDraw = False
14.4433 	EXP 	select_eeg_system: autoDraw = True
15.2792 	DATA 	Keypress: 1
15.2934 	EXP 	select_eeg_system: autoDraw = False
15.3297 	EXP 	instr_text: autoDraw = True
17.3516 	DATA 	Keypress: space
17.4268 	EXP 	Created unnamed PatchStim = PatchStim(autoDraw=False, autoLog=True, color=array([-0.25, -0.25, -0.25]), colorSpace='rgb', contrast=1.0, depth=0, interpolate=False, mask='circle', maskParams=None, name='unnamed PatchStim', opacity=1.0, ori=0.0, phase=array([ 0.,  0.]), pos=array([ 0.,  0.]), rgbPedestal=array([ 0.,  0.,  0.]), sf=array([ 1.,  1.]), size=array([ 0.12,  0.12]), tex=None, texRes=128, units=u'norm', win=Window(...))
17.4522 	EXP 	instr_text: autoDraw = False
17.9177 	DATA 	Keypress: space
18.1098 	DATA 	Keypress: space
18.4293 	DATA 	Keypress: space
18.5534 	EXP 	text_4: text = '1'
18.5534 	EXP 	text_4: text = u'1'
18.6943 	DATA 	Keypress: space
19.5185 	EXP 	text_4: text = '2'
19.5185 	EXP 	text_4: text = u'2'
20.2055 	DATA 	Keypress: escape
