10.5825 	EXP 	Created window1 = Window(allowGUI=False, allowStencil=False, autoLog=True, bitsMode=UNKNOWN, blendMode='avg', color=array([ 0.,  0.,  0.]), colorSpace='rgb', fullscr=UNKNOWN, gamma=None, lms=UNKNOWN, monitor=<psychopy.monitors.calibTools.Monitor instance at 0x088AFB98>, name='window1', pos=[0, 0], screen=0, size=array([1920, 1200]), stereo=False, units=u'norm', useFBO=True, viewOri=0.0, viewPos=None, viewScale=None, waitBlanking=True, winType='pyglet')
10.5827 	EXP 	window1: recordFrameIntervals = False
10.9195 	EXP 	window1: recordFrameIntervals = True
11.0629 	WARNING 	t of last frame was 40.75ms (=1/24)
11.7616 	WARNING 	t of last frame was 42.91ms (=1/23)
13.4993 	EXP 	window1: recordFrameIntervals = False
14.0354 	EXP 	Set  sound=stim/audio_40Hz_L.wav
14.0371 	EXP 	Set  sound=stim/audio_55Hz_L.wav
14.0386 	EXP 	Set  sound=stim/audio_40Hz_R.wav
14.0404 	EXP 	Set  sound=stim/audio_55Hz_R.wav
14.0405 	EXP 	Set Sound  volume=1.000
14.0405 	EXP 	Set Sound  volume=1.000
14.0405 	EXP 	Set Sound  volume=1.000
14.0405 	EXP 	Set Sound  volume=1.000
14.2862 	EXP 	Created text_4 = TextStim(alignHoriz='center', alignVert='center', antialias=True, autoLog=True, bold=False, color=u'white', colorSpace='named', contrast=1.0, depth=0.0, flipHoriz=False, flipVert=False, font=u'Arial', fontFiles=[], height=0.1, italic=False, name='text_4', opacity=1.0, ori=0, pos=array([ 0.,  0.]), rgb=array([ 255.,  255.,  255.]), text=u'X', units=u'norm', win=Window(...), wrapWidth=1)
14.5255 	EXP 	Created select_eeg_system = TextStim(alignHoriz='center', alignVert='center', antialias=True, autoLog=True, bold=False, color=u'white', colorSpace='named', contrast=1.0, depth=-1.0, flipHoriz=False, flipVert=False, font=u'Arial', fontFiles=[], height=0.1, italic=False, name='select_eeg_system', opacity=1.0, ori=0, pos=array([ 0.,  0.]), rgb=array([ 255.,  255.,  255.]), text=unicode(...), units=u'norm', win=Window(...), wrapWidth=1)
14.6080 	EXP 	Created instr_text = TextStim(alignHoriz='center', alignVert='center', antialias=True, autoLog=True, bold=False, color='white', colorSpace='named', contrast=1.0, depth=0.0, flipHoriz=False, flipVert=False, font='Arial', fontFiles=[], height=0.1, italic=False, name='instr_text', opacity=1.0, ori=0, pos=array([ 0.,  0.]), rgb=array([ 255.,  255.,  255.]), text=u'Try to keep focusing on the crosshair!', units=u'norm', win=Window(...), wrapWidth=1)
14.6547 	EXP 	Created unnamed PatchStim = PatchStim(autoDraw=False, autoLog=True, color=array([-0.5, -0.5, -0.5]), colorSpace='rgb', contrast=1.0, depth=0, interpolate=False, mask='circle', maskParams=None, name='unnamed PatchStim', opacity=1.0, ori=0.0, phase=array([ 0.,  0.]), pos=array([ 0.,  0.]), rgbPedestal=array([ 0.,  0.,  0.]), sf=array([ 1.,  1.]), size=array([ 0.1,  0.1]), tex=None, texRes=128, units=u'norm', win=Window(...))
14.7136 	EXP 	Created end_text = TextStim(alignHoriz='center', alignVert='center', antialias=True, autoLog=True, bold=False, color='white', colorSpace='named', contrast=1.0, depth=0.0, flipHoriz=False, flipVert=False, font='Arial', fontFiles=[], height=0.1, italic=False, name='end_text', opacity=1.0, ori=0, pos=array([ 0.,  0.]), rgb=array([ 255.,  255.,  255.]), text=u'This was the end - Thank you!', units=u'norm', win=Window(...), wrapWidth=1)
14.7552 	EXP 	select_eeg_system: autoDraw = True
23.7453 	DATA 	Keypress: 2
23.7780 	EXP 	select_eeg_system: autoDraw = False
23.7780 	EXP 	instr_text: autoDraw = True
24.8300 	DATA 	Keypress: escape
