8.2313 	EXP 	Created window1 = Window(allowGUI=False, allowStencil=False, autoLog=True, bitsMode=UNKNOWN, blendMode='avg', color=array([ 0.,  0.,  0.]), colorSpace='rgb', fullscr=UNKNOWN, gamma=None, lms=UNKNOWN, monitor=<psychopy.monitors.calibTools.Monitor instance at 0x0886EDF0>, name='window1', pos=[0, 0], screen=0, size=array([1440,  900]), stereo=False, units=u'norm', useFBO=True, viewOri=0.0, viewPos=None, viewScale=None, waitBlanking=True, winType='pyglet')
8.2313 	EXP 	window1: recordFrameIntervals = False
8.3952 	EXP 	window1: recordFrameIntervals = True
8.4411 	WARNING 	t of last frame was 29.09ms (=1/34)
8.4616 	WARNING 	t of last frame was 20.52ms (=1/48)
8.6291 	EXP 	window1: recordFrameIntervals = False
8.9147 	EXP 	Created text_ask_for_version = TextStim(alignHoriz='center', alignVert='center', antialias=True, autoLog=True, bold=False, color='white', colorSpace='named', contrast=1.0, depth=0.0, flipHoriz=False, flipVert=False, font='Arial', fontFiles=[], height=0.1, italic=False, name='text_ask_for_version', opacity=1.0, ori=0, pos=array([ 0.,  0.]), rgb=array([ 255.,  255.,  255.]), text=unicode(...), units=u'norm', win=Window(...), wrapWidth=1)
9.2853 	EXP 	Set  sound=stim/audio_40Hz_L.wav
9.2873 	EXP 	Set  sound=stim/audio_55Hz_L.wav
9.2884 	EXP 	Set  sound=stim/audio_40Hz_R.wav
9.2903 	EXP 	Set  sound=stim/audio_55Hz_R.wav
9.2904 	EXP 	Set Sound  volume=1.000
9.2904 	EXP 	Set Sound  volume=1.000
9.2904 	EXP 	Set Sound  volume=1.000
9.2904 	EXP 	Set Sound  volume=1.000
9.3774 	EXP 	Created select_eeg_system = TextStim(alignHoriz='center', alignVert='center', antialias=True, autoLog=True, bold=False, color='white', colorSpace='named', contrast=1.0, depth=-1.0, flipHoriz=False, flipVert=False, font='Arial', fontFiles=[], height=0.1, italic=False, name='select_eeg_system', opacity=1.0, ori=0, pos=array([ 0.,  0.]), rgb=array([ 255.,  255.,  255.]), text=unicode(...), units=u'norm', win=Window(...), wrapWidth=1)
9.4481 	EXP 	Created instr_text = TextStim(alignHoriz='center', alignVert='center', antialias=True, autoLog=True, bold=False, color=u'white', colorSpace='named', contrast=1.0, depth=-1.0, flipHoriz=False, flipVert=False, font=u'Arial', fontFiles=[], height=0.1, italic=False, name='instr_text', opacity=1.0, ori=0, pos=array([ 0.,  0.]), rgb=array([ 255.,  255.,  255.]), text=unicode(...), units=u'norm', win=Window(...), wrapWidth=1)
9.4852 	EXP 	Created end_text = TextStim(alignHoriz='center', alignVert='center', antialias=True, autoLog=True, bold=False, color='white', colorSpace='named', contrast=1.0, depth=0.0, flipHoriz=False, flipVert=False, font='Arial', fontFiles=[], height=0.1, italic=False, name='end_text', opacity=1.0, ori=0, pos=array([ 0.,  0.]), rgb=array([ 255.,  255.,  255.]), text=u'This was the end - Thank you!', units=u'norm', win=Window(...), wrapWidth=1)
9.5119 	EXP 	text_ask_for_version: autoDraw = True
10.3777 	DATA 	Keypress: 1
10.3895 	EXP 	Created text_4 = TextStim(alignHoriz='center', alignVert='center', antialias=True, autoLog=True, bold=False, color=u'red', colorSpace='named', contrast=1.0, depth=0.0, flipHoriz=False, flipVert=False, font=u'Arial', fontFiles=[], height=0.1, italic=False, name='text_4', opacity=1.0, ori=0, pos=array([ 0.,  0.]), rgb=array([ 255.,    0.,    0.]), text=u'0', units=u'norm', win=Window(...), wrapWidth=1)
10.4099 	EXP 	text_ask_for_version: autoDraw = False
10.4099 	EXP 	select_eeg_system: autoDraw = True
10.6277 	DATA 	Keypress: 1
10.6441 	EXP 	select_eeg_system: autoDraw = False
10.6441 	EXP 	instr_text: autoDraw = True
11.3696 	DATA 	Keypress: space
11.4294 	EXP 	Created unnamed PatchStim = PatchStim(autoDraw=False, autoLog=True, color=array([-0.25, -0.25, -0.25]), colorSpace='rgb', contrast=1.0, depth=0, interpolate=False, mask='circle', maskParams=None, name='unnamed PatchStim', opacity=1.0, ori=0.0, phase=array([ 0.,  0.]), pos=array([ 0.,  0.]), rgbPedestal=array([ 0.,  0.,  0.]), sf=array([ 1.,  1.]), size=array([ 0.12,  0.12]), tex=None, texRes=128, units=u'norm', win=Window(...))
11.4628 	EXP 	instr_text: autoDraw = False
12.5291 	EXP 	text_4: text = '1'
12.5291 	EXP 	text_4: text = u'1'
13.5293 	EXP 	text_4: text = '2'
13.5293 	EXP 	text_4: text = u'2'
14.5142 	EXP 	text_4: text = '3'
14.5142 	EXP 	text_4: text = u'3'
15.5230 	EXP 	text_4: text = '4'
15.5230 	EXP 	text_4: text = u'4'
16.0006 	DATA 	Keypress: escape
