8.3400 	EXP 	Created window1 = Window(allowGUI=False, allowStencil=False, autoLog=True, bitsMode=UNKNOWN, blendMode='avg', color=array([ 0.,  0.,  0.]), colorSpace='rgb', fullscr=UNKNOWN, gamma=None, lms=UNKNOWN, monitor=<psychopy.monitors.calibTools.Monitor instance at 0x0886FEB8>, name='window1', pos=[0, 0], screen=0, size=array([1440,  900]), stereo=False, units=u'norm', useFBO=True, viewOri=0.0, viewPos=None, viewScale=None, waitBlanking=True, winType='pyglet')
8.3400 	EXP 	window1: recordFrameIntervals = False
8.5049 	EXP 	window1: recordFrameIntervals = True
8.6887 	EXP 	window1: recordFrameIntervals = False
8.8955 	EXP 	Created text_ask_for_version = TextStim(alignHoriz='center', alignVert='center', antialias=True, autoLog=True, bold=False, color='white', colorSpace='named', contrast=1.0, depth=0.0, flipHoriz=False, flipVert=False, font='Arial', fontFiles=[], height=0.1, italic=False, name='text_ask_for_version', opacity=1.0, ori=0, pos=array([ 0.,  0.]), rgb=array([ 255.,  255.,  255.]), text=unicode(...), units=u'norm', win=Window(...), wrapWidth=1)
8.9327 	EXP 	Created text_ask_for_flip = TextStim(alignHoriz='center', alignVert='center', antialias=True, autoLog=True, bold=False, color=u'white', colorSpace='named', contrast=1.0, depth=0.0, flipHoriz=False, flipVert=False, font=u'Arial', fontFiles=[], height=0.1, italic=False, name='text_ask_for_flip', opacity=1.0, ori=0, pos=array([ 0.,  0.]), rgb=array([ 255.,  255.,  255.]), text=unicode(...), units=u'norm', win=Window(...), wrapWidth=1)
9.2026 	EXP 	Set  sound=stim/audio_40Hz_L.wav
9.2037 	EXP 	Set  sound=stim/audio_55Hz_L.wav
9.2046 	EXP 	Set  sound=stim/audio_40Hz_R.wav
9.2056 	EXP 	Set  sound=stim/audio_55Hz_R.wav
9.2056 	EXP 	Set Sound  volume=1.000
9.2056 	EXP 	Set Sound  volume=1.000
9.2056 	EXP 	Set Sound  volume=1.000
9.2057 	EXP 	Set Sound  volume=1.000
9.2706 	EXP 	Created select_eeg_system = TextStim(alignHoriz='center', alignVert='center', antialias=True, autoLog=True, bold=False, color='white', colorSpace='named', contrast=1.0, depth=-1.0, flipHoriz=False, flipVert=False, font='Arial', fontFiles=[], height=0.1, italic=False, name='select_eeg_system', opacity=1.0, ori=0, pos=array([ 0.,  0.]), rgb=array([ 255.,  255.,  255.]), text=unicode(...), units=u'norm', win=Window(...), wrapWidth=1)
9.3217 	EXP 	Created instr_text = TextStim(alignHoriz='center', alignVert='center', antialias=True, autoLog=True, bold=False, color=u'white', colorSpace='named', contrast=1.0, depth=-1.0, flipHoriz=False, flipVert=False, font=u'Arial', fontFiles=[], height=0.1, italic=False, name='instr_text', opacity=1.0, ori=0, pos=array([ 0.,  0.]), rgb=array([ 255.,  255.,  255.]), text=unicode(...), units=u'norm', win=Window(...), wrapWidth=1)
9.3514 	EXP 	Created end_text = TextStim(alignHoriz='center', alignVert='center', antialias=True, autoLog=True, bold=False, color='white', colorSpace='named', contrast=1.0, depth=0.0, flipHoriz=False, flipVert=False, font='Arial', fontFiles=[], height=0.1, italic=False, name='end_text', opacity=1.0, ori=0, pos=array([ 0.,  0.]), rgb=array([ 255.,  255.,  255.]), text=u'This was the end - Thank you!', units=u'norm', win=Window(...), wrapWidth=1)
9.3732 	EXP 	text_ask_for_version: autoDraw = True
10.3145 	DATA 	Keypress: 1
10.3318 	EXP 	text_ask_for_version: autoDraw = False
10.3318 	EXP 	text_ask_for_flip: autoDraw = True
10.9810 	DATA 	Keypress: 1
10.9987 	EXP 	Created text_4 = TextStim(alignHoriz='center', alignVert='center', antialias=True, autoLog=True, bold=False, color=u'red', colorSpace='named', contrast=1.0, depth=0.0, flipHoriz=False, flipVert=False, font=u'Arial', fontFiles=[], height=0.1, italic=False, name='text_4', opacity=1.0, ori=0, pos=array([ 0.,  0.]), rgb=array([ 255.,    0.,    0.]), text=u'0', units=u'norm', win=Window(...), wrapWidth=1)
11.0299 	EXP 	text_ask_for_flip: autoDraw = False
11.0299 	EXP 	select_eeg_system: autoDraw = True
11.8647 	DATA 	Keypress: 1
11.8978 	EXP 	select_eeg_system: autoDraw = False
11.8978 	EXP 	instr_text: autoDraw = True
12.6169 	DATA 	Keypress: space
12.6955 	EXP 	Created unnamed PatchStim = PatchStim(autoDraw=False, autoLog=True, color=array([-0.25, -0.25, -0.25]), colorSpace='rgb', contrast=1.0, depth=0, interpolate=False, mask='circle', maskParams=None, name='unnamed PatchStim', opacity=1.0, ori=0.0, phase=array([ 0.,  0.]), pos=array([ 0.,  0.]), rgbPedestal=array([ 0.,  0.,  0.]), sf=array([ 1.,  1.]), size=array([ 0.12,  0.12]), tex=None, texRes=128, units=u'norm', win=Window(...))
12.7314 	EXP 	instr_text: autoDraw = False
13.7993 	EXP 	text_4: text = '1'
13.7993 	EXP 	text_4: text = u'1'
14.8147 	EXP 	text_4: text = '2'
14.8147 	EXP 	text_4: text = u'2'
15.7982 	EXP 	text_4: text = '3'
15.7982 	EXP 	text_4: text = u'3'
16.7806 	EXP 	text_4: text = '4'
16.7806 	EXP 	text_4: text = u'4'
17.8977 	EXP 	text_4: text = '5'
17.8977 	EXP 	text_4: text = u'5'
18.7802 	EXP 	text_4: text = '6'
18.7802 	EXP 	text_4: text = u'6'
19.7809 	EXP 	text_4: text = '7'
19.7809 	EXP 	text_4: text = u'7'
20.7970 	EXP 	text_4: text = '8'
20.7970 	EXP 	text_4: text = u'8'
21.7972 	EXP 	text_4: text = '9'
21.7972 	EXP 	text_4: text = u'9'
22.6981 	EXP 	Sound  started
22.7804 	EXP 	text_4: text = '0'
22.7804 	EXP 	text_4: text = u'0'
23.7969 	EXP 	text_4: text = '1'
23.7969 	EXP 	text_4: text = u'1'
23.9001 	EXP 	Sound  started
24.7970 	EXP 	text_4: text = '0'
24.7970 	EXP 	text_4: text = u'0'
25.1019 	EXP 	Sound  started
25.7829 	EXP 	text_4: text = '9'
25.7829 	EXP 	text_4: text = u'9'
26.3029 	EXP 	Sound  started
26.7801 	EXP 	text_4: text = '8'
26.7801 	EXP 	text_4: text = u'8'
27.5038 	EXP 	Sound  started
27.7966 	EXP 	text_4: text = '7'
27.7966 	EXP 	text_4: text = u'7'
28.7047 	EXP 	Sound  started
28.7801 	EXP 	text_4: text = '6'
28.7801 	EXP 	text_4: text = u'6'
29.7805 	EXP 	text_4: text = '5'
29.7805 	EXP 	text_4: text = u'5'
29.9058 	EXP 	Sound  started
30.8471 	EXP 	text_4: text = '4'
30.8471 	EXP 	text_4: text = u'4'
31.1074 	EXP 	Sound  started
31.8135 	EXP 	text_4: text = '3'
31.8135 	EXP 	text_4: text = u'3'
32.0486 	DATA 	Keypress: escape
