9.9159 	EXP 	Created window1 = Window(allowGUI=False, allowStencil=False, autoLog=True, bitsMode=UNKNOWN, blendMode='avg', color=array([ 0.,  0.,  0.]), colorSpace='rgb', fullscr=UNKNOWN, gamma=None, lms=UNKNOWN, monitor=<psychopy.monitors.calibTools.Monitor instance at 0x09A88D28>, name='window1', pos=[0, 0], screen=0, size=array([1440,  900]), stereo=False, units=u'norm', useFBO=True, viewOri=0.0, viewPos=None, viewScale=None, waitBlanking=True, winType='pyglet')
9.9160 	EXP 	window1: recordFrameIntervals = False
10.0799 	EXP 	window1: recordFrameIntervals = True
10.2637 	EXP 	window1: recordFrameIntervals = False
10.7645 	EXP 	Set  sound=stim/audio_40Hz_L.wav
10.7664 	EXP 	Set  sound=stim/audio_55Hz_L.wav
10.7678 	EXP 	Set  sound=stim/audio_40Hz_R.wav
10.7698 	EXP 	Set  sound=stim/audio_55Hz_R.wav
10.7699 	EXP 	Set Sound  volume=1.000
10.7699 	EXP 	Set Sound  volume=1.000
10.7699 	EXP 	Set Sound  volume=1.000
10.7700 	EXP 	Set Sound  volume=1.000
11.0002 	EXP 	Created text_4 = TextStim(alignHoriz='center', alignVert='center', antialias=True, autoLog=True, bold=False, color=u'red', colorSpace='named', contrast=1.0, depth=0.0, flipHoriz=False, flipVert=False, font=u'Arial', fontFiles=[], height=0.1, italic=False, name='text_4', opacity=1.0, ori=0, pos=array([ 0.,  0.]), rgb=array([ 255.,    0.,    0.]), text=u'X', units=u'norm', win=Window(...), wrapWidth=1)
11.1530 	EXP 	Created select_eeg_system = TextStim(alignHoriz='center', alignVert='center', antialias=True, autoLog=True, bold=False, color='white', colorSpace='named', contrast=1.0, depth=-1.0, flipHoriz=False, flipVert=False, font='Arial', fontFiles=[], height=0.1, italic=False, name='select_eeg_system', opacity=1.0, ori=0, pos=array([ 0.,  0.]), rgb=array([ 255.,  255.,  255.]), text=unicode(...), units=u'norm', win=Window(...), wrapWidth=1)
11.1974 	EXP 	Created instr_text = TextStim(alignHoriz='center', alignVert='center', antialias=True, autoLog=True, bold=False, color='white', colorSpace='named', contrast=1.0, depth=0.0, flipHoriz=False, flipVert=False, font='Arial', fontFiles=[], height=0.1, italic=False, name='instr_text', opacity=1.0, ori=0, pos=array([ 0.,  0.]), rgb=array([ 255.,  255.,  255.]), text=u'Try to keep focusing on the crosshair!', units=u'norm', win=Window(...), wrapWidth=1)
11.2422 	EXP 	Created unnamed PatchStim = PatchStim(autoDraw=False, autoLog=True, color=array([-0.25, -0.25, -0.25]), colorSpace='rgb', contrast=1.0, depth=0, interpolate=False, mask='circle', maskParams=None, name='unnamed PatchStim', opacity=1.0, ori=0.0, phase=array([ 0.,  0.]), pos=array([ 0.,  0.]), rgbPedestal=array([ 0.,  0.,  0.]), sf=array([ 1.,  1.]), size=array([ 0.12,  0.12]), tex=None, texRes=128, units=u'norm', win=Window(...))
11.2744 	EXP 	Created end_text = TextStim(alignHoriz='center', alignVert='center', antialias=True, autoLog=True, bold=False, color='white', colorSpace='named', contrast=1.0, depth=0.0, flipHoriz=False, flipVert=False, font='Arial', fontFiles=[], height=0.1, italic=False, name='end_text', opacity=1.0, ori=0, pos=array([ 0.,  0.]), rgb=array([ 255.,  255.,  255.]), text=u'This was the end - Thank you!', units=u'norm', win=Window(...), wrapWidth=1)
11.2999 	EXP 	select_eeg_system: autoDraw = True
13.0331 	DATA 	Keypress: 1
13.0638 	EXP 	select_eeg_system: autoDraw = False
13.0638 	EXP 	instr_text: autoDraw = True
13.9479 	DATA 	Keypress: space
14.0013 	EXP 	instr_text: autoDraw = False
15.0491 	EXP 	text_4: text = '1'
15.0491 	EXP 	text_4: text = u'1'
15.1020 	EXP 	text_4: text = '2'
15.1020 	EXP 	text_4: text = u'2'
16.0578 	EXP 	text_4: text = '3'
16.0578 	EXP 	text_4: text = u'3'
17.0873 	EXP 	text_4: text = '4'
17.0873 	EXP 	text_4: text = u'4'
18.0684 	EXP 	text_4: text = '5'
18.0684 	EXP 	text_4: text = u'5'
19.0518 	EXP 	text_4: text = '6'
19.0518 	EXP 	text_4: text = u'6'
20.0856 	EXP 	text_4: text = '5'
20.0856 	EXP 	text_4: text = u'5'
21.0688 	EXP 	text_4: text = '4'
21.0688 	EXP 	text_4: text = u'4'
22.0698 	EXP 	text_4: text = '3'
22.0698 	EXP 	text_4: text = u'3'
23.0865 	EXP 	text_4: text = '2'
23.0865 	EXP 	text_4: text = u'2'
23.9546 	EXP 	Sound  started
24.1855 	EXP 	text_4: text = '1'
24.1855 	EXP 	text_4: text = u'1'
25.0866 	EXP 	text_4: text = '0'
25.0866 	EXP 	text_4: text = u'0'
25.1586 	EXP 	Sound  started
26.0700 	EXP 	text_4: text = '9'
26.0700 	EXP 	text_4: text = u'9'
26.3630 	EXP 	Sound  started
27.0700 	EXP 	text_4: text = '8'
27.0700 	EXP 	text_4: text = u'8'
27.5661 	EXP 	Sound  started
28.0701 	EXP 	text_4: text = '7'
28.0701 	EXP 	text_4: text = u'7'
28.7689 	EXP 	Sound  started
29.0689 	EXP 	text_4: text = '6'
29.0689 	EXP 	text_4: text = u'6'
29.9719 	EXP 	Sound  started
30.0713 	EXP 	text_4: text = '5'
30.0713 	EXP 	text_4: text = u'5'
31.0701 	EXP 	text_4: text = '4'
31.0701 	EXP 	text_4: text = u'4'
31.1744 	EXP 	Sound  started
32.3765 	EXP 	Sound  started
33.5791 	EXP 	Sound  started
37.0953 	DATA 	Keypress: escape
