9.5160 	EXP 	Created window1 = Window(allowGUI=False, allowStencil=False, autoLog=True, bitsMode=UNKNOWN, blendMode='avg', color=array([ 0.,  0.,  0.]), colorSpace='rgb', fullscr=UNKNOWN, gamma=None, lms=UNKNOWN, monitor=<psychopy.monitors.calibTools.Monitor instance at 0x088DAEB8>, name='window1', pos=[0, 0], screen=0, size=array([1440,  900]), stereo=False, units=u'norm', useFBO=True, viewOri=0.0, viewPos=None, viewScale=None, waitBlanking=True, winType='pyglet')
9.5161 	EXP 	window1: recordFrameIntervals = False
9.6954 	EXP 	window1: recordFrameIntervals = True
9.9103 	EXP 	window1: recordFrameIntervals = False
10.2541 	EXP 	Created text_ask_for_version = TextStim(alignHoriz='center', alignVert='center', antialias=True, autoLog=True, bold=False, color='white', colorSpace='named', contrast=1.0, depth=0.0, flipHoriz=False, flipVert=False, font='Arial', fontFiles=[], height=0.1, italic=False, name='text_ask_for_version', opacity=1.0, ori=0, pos=array([ 0.,  0.]), rgb=array([ 255.,  255.,  255.]), text=unicode(...), units=u'norm', win=Window(...), wrapWidth=1)
10.7146 	EXP 	Set  sound=stim/audio_40Hz_L.wav
10.7172 	EXP 	Set  sound=stim/audio_55Hz_L.wav
10.7194 	EXP 	Set  sound=stim/audio_40Hz_R.wav
10.7219 	EXP 	Set  sound=stim/audio_55Hz_R.wav
10.7220 	EXP 	Set Sound  volume=1.000
10.7221 	EXP 	Set Sound  volume=1.000
10.7221 	EXP 	Set Sound  volume=1.000
10.7222 	EXP 	Set Sound  volume=1.000
10.8532 	EXP 	Created select_eeg_system = TextStim(alignHoriz='center', alignVert='center', antialias=True, autoLog=True, bold=False, color='white', colorSpace='named', contrast=1.0, depth=-1.0, flipHoriz=False, flipVert=False, font='Arial', fontFiles=[], height=0.1, italic=False, name='select_eeg_system', opacity=1.0, ori=0, pos=array([ 0.,  0.]), rgb=array([ 255.,  255.,  255.]), text=unicode(...), units=u'norm', win=Window(...), wrapWidth=1)
10.9343 	EXP 	Created text_4 = TextStim(alignHoriz='center', alignVert='center', antialias=True, autoLog=True, bold=False, color=u'white', colorSpace='named', contrast=1.0, depth=0.0, flipHoriz=False, flipVert=False, font=u'Arial', fontFiles=[], height=0.1, italic=False, name='text_4', opacity=1.0, ori=0, pos=array([ 0.,  0.]), rgb=array([ 255.,  255.,  255.]), text=u'Flip window vertically?\n1) - Yes\n2) - No', units=u'norm', win=Window(...), wrapWidth=1)
11.0351 	EXP 	Created instr_text = TextStim(alignHoriz='center', alignVert='center', antialias=True, autoLog=True, bold=False, color='white', colorSpace='named', contrast=1.0, depth=-1.0, flipHoriz=False, flipVert=False, font='Arial', fontFiles=[], height=0.1, italic=False, name='instr_text', opacity=1.0, ori=0, pos=array([ 0.,  0.]), rgb=array([ 255.,  255.,  255.]), text=unicode(...), units=u'norm', win=Window(...), wrapWidth=1)
11.0974 	EXP 	Created end_text = TextStim(alignHoriz='center', alignVert='center', antialias=True, autoLog=True, bold=False, color='white', colorSpace='named', contrast=1.0, depth=0.0, flipHoriz=False, flipVert=False, font='Arial', fontFiles=[], height=0.1, italic=False, name='end_text', opacity=1.0, ori=0, pos=array([ 0.,  0.]), rgb=array([ 255.,  255.,  255.]), text=u'This was the end - Thank you!', units=u'norm', win=Window(...), wrapWidth=1)
11.1289 	EXP 	text_ask_for_version: autoDraw = True
11.7601 	DATA 	Keypress: 1
11.7747 	EXP 	Created text_4 = TextStim(alignHoriz='center', alignVert='center', antialias=True, autoLog=True, bold=False, color=u'red', colorSpace='named', contrast=1.0, depth=0.0, flipHoriz=False, flipVert=False, font=u'Arial', fontFiles=[], height=0.1, italic=False, name='text_4', opacity=1.0, ori=0, pos=array([ 0.,  0.]), rgb=array([ 255.,    0.,    0.]), text=u'0', units=u'norm', win=Window(...), wrapWidth=1)
11.7926 	EXP 	text_ask_for_version: autoDraw = False
11.7926 	EXP 	select_eeg_system: autoDraw = True
12.0768 	DATA 	Keypress: 1
12.0950 	EXP 	select_eeg_system: autoDraw = False
12.0950 	EXP 	text_4: autoDraw = True
13.5771 	DATA 	Keypress: 1
13.6101 	EXP 	text_4: autoDraw = False
13.6101 	EXP 	instr_text: autoDraw = True
14.7304 	DATA 	Keypress: space
14.8012 	EXP 	Created unnamed PatchStim = PatchStim(autoDraw=False, autoLog=True, color=array([-0.25, -0.25, -0.25]), colorSpace='rgb', contrast=1.0, depth=0, interpolate=False, mask='circle', maskParams=None, name='unnamed PatchStim', opacity=1.0, ori=0.0, phase=array([ 0.,  0.]), pos=array([ 0.,  0.]), rgbPedestal=array([ 0.,  0.,  0.]), sf=array([ 1.,  1.]), size=array([ 0.12,  0.12]), tex=None, texRes=128, units=u'norm', win=Window(...))
14.8293 	EXP 	instr_text: autoDraw = False
15.8873 	DATA 	Keypress: 1
15.8961 	EXP 	text_4: text = '1'
15.8961 	EXP 	text_4: text = u'1'
16.2443 	DATA 	Keypress: space
16.8794 	EXP 	text_4: text = '2'
16.8794 	EXP 	text_4: text = u'2'
17.4844 	DATA 	Keypress: y
17.7640 	DATA 	Keypress: n
17.8965 	EXP 	text_4: text = '3'
17.8965 	EXP 	text_4: text = u'3'
17.9404 	DATA 	Keypress: return
18.2764 	DATA 	Keypress: space
18.4522 	DATA 	Keypress: return
18.6282 	DATA 	Keypress: space
18.7640 	DATA 	Keypress: return
18.9796 	EXP 	text_4: text = '4'
18.9796 	EXP 	text_4: text = u'4'
19.1335 	DATA 	Keypress: return
19.8127 	DATA 	Keypress: backspace
19.9141 	EXP 	text_4: text = '5'
19.9141 	EXP 	text_4: text = u'5'
20.1335 	DATA 	Keypress: return
20.4130 	DATA 	Keypress: space
20.8802 	EXP 	text_4: text = '6'
20.8802 	EXP 	text_4: text = u'6'
21.0447 	DATA 	Keypress: escape
