11.6767 	WARNING 	Couldn't measure a consistent frame rate.
  - Is your graphics card set to sync to vertical blank?
  - Are you running other processes on your computer?

11.6793 	EXP 	Created window1 = Window(allowGUI=False, allowStencil=False, autoLog=True, bitsMode=UNKNOWN, blendMode='avg', color=array([ 0.,  0.,  0.]), colorSpace='rgb', fullscr=UNKNOWN, gamma=None, lms=UNKNOWN, monitor=<psychopy.monitors.calibTools.Monitor instance at 0x08ABBCB0>, name='window1', pos=[0, 0], screen=0, size=array([1440,  900]), stereo=False, units=u'norm', useFBO=True, viewOri=0.0, viewPos=None, viewScale=None, waitBlanking=True, winType='pyglet')
11.6794 	EXP 	window1: recordFrameIntervals = False
11.8598 	EXP 	window1: recordFrameIntervals = True
11.8929 	WARNING 	t of last frame was 21.92ms (=1/45)
11.9888 	WARNING 	t of last frame was 28.52ms (=1/35)
12.0101 	WARNING 	t of last frame was 21.35ms (=1/46)
12.0388 	WARNING 	t of last frame was 28.68ms (=1/34)
12.0881 	WARNING 	Multiple dropped frames have occurred - I'll stop bothering you about them!
13.7208 	WARNING 	Couldn't measure a consistent frame rate.
  - Is your graphics card set to sync to vertical blank?
  - Are you running other processes on your computer?

14.2407 	EXP 	Set  sound=stim/audio_40Hz_L.wav
14.2428 	EXP 	Set  sound=stim/audio_55Hz_L.wav
14.2444 	EXP 	Set  sound=stim/audio_40Hz_R.wav
14.2465 	EXP 	Set  sound=stim/audio_55Hz_R.wav
14.2466 	EXP 	Set Sound  volume=1.000
14.2466 	EXP 	Set Sound  volume=1.000
14.2466 	EXP 	Set Sound  volume=1.000
14.2467 	EXP 	Set Sound  volume=1.000
14.4800 	EXP 	Created text_4 = TextStim(alignHoriz='center', alignVert='center', antialias=True, autoLog=True, bold=False, color=u'red', colorSpace='named', contrast=1.0, depth=0.0, flipHoriz=False, flipVert=False, font=u'Arial', fontFiles=[], height=0.1, italic=False, name='text_4', opacity=1.0, ori=0, pos=array([ 0.,  0.]), rgb=array([ 255.,    0.,    0.]), text=u'X', units=u'norm', win=Window(...), wrapWidth=1)
14.6320 	EXP 	Created select_eeg_system = TextStim(alignHoriz='center', alignVert='center', antialias=True, autoLog=True, bold=False, color='white', colorSpace='named', contrast=1.0, depth=-1.0, flipHoriz=False, flipVert=False, font='Arial', fontFiles=[], height=0.1, italic=False, name='select_eeg_system', opacity=1.0, ori=0, pos=array([ 0.,  0.]), rgb=array([ 255.,  255.,  255.]), text=unicode(...), units=u'norm', win=Window(...), wrapWidth=1)
14.7171 	EXP 	Created instr_text = TextStim(alignHoriz='center', alignVert='center', antialias=True, autoLog=True, bold=False, color='white', colorSpace='named', contrast=1.0, depth=0.0, flipHoriz=False, flipVert=False, font='Arial', fontFiles=[], height=0.1, italic=False, name='instr_text', opacity=1.0, ori=0, pos=array([ 0.,  0.]), rgb=array([ 255.,  255.,  255.]), text=unicode(...), units=u'norm', win=Window(...), wrapWidth=1)
14.7603 	EXP 	Created unnamed PatchStim = PatchStim(autoDraw=False, autoLog=True, color=array([-0.25, -0.25, -0.25]), colorSpace='rgb', contrast=1.0, depth=0, interpolate=False, mask='circle', maskParams=None, name='unnamed PatchStim', opacity=1.0, ori=0.0, phase=array([ 0.,  0.]), pos=array([ 0.,  0.]), rgbPedestal=array([ 0.,  0.,  0.]), sf=array([ 1.,  1.]), size=array([ 0.12,  0.12]), tex=None, texRes=128, units=u'norm', win=Window(...))
14.8312 	EXP 	Created end_text = TextStim(alignHoriz='center', alignVert='center', antialias=True, autoLog=True, bold=False, color='white', colorSpace='named', contrast=1.0, depth=0.0, flipHoriz=False, flipVert=False, font='Arial', fontFiles=[], height=0.1, italic=False, name='end_text', opacity=1.0, ori=0, pos=array([ 0.,  0.]), rgb=array([ 255.,  255.,  255.]), text=u'This was the end - Thank you!', units=u'norm', win=Window(...), wrapWidth=1)
14.8549 	EXP 	select_eeg_system: autoDraw = True
15.5861 	DATA 	Keypress: 1
15.6044 	EXP 	select_eeg_system: autoDraw = False
15.6044 	EXP 	instr_text: autoDraw = True
16.2879 	DATA 	Keypress: space
16.3210 	EXP 	instr_text: autoDraw = False
17.3875 	EXP 	text_4: text = '1'
17.3875 	EXP 	text_4: text = u'1'
18.3708 	EXP 	text_4: text = '2'
18.3708 	EXP 	text_4: text = u'2'
18.7839 	DATA 	Keypress: escape
