11.3558 	WARNING 	Couldn't measure a consistent frame rate.
  - Is your graphics card set to sync to vertical blank?
  - Are you running other processes on your computer?

11.3582 	EXP 	Created window1 = Window(allowGUI=False, allowStencil=False, autoLog=True, bitsMode=UNKNOWN, blendMode='avg', color=array([ 0.,  0.,  0.]), colorSpace='rgb', fullscr=UNKNOWN, gamma=None, lms=UNKNOWN, monitor=<psychopy.monitors.calibTools.Monitor instance at 0x0A6A1DC8>, name='window1', pos=[0, 0], screen=0, size=array([1440,  900]), stereo=False, units=u'norm', useFBO=True, viewOri=0.0, viewPos=None, viewScale=None, waitBlanking=True, winType='pyglet')
11.3582 	EXP 	window1: recordFrameIntervals = False
11.5425 	EXP 	window1: recordFrameIntervals = True
11.5860 	WARNING 	t of last frame was 26.59ms (=1/37)
11.6964 	WARNING 	t of last frame was 27.07ms (=1/36)
11.7732 	WARNING 	t of last frame was 26.47ms (=1/37)
11.8514 	WARNING 	t of last frame was 28.32ms (=1/35)
11.9606 	WARNING 	Multiple dropped frames have occurred - I'll stop bothering you about them!
13.4603 	WARNING 	Couldn't measure a consistent frame rate.
  - Is your graphics card set to sync to vertical blank?
  - Are you running other processes on your computer?

13.7686 	EXP 	Created text_ask_for_version = TextStim(alignHoriz='center', alignVert='center', antialias=True, autoLog=True, bold=False, color=u'white', colorSpace='named', contrast=1.0, depth=0.0, flipHoriz=False, flipVert=False, font=u'Arial', fontFiles=[], height=0.1, italic=False, name='text_ask_for_version', opacity=1.0, ori=0, pos=array([ 0.,  0.]), rgb=array([ 255.,  255.,  255.]), text=unicode(...), units=u'norm', win=Window(...), wrapWidth=1)
14.2540 	EXP 	Set  sound=stim/audio_40Hz_L.wav
14.2558 	EXP 	Set  sound=stim/audio_55Hz_L.wav
14.2571 	EXP 	Set  sound=stim/audio_40Hz_R.wav
14.2587 	EXP 	Set  sound=stim/audio_55Hz_R.wav
14.2588 	EXP 	Set Sound  volume=1.000
14.2588 	EXP 	Set Sound  volume=1.000
14.2589 	EXP 	Set Sound  volume=1.000
14.2589 	EXP 	Set Sound  volume=1.000
14.3734 	EXP 	Created select_eeg_system = TextStim(alignHoriz='center', alignVert='center', antialias=True, autoLog=True, bold=False, color='white', colorSpace='named', contrast=1.0, depth=-1.0, flipHoriz=False, flipVert=False, font='Arial', fontFiles=[], height=0.1, italic=False, name='select_eeg_system', opacity=1.0, ori=0, pos=array([ 0.,  0.]), rgb=array([ 255.,  255.,  255.]), text=unicode(...), units=u'norm', win=Window(...), wrapWidth=1)
14.4453 	EXP 	Created instr_text = TextStim(alignHoriz='center', alignVert='center', antialias=True, autoLog=True, bold=False, color='white', colorSpace='named', contrast=1.0, depth=0.0, flipHoriz=False, flipVert=False, font='Arial', fontFiles=[], height=0.1, italic=False, name='instr_text', opacity=1.0, ori=0, pos=array([ 0.,  0.]), rgb=array([ 255.,  255.,  255.]), text=unicode(...), units=u'norm', win=Window(...), wrapWidth=1)
14.4997 	EXP 	Created end_text = TextStim(alignHoriz='center', alignVert='center', antialias=True, autoLog=True, bold=False, color='white', colorSpace='named', contrast=1.0, depth=0.0, flipHoriz=False, flipVert=False, font='Arial', fontFiles=[], height=0.1, italic=False, name='end_text', opacity=1.0, ori=0, pos=array([ 0.,  0.]), rgb=array([ 255.,  255.,  255.]), text=u'This was the end - Thank you!', units=u'norm', win=Window(...), wrapWidth=1)
14.5289 	EXP 	text_ask_for_version: autoDraw = True
15.7449 	DATA 	Keypress: 2
15.7677 	EXP 	Created text_4 = TextStim(alignHoriz='center', alignVert='center', antialias=True, autoLog=True, bold=False, color=u'red', colorSpace='named', contrast=1.0, depth=0.0, flipHoriz=False, flipVert=False, font=u'Arial', fontFiles=[], height=0.05, italic=False, name='text_4', opacity=1.0, ori=0, pos=array([ 0.,  0.]), rgb=array([ 255.,    0.,    0.]), text=u'0', units=u'norm', win=Window(...), wrapWidth=1)
15.7942 	EXP 	text_ask_for_version: autoDraw = False
15.7942 	EXP 	select_eeg_system: autoDraw = True
16.8281 	DATA 	Keypress: 1
16.8468 	EXP 	select_eeg_system: autoDraw = False
16.8468 	EXP 	instr_text: autoDraw = True
17.8476 	DATA 	Keypress: space
17.9299 	EXP 	Created unnamed PatchStim = PatchStim(autoDraw=False, autoLog=True, color=array([-0.25, -0.25, -0.25]), colorSpace='rgb', contrast=1.0, depth=0, interpolate=False, mask='circle', maskParams=None, name='unnamed PatchStim', opacity=1.0, ori=0.0, phase=array([ 0.,  0.]), pos=array([ 0.,  0.]), rgbPedestal=array([ 0.,  0.,  0.]), sf=array([ 1.,  1.]), size=array([ 0.06,  0.06]), tex=None, texRes=128, units=u'norm', win=Window(...))
17.9655 	EXP 	instr_text: autoDraw = False
19.0663 	EXP 	text_4: text = '1'
19.0663 	EXP 	text_4: text = u'1'
20.0658 	EXP 	text_4: text = '2'
20.0658 	EXP 	text_4: text = u'2'
21.0830 	EXP 	text_4: text = '3'
21.0830 	EXP 	text_4: text = u'3'
22.0487 	EXP 	text_4: text = '4'
22.0487 	EXP 	text_4: text = u'4'
23.0481 	EXP 	text_4: text = '5'
23.0481 	EXP 	text_4: text = u'5'
24.0637 	EXP 	text_4: text = '4'
24.0637 	EXP 	text_4: text = u'4'
25.1656 	EXP 	text_4: text = '3'
25.1656 	EXP 	text_4: text = u'3'
26.0679 	EXP 	text_4: text = '2'
26.0679 	EXP 	text_4: text = u'2'
27.0309 	EXP 	text_4: text = '1'
27.0309 	EXP 	text_4: text = u'1'
27.9322 	EXP 	Sound  started
28.0821 	EXP 	text_4: text = '0'
28.0821 	EXP 	text_4: text = u'0'
29.0828 	EXP 	text_4: text = '9'
29.0828 	EXP 	text_4: text = u'9'
29.1366 	EXP 	Sound  started
30.0642 	EXP 	text_4: text = '8'
30.0642 	EXP 	text_4: text = u'8'
30.3393 	EXP 	Sound  started
31.0657 	EXP 	text_4: text = '9'
31.0657 	EXP 	text_4: text = u'9'
31.5427 	EXP 	Sound  started
32.0670 	EXP 	text_4: text = '0'
32.0670 	EXP 	text_4: text = u'0'
32.7467 	EXP 	Sound  started
33.0650 	EXP 	text_4: text = '1'
33.0650 	EXP 	text_4: text = u'1'
33.9501 	EXP 	Sound  started
34.0328 	EXP 	text_4: text = '2'
34.0328 	EXP 	text_4: text = u'2'
35.0667 	EXP 	text_4: text = '3'
35.0667 	EXP 	text_4: text = u'3'
35.1525 	EXP 	Sound  started
36.0826 	EXP 	text_4: text = '4'
36.0826 	EXP 	text_4: text = u'4'
36.3719 	EXP 	Sound  started
37.1164 	EXP 	text_4: text = '5'
37.1164 	EXP 	text_4: text = u'5'
37.5876 	EXP 	Sound  started
38.1357 	EXP 	text_4: text = '6'
38.1357 	EXP 	text_4: text = u'6'
39.1354 	EXP 	text_4: text = '5'
39.1354 	EXP 	text_4: text = u'5'
40.1192 	EXP 	text_4: text = '4'
40.1192 	EXP 	text_4: text = u'4'
41.1022 	EXP 	text_4: text = '3'
41.1022 	EXP 	text_4: text = u'3'
42.1176 	EXP 	text_4: text = '2'
42.1176 	EXP 	text_4: text = u'2'
43.1197 	EXP 	text_4: text = '1'
43.1197 	EXP 	text_4: text = u'1'
44.0534 	EXP 	text_4: text = '0'
44.0534 	EXP 	text_4: text = u'0'
45.0533 	EXP 	text_4: text = '1'
45.0533 	EXP 	text_4: text = u'1'
45.2735 	DATA 	Keypress: escape
