8.3888 	EXP 	Created window1 = Window(allowGUI=False, allowStencil=False, autoLog=True, bitsMode=UNKNOWN, blendMode='avg', color=array([ 0.,  0.,  0.]), colorSpace='rgb', fullscr=UNKNOWN, gamma=None, lms=UNKNOWN, monitor=<psychopy.monitors.calibTools.Monitor instance at 0x04525B98>, name='window1', pos=[0, 0], screen=0, size=array([1600,  900]), stereo=False, units=u'norm', useFBO=True, viewOri=0.0, viewPos=None, viewScale=None, waitBlanking=True, winType='pyglet')
8.3889 	EXP 	window1: recordFrameIntervals = False
8.6999 	EXP 	window1: recordFrameIntervals = True
9.0437 	EXP 	window1: recordFrameIntervals = False
9.2474 	EXP 	Created text_ask_for_version = TextStim(alignHoriz='center', alignVert='center', antialias=True, autoLog=True, bold=False, color='white', colorSpace='named', contrast=1.0, depth=0.0, flipHoriz=False, flipVert=False, font='Arial', fontFiles=[], height=0.1, italic=False, name='text_ask_for_version', opacity=1.0, ori=0, pos=array([ 0.,  0.]), rgb=array([ 255.,  255.,  255.]), text=unicode(...), units=u'norm', win=Window(...), wrapWidth=1)
9.4692 	EXP 	Set  sound=stim/audio_40Hz_L.wav
9.4698 	EXP 	Set  sound=stim/audio_55Hz_L.wav
9.4704 	EXP 	Set  sound=stim/audio_40Hz_R.wav
9.4710 	EXP 	Set  sound=stim/audio_55Hz_R.wav
9.4710 	EXP 	Set Sound  volume=1.000
9.4711 	EXP 	Set Sound  volume=1.000
9.4711 	EXP 	Set Sound  volume=1.000
9.4711 	EXP 	Set Sound  volume=1.000
9.5292 	EXP 	Created select_eeg_system = TextStim(alignHoriz='center', alignVert='center', antialias=True, autoLog=True, bold=False, color=u'white', colorSpace='named', contrast=1.0, depth=-1.0, flipHoriz=False, flipVert=False, font=u'Arial', fontFiles=[], height=0.1, italic=False, name='select_eeg_system', opacity=1.0, ori=0, pos=array([ 0.,  0.]), rgb=array([ 255.,  255.,  255.]), text=unicode(...), units=u'norm', win=Window(...), wrapWidth=1)
9.5555 	EXP 	Created instr_text = TextStim(alignHoriz='center', alignVert='center', antialias=True, autoLog=True, bold=False, color=u'white', colorSpace='named', contrast=1.0, depth=0.0, flipHoriz=False, flipVert=False, font=u'Arial', fontFiles=[], height=0.1, italic=False, name='instr_text', opacity=1.0, ori=0, pos=array([ 0.,  0.]), rgb=array([ 255.,  255.,  255.]), text=unicode(...), units=u'norm', win=Window(...), wrapWidth=1)
9.5685 	EXP 	Created end_text = TextStim(alignHoriz='center', alignVert='center', antialias=True, autoLog=True, bold=False, color='white', colorSpace='named', contrast=1.0, depth=0.0, flipHoriz=False, flipVert=False, font='Arial', fontFiles=[], height=0.1, italic=False, name='end_text', opacity=1.0, ori=0, pos=array([ 0.,  0.]), rgb=array([ 255.,  255.,  255.]), text=u'This was the end - Thank you!', units=u'norm', win=Window(...), wrapWidth=1)
9.5775 	EXP 	text_ask_for_version: autoDraw = True
10.9991 	DATA 	Keypress: 1
11.0066 	EXP 	Created text_4 = TextStim(alignHoriz='center', alignVert='center', antialias=True, autoLog=True, bold=False, color=u'red', colorSpace='named', contrast=1.0, depth=0.0, flipHoriz=False, flipVert=False, font=u'Arial', fontFiles=[], height=0.1, italic=False, name='text_4', opacity=1.0, ori=0, pos=array([ 0.,  0.]), rgb=array([ 255.,    0.,    0.]), text=u'0', units=u'norm', win=Window(...), wrapWidth=1)
11.0153 	EXP 	text_ask_for_version: autoDraw = False
11.0153 	EXP 	select_eeg_system: autoDraw = True
12.1282 	DATA 	Keypress: 2
12.1444 	EXP 	select_eeg_system: autoDraw = False
12.1444 	EXP 	instr_text: autoDraw = True
13.1397 	DATA 	Keypress: space
13.2690 	EXP 	Created unnamed PatchStim = PatchStim(autoDraw=False, autoLog=True, color=array([-0.25, -0.25, -0.25]), colorSpace='rgb', contrast=1.0, depth=0, interpolate=False, mask='circle', maskParams=None, name='unnamed PatchStim', opacity=1.0, ori=0.0, phase=array([ 0.,  0.]), pos=array([ 0.,  0.]), rgbPedestal=array([ 0.,  0.,  0.]), sf=array([ 1.,  1.]), size=array([ 0.12,  0.12]), tex=None, texRes=128, units=u'norm', win=Window(...))
13.2880 	EXP 	instr_text: autoDraw = False
14.3052 	EXP 	text_4: text = '1'
14.3052 	EXP 	text_4: text = u'1'
15.3052 	EXP 	text_4: text = '2'
15.3052 	EXP 	text_4: text = u'2'
16.3058 	EXP 	text_4: text = '3'
16.3058 	EXP 	text_4: text = u'3'
17.3058 	EXP 	text_4: text = '4'
17.3058 	EXP 	text_4: text = u'4'
18.3058 	EXP 	text_4: text = '5'
18.3058 	EXP 	text_4: text = u'5'
19.3057 	EXP 	text_4: text = '4'
19.3057 	EXP 	text_4: text = u'4'
20.3056 	EXP 	text_4: text = '3'
20.3056 	EXP 	text_4: text = u'3'
21.3230 	EXP 	text_4: text = '2'
21.3230 	EXP 	text_4: text = u'2'
22.3229 	EXP 	text_4: text = '1'
22.3229 	EXP 	text_4: text = u'1'
23.2715 	EXP 	Sound  started
23.3237 	EXP 	text_4: text = '0'
23.3237 	EXP 	text_4: text = u'0'
24.3237 	EXP 	text_4: text = '9'
24.3237 	EXP 	text_4: text = u'9'
24.4215 	DATA 	Keypress: escape
