13.5923 	EXP 	Created window1 = Window(allowGUI=False, allowStencil=False, autoLog=True, bitsMode=UNKNOWN, blendMode='avg', color=array([ 0.,  0.,  0.]), colorSpace='rgb', fullscr=UNKNOWN, gamma=None, lms=UNKNOWN, monitor=<psychopy.monitors.calibTools.Monitor instance at 0x09ABFD28>, name='window1', pos=[0, 0], screen=0, size=array([1440,  900]), stereo=False, units=u'norm', useFBO=True, viewOri=0.0, viewPos=None, viewScale=None, waitBlanking=True, winType='pyglet')
13.5924 	EXP 	window1: recordFrameIntervals = False
13.7563 	EXP 	window1: recordFrameIntervals = True
13.9405 	EXP 	window1: recordFrameIntervals = False
14.4458 	EXP 	Set  sound=stim/audio_40Hz_L.wav
14.4483 	EXP 	Set  sound=stim/audio_55Hz_L.wav
14.4497 	EXP 	Set  sound=stim/audio_40Hz_R.wav
14.4518 	EXP 	Set  sound=stim/audio_55Hz_R.wav
14.4518 	EXP 	Set Sound  volume=1.000
14.4519 	EXP 	Set Sound  volume=1.000
14.4519 	EXP 	Set Sound  volume=1.000
14.4519 	EXP 	Set Sound  volume=1.000
14.6960 	EXP 	Created text_4 = TextStim(alignHoriz='center', alignVert='center', antialias=True, autoLog=True, bold=False, color=u'red', colorSpace='named', contrast=1.0, depth=0.0, flipHoriz=False, flipVert=False, font=u'Arial', fontFiles=[], height=0.1, italic=False, name='text_4', opacity=1.0, ori=0, pos=array([ 0.,  0.]), rgb=array([ 255.,    0.,    0.]), text=u'X', units=u'norm', win=Window(...), wrapWidth=1)
14.8530 	EXP 	Created select_eeg_system = TextStim(alignHoriz='center', alignVert='center', antialias=True, autoLog=True, bold=False, color='white', colorSpace='named', contrast=1.0, depth=-1.0, flipHoriz=False, flipVert=False, font='Arial', fontFiles=[], height=0.1, italic=False, name='select_eeg_system', opacity=1.0, ori=0, pos=array([ 0.,  0.]), rgb=array([ 255.,  255.,  255.]), text=unicode(...), units=u'norm', win=Window(...), wrapWidth=1)
14.8963 	EXP 	Created instr_text = TextStim(alignHoriz='center', alignVert='center', antialias=True, autoLog=True, bold=False, color='white', colorSpace='named', contrast=1.0, depth=0.0, flipHoriz=False, flipVert=False, font='Arial', fontFiles=[], height=0.1, italic=False, name='instr_text', opacity=1.0, ori=0, pos=array([ 0.,  0.]), rgb=array([ 255.,  255.,  255.]), text=u'Try to keep focusing on the crosshair!', units=u'norm', win=Window(...), wrapWidth=1)
14.9511 	EXP 	Created unnamed PatchStim = PatchStim(autoDraw=False, autoLog=True, color=array([-0.5, -0.5, -0.5]), colorSpace='rgb', contrast=1.0, depth=0, interpolate=False, mask='circle', maskParams=None, name='unnamed PatchStim', opacity=1.0, ori=0.0, phase=array([ 0.,  0.]), pos=array([ 0.,  0.]), rgbPedestal=array([ 0.,  0.,  0.]), sf=array([ 1.,  1.]), size=array([ 0.12,  0.12]), tex=None, texRes=128, units=u'norm', win=Window(...))
14.9838 	EXP 	Created end_text = TextStim(alignHoriz='center', alignVert='center', antialias=True, autoLog=True, bold=False, color='white', colorSpace='named', contrast=1.0, depth=0.0, flipHoriz=False, flipVert=False, font='Arial', fontFiles=[], height=0.1, italic=False, name='end_text', opacity=1.0, ori=0, pos=array([ 0.,  0.]), rgb=array([ 255.,  255.,  255.]), text=u'This was the end - Thank you!', units=u'norm', win=Window(...), wrapWidth=1)
15.0266 	EXP 	select_eeg_system: autoDraw = True
16.2575 	DATA 	Keypress: 1
16.2737 	EXP 	select_eeg_system: autoDraw = False
16.2737 	EXP 	instr_text: autoDraw = True
17.3093 	DATA 	Keypress: space
17.3420 	EXP 	instr_text: autoDraw = False
18.3907 	EXP 	text_4: text = '1'
18.3907 	EXP 	text_4: text = u'1'
18.4241 	EXP 	text_4: text = '2'
18.4241 	EXP 	text_4: text = u'2'
19.3909 	EXP 	text_4: text = '3'
19.3909 	EXP 	text_4: text = u'3'
20.3908 	EXP 	text_4: text = '4'
20.3908 	EXP 	text_4: text = u'4'
21.3907 	EXP 	text_4: text = '5'
21.3907 	EXP 	text_4: text = u'5'
22.3907 	EXP 	text_4: text = '6'
22.3907 	EXP 	text_4: text = u'6'
23.4076 	EXP 	text_4: text = '5'
23.4076 	EXP 	text_4: text = u'5'
24.3910 	EXP 	text_4: text = '4'
24.3910 	EXP 	text_4: text = u'4'
25.3910 	EXP 	text_4: text = '3'
25.3910 	EXP 	text_4: text = u'3'
26.3908 	EXP 	text_4: text = '2'
26.3908 	EXP 	text_4: text = u'2'
27.3124 	EXP 	Sound  started
27.4908 	EXP 	text_4: text = '1'
27.4908 	EXP 	text_4: text = u'1'
28.4075 	EXP 	text_4: text = '0'
28.4075 	EXP 	text_4: text = u'0'
28.5138 	EXP 	Sound  started
29.3909 	EXP 	text_4: text = '9'
29.3909 	EXP 	text_4: text = u'9'
29.7162 	EXP 	Sound  started
30.3911 	EXP 	text_4: text = '8'
30.3911 	EXP 	text_4: text = u'8'
30.9192 	EXP 	Sound  started
31.3910 	EXP 	text_4: text = '7'
31.3910 	EXP 	text_4: text = u'7'
32.1219 	EXP 	Sound  started
32.3908 	EXP 	text_4: text = '8'
32.3908 	EXP 	text_4: text = u'8'
33.3247 	EXP 	Sound  started
33.3907 	EXP 	text_4: text = '9'
33.3907 	EXP 	text_4: text = u'9'
34.3908 	EXP 	text_4: text = '0'
34.3908 	EXP 	text_4: text = u'0'
34.5277 	EXP 	Sound  started
35.4591 	EXP 	text_4: text = '1'
35.4591 	EXP 	text_4: text = u'1'
35.8133 	EXP 	Sound  started
36.4691 	EXP 	text_4: text = '2'
36.4691 	EXP 	text_4: text = u'2'
37.0238 	EXP 	Sound  started
37.4068 	EXP 	text_4: text = '3'
37.4068 	EXP 	text_4: text = u'3'
38.4252 	EXP 	text_4: text = '4'
38.4252 	EXP 	text_4: text = u'4'
39.3963 	EXP 	text_4: text = '5'
39.3963 	EXP 	text_4: text = u'5'
40.4640 	EXP 	text_4: text = '6'
40.4640 	EXP 	text_4: text = u'6'
41.4479 	EXP 	text_4: text = '5'
41.4479 	EXP 	text_4: text = u'5'
42.4317 	EXP 	text_4: text = '4'
42.4317 	EXP 	text_4: text = u'4'
43.4980 	EXP 	text_4: text = '3'
43.4980 	EXP 	text_4: text = u'3'
44.5004 	EXP 	text_4: text = '2'
44.5004 	EXP 	text_4: text = u'2'
45.4340 	EXP 	text_4: text = '1'
45.4340 	EXP 	text_4: text = u'1'
46.4079 	EXP 	text_4: text = '0'
46.4079 	EXP 	text_4: text = u'0'
47.3444 	EXP 	Sound  started
47.4099 	EXP 	text_4: text = '9'
47.4099 	EXP 	text_4: text = u'9'
48.4869 	EXP 	text_4: text = '8'
48.4869 	EXP 	text_4: text = u'8'
48.5576 	EXP 	Sound  started
49.4159 	EXP 	text_4: text = '7'
49.4159 	EXP 	text_4: text = u'7'
49.7720 	EXP 	Sound  started
50.4352 	EXP 	text_4: text = '6'
50.4352 	EXP 	text_4: text = u'6'
50.9992 	EXP 	Sound  started
51.5011 	EXP 	text_4: text = '7'
51.5011 	EXP 	text_4: text = u'7'
52.2024 	EXP 	Sound  started
52.4019 	EXP 	text_4: text = '8'
52.4019 	EXP 	text_4: text = u'8'
53.3835 	EXP 	text_4: text = '9'
53.3835 	EXP 	text_4: text = u'9'
53.4053 	EXP 	Sound  started
54.3835 	EXP 	text_4: text = '0'
54.3835 	EXP 	text_4: text = u'0'
54.6079 	EXP 	Sound  started
55.3835 	EXP 	text_4: text = '1'
55.3835 	EXP 	text_4: text = u'1'
55.8099 	EXP 	Sound  started
56.3835 	EXP 	text_4: text = '2'
56.3835 	EXP 	text_4: text = u'2'
57.0115 	EXP 	Sound  started
57.3836 	EXP 	text_4: text = '3'
57.3836 	EXP 	text_4: text = u'3'
58.3835 	EXP 	text_4: text = '4'
58.3835 	EXP 	text_4: text = u'4'
59.3836 	EXP 	text_4: text = '5'
59.3836 	EXP 	text_4: text = u'5'
60.3838 	EXP 	text_4: text = '6'
60.3838 	EXP 	text_4: text = u'6'
61.3835 	EXP 	text_4: text = '5'
61.3835 	EXP 	text_4: text = u'5'
62.3940 	EXP 	text_4: text = '4'
62.3940 	EXP 	text_4: text = u'4'
63.3837 	EXP 	text_4: text = '3'
63.3837 	EXP 	text_4: text = u'3'
64.3838 	EXP 	text_4: text = '2'
64.3838 	EXP 	text_4: text = u'2'
65.3851 	EXP 	text_4: text = '1'
65.3851 	EXP 	text_4: text = u'1'
66.4003 	EXP 	text_4: text = '0'
66.4003 	EXP 	text_4: text = u'0'
67.3115 	EXP 	Sound  started
67.3839 	EXP 	text_4: text = '9'
67.3839 	EXP 	text_4: text = u'9'
68.3838 	EXP 	text_4: text = '8'
68.3838 	EXP 	text_4: text = u'8'
68.7145 	EXP 	Sound  started
69.3837 	EXP 	text_4: text = '7'
69.3837 	EXP 	text_4: text = u'7'
70.1712 	EXP 	Sound  started
70.4502 	EXP 	text_4: text = '6'
70.4502 	EXP 	text_4: text = u'6'
71.4901 	EXP 	text_4: text = '5'
71.4901 	EXP 	text_4: text = u'5'
71.5929 	EXP 	Sound  started
72.4296 	EXP 	text_4: text = '4'
72.4296 	EXP 	text_4: text = u'4'
73.0433 	EXP 	Sound  started
73.4869 	EXP 	text_4: text = '3'
73.4869 	EXP 	text_4: text = u'3'
74.4970 	EXP 	text_4: text = '2'
74.4970 	EXP 	text_4: text = u'2'
74.5002 	EXP 	Sound  started
75.4404 	EXP 	text_4: text = '1'
75.4404 	EXP 	text_4: text = u'1'
75.9752 	EXP 	Sound  started
76.4050 	EXP 	text_4: text = '0'
76.4050 	EXP 	text_4: text = u'0'
77.4106 	EXP 	text_4: text = '9'
77.4106 	EXP 	text_4: text = u'9'
78.4898 	EXP 	text_4: text = '8'
78.4898 	EXP 	text_4: text = u'8'
79.4395 	EXP 	text_4: text = '7'
79.4395 	EXP 	text_4: text = u'7'
80.4143 	EXP 	text_4: text = '6'
80.4143 	EXP 	text_4: text = u'6'
81.4810 	EXP 	text_4: text = '7'
81.4810 	EXP 	text_4: text = u'7'
82.4489 	EXP 	text_4: text = '8'
82.4489 	EXP 	text_4: text = u'8'
83.3992 	EXP 	text_4: text = '9'
83.3992 	EXP 	text_4: text = u'9'
84.3976 	EXP 	text_4: text = '0'
84.3976 	EXP 	text_4: text = u'0'
85.4345 	EXP 	text_4: text = '1'
85.4345 	EXP 	text_4: text = u'1'
86.4525 	EXP 	text_4: text = '2'
86.4525 	EXP 	text_4: text = u'2'
87.4375 	EXP 	text_4: text = '3'
87.4375 	EXP 	text_4: text = u'3'
88.3874 	EXP 	text_4: text = '4'
88.3874 	EXP 	text_4: text = u'4'
89.3876 	EXP 	text_4: text = '5'
89.3876 	EXP 	text_4: text = u'5'
90.3873 	EXP 	text_4: text = '6'
90.3873 	EXP 	text_4: text = u'6'
91.3874 	EXP 	text_4: text = '7'
91.3874 	EXP 	text_4: text = u'7'
92.3892 	EXP 	text_4: text = '8'
92.3892 	EXP 	text_4: text = u'8'
93.3873 	EXP 	text_4: text = '9'
93.3873 	EXP 	text_4: text = u'9'
94.3874 	EXP 	text_4: text = '0'
94.3874 	EXP 	text_4: text = u'0'
94.8109 	EXP 	Sound  started
95.3875 	EXP 	text_4: text = '1'
95.3875 	EXP 	text_4: text = u'1'
96.2137 	EXP 	Sound  started
96.3874 	EXP 	text_4: text = '2'
96.3874 	EXP 	text_4: text = u'2'
97.3875 	EXP 	text_4: text = '3'
97.3875 	EXP 	text_4: text = u'3'
97.6157 	EXP 	Sound  started
98.3890 	EXP 	text_4: text = '4'
98.3890 	EXP 	text_4: text = u'4'
99.0182 	EXP 	Sound  started
99.3882 	EXP 	text_4: text = '3'
99.3882 	EXP 	text_4: text = u'3'
100.3885 	EXP 	text_4: text = '2'
100.3885 	EXP 	text_4: text = u'2'
100.4200 	EXP 	Sound  started
101.3877 	EXP 	text_4: text = '1'
101.3877 	EXP 	text_4: text = u'1'
101.8217 	EXP 	Sound  started
102.3883 	EXP 	text_4: text = '0'
102.3883 	EXP 	text_4: text = u'0'
103.2238 	EXP 	Sound  started
103.3881 	EXP 	text_4: text = '9'
103.3881 	EXP 	text_4: text = u'9'
104.3882 	EXP 	text_4: text = '8'
104.3882 	EXP 	text_4: text = u'8'
104.6259 	EXP 	Sound  started
105.4569 	EXP 	text_4: text = '7'
105.4569 	EXP 	text_4: text = u'7'
106.0601 	EXP 	Sound  started
106.3904 	EXP 	text_4: text = '6'
106.3904 	EXP 	text_4: text = u'6'
107.4293 	EXP 	text_4: text = '5'
107.4293 	EXP 	text_4: text = u'5'
107.5140 	EXP 	Sound  started
108.4773 	EXP 	text_4: text = '4'
108.4773 	EXP 	text_4: text = u'4'
108.9162 	EXP 	Sound  started
109.4771 	EXP 	text_4: text = '3'
109.4771 	EXP 	text_4: text = u'3'
110.3203 	EXP 	Sound  started
110.3955 	EXP 	text_4: text = '2'
110.3955 	EXP 	text_4: text = u'2'
111.4804 	EXP 	text_4: text = '1'
111.4804 	EXP 	text_4: text = u'1'
111.7245 	EXP 	Sound  started
112.4181 	EXP 	text_4: text = '0'
112.4181 	EXP 	text_4: text = u'0'
113.4330 	EXP 	text_4: text = '9'
113.4330 	EXP 	text_4: text = u'9'
114.5253 	EXP 	text_4: text = '0'
114.5253 	EXP 	text_4: text = u'0'
115.4936 	EXP 	text_4: text = '1'
115.4936 	EXP 	text_4: text = u'1'
116.4205 	EXP 	text_4: text = '2'
116.4205 	EXP 	text_4: text = u'2'
117.4385 	EXP 	text_4: text = '3'
117.4385 	EXP 	text_4: text = u'3'
118.5047 	EXP 	text_4: text = '4'
118.5047 	EXP 	text_4: text = u'4'
119.4195 	EXP 	text_4: text = '5'
119.4195 	EXP 	text_4: text = u'5'
120.4714 	EXP 	text_4: text = '6'
120.4714 	EXP 	text_4: text = u'6'
121.4198 	EXP 	text_4: text = '7'
121.4198 	EXP 	text_4: text = u'7'
122.4042 	EXP 	text_4: text = '8'
122.4042 	EXP 	text_4: text = u'8'
123.3882 	EXP 	text_4: text = '9'
123.3882 	EXP 	text_4: text = u'9'
124.3869 	EXP 	text_4: text = '0'
124.3869 	EXP 	text_4: text = u'0'
125.3870 	EXP 	text_4: text = '1'
125.3870 	EXP 	text_4: text = u'1'
126.3868 	EXP 	text_4: text = '2'
126.3868 	EXP 	text_4: text = u'2'
127.3868 	EXP 	text_4: text = '3'
127.3868 	EXP 	text_4: text = u'3'
128.3868 	EXP 	text_4: text = '4'
128.3868 	EXP 	text_4: text = u'4'
129.3873 	EXP 	text_4: text = '5'
129.3873 	EXP 	text_4: text = u'5'
129.8083 	EXP 	Sound  started
130.3893 	EXP 	text_4: text = '4'
130.3893 	EXP 	text_4: text = u'4'
131.0107 	EXP 	Sound  started
131.3869 	EXP 	text_4: text = '3'
131.3869 	EXP 	text_4: text = u'3'
132.2138 	EXP 	Sound  started
132.4548 	EXP 	text_4: text = '2'
132.4548 	EXP 	text_4: text = u'2'
133.4216 	EXP 	text_4: text = '1'
133.4216 	EXP 	text_4: text = u'1'
133.4232 	EXP 	Sound  started
134.4055 	EXP 	text_4: text = '0'
134.4055 	EXP 	text_4: text = u'0'
134.6587 	EXP 	Sound  started
135.4885 	EXP 	text_4: text = '9'
135.4885 	EXP 	text_4: text = u'9'
135.8612 	EXP 	Sound  started
136.4606 	EXP 	text_4: text = '8'
136.4606 	EXP 	text_4: text = u'8'
137.0660 	EXP 	Sound  started
137.4447 	EXP 	text_4: text = '7'
137.4447 	EXP 	text_4: text = u'7'
138.2892 	EXP 	Sound  started
138.3998 	EXP 	text_4: text = '8'
138.3998 	EXP 	text_4: text = u'8'
139.4681 	EXP 	text_4: text = '9'
139.4681 	EXP 	text_4: text = u'9'
139.5545 	EXP 	Sound  started
140.4185 	EXP 	text_4: text = '0'
140.4185 	EXP 	text_4: text = u'0'
140.7583 	EXP 	Sound  started
141.4351 	EXP 	text_4: text = '1'
141.4351 	EXP 	text_4: text = u'1'
141.9743 	EXP 	Sound  started
142.4058 	EXP 	text_4: text = '2'
142.4058 	EXP 	text_4: text = u'2'
143.1770 	EXP 	Sound  started
143.3900 	EXP 	text_4: text = '3'
143.3900 	EXP 	text_4: text = u'3'
144.3883 	EXP 	text_4: text = '4'
144.3883 	EXP 	text_4: text = u'4'
144.3904 	EXP 	Sound  started
145.3882 	EXP 	text_4: text = '5'
145.3882 	EXP 	text_4: text = u'5'
145.5930 	EXP 	Sound  started
146.3885 	EXP 	text_4: text = '6'
146.3885 	EXP 	text_4: text = u'6'
146.7957 	EXP 	Sound  started
147.3883 	EXP 	text_4: text = '7'
147.3883 	EXP 	text_4: text = u'7'
148.3884 	EXP 	text_4: text = '8'
148.3884 	EXP 	text_4: text = u'8'
149.3893 	EXP 	text_4: text = '9'
149.3893 	EXP 	text_4: text = u'9'
150.3884 	EXP 	text_4: text = '0'
150.3884 	EXP 	text_4: text = u'0'
151.3883 	EXP 	text_4: text = '1'
151.3883 	EXP 	text_4: text = u'1'
152.4234 	EXP 	text_4: text = '2'
152.4234 	EXP 	text_4: text = u'2'
153.4404 	EXP 	text_4: text = '3'
153.4404 	EXP 	text_4: text = u'3'
154.4243 	EXP 	text_4: text = '4'
154.4243 	EXP 	text_4: text = u'4'
155.4589 	EXP 	text_4: text = '3'
155.4589 	EXP 	text_4: text = u'3'
156.4462 	EXP 	text_4: text = '2'
156.4462 	EXP 	text_4: text = u'2'
157.4339 	EXP 	text_4: text = '1'
157.4339 	EXP 	text_4: text = u'1'
158.5194 	EXP 	text_4: text = '0'
158.5194 	EXP 	text_4: text = u'0'
159.4409 	EXP 	text_4: text = '9'
159.4409 	EXP 	text_4: text = u'9'
160.4092 	EXP 	text_4: text = '8'
160.4092 	EXP 	text_4: text = u'8'
161.3935 	EXP 	text_4: text = '7'
161.3935 	EXP 	text_4: text = u'7'
162.4097 	EXP 	text_4: text = '6'
162.4097 	EXP 	text_4: text = u'6'
163.3753 	EXP 	text_4: text = '5'
163.3753 	EXP 	text_4: text = u'5'
164.3754 	EXP 	text_4: text = '4'
164.3754 	EXP 	text_4: text = u'4'
164.8074 	EXP 	Sound  started
165.3759 	EXP 	text_4: text = '3'
165.3759 	EXP 	text_4: text = u'3'
166.0105 	EXP 	Sound  started
166.3918 	EXP 	text_4: text = '2'
166.3918 	EXP 	text_4: text = u'2'
167.2135 	EXP 	Sound  started
167.3935 	EXP 	text_4: text = '1'
167.3935 	EXP 	text_4: text = u'1'
168.3756 	EXP 	text_4: text = '0'
168.3756 	EXP 	text_4: text = u'0'
168.4165 	EXP 	Sound  started
169.3922 	EXP 	text_4: text = '9'
169.3922 	EXP 	text_4: text = u'9'
169.6195 	EXP 	Sound  started
170.3752 	EXP 	text_4: text = '8'
170.3752 	EXP 	text_4: text = u'8'
170.8226 	EXP 	Sound  started
171.3920 	EXP 	text_4: text = '7'
171.3920 	EXP 	text_4: text = u'7'
172.0254 	EXP 	Sound  started
172.4265 	EXP 	text_4: text = '6'
172.4265 	EXP 	text_4: text = u'6'
173.2608 	EXP 	Sound  started
173.4195 	EXP 	text_4: text = '5'
173.4195 	EXP 	text_4: text = u'5'
174.4006 	EXP 	text_4: text = '4'
174.4006 	EXP 	text_4: text = u'4'
174.5029 	EXP 	Sound  started
175.4692 	EXP 	text_4: text = '3'
175.4692 	EXP 	text_4: text = u'3'
175.7690 	EXP 	Sound  started
176.4270 	EXP 	text_4: text = '2'
176.4270 	EXP 	text_4: text = u'2'
176.9714 	EXP 	Sound  started
177.4196 	EXP 	text_4: text = '3'
177.4196 	EXP 	text_4: text = u'3'
178.1728 	EXP 	Sound  started
178.4452 	EXP 	text_4: text = '4'
178.4452 	EXP 	text_4: text = u'4'
179.4281 	EXP 	text_4: text = '5'
179.4281 	EXP 	text_4: text = u'5'
179.4302 	EXP 	Sound  started
180.4653 	EXP 	text_4: text = '6'
180.4653 	EXP 	text_4: text = u'6'
180.7026 	EXP 	Sound  started
181.3977 	EXP 	text_4: text = '7'
181.3977 	EXP 	text_4: text = u'7'
181.9068 	EXP 	Sound  started
182.4307 	EXP 	text_4: text = '8'
182.4307 	EXP 	text_4: text = u'8'
183.3807 	EXP 	text_4: text = '9'
183.3807 	EXP 	text_4: text = u'9'
184.3817 	EXP 	text_4: text = '0'
184.3817 	EXP 	text_4: text = u'0'
185.3811 	EXP 	text_4: text = '1'
185.3811 	EXP 	text_4: text = u'1'
186.3808 	EXP 	text_4: text = '0'
186.3808 	EXP 	text_4: text = u'0'
187.3808 	EXP 	text_4: text = '9'
187.3808 	EXP 	text_4: text = u'9'
188.3807 	EXP 	text_4: text = '8'
188.3807 	EXP 	text_4: text = u'8'
189.3807 	EXP 	text_4: text = '7'
189.3807 	EXP 	text_4: text = u'7'
190.3809 	EXP 	text_4: text = '6'
190.3809 	EXP 	text_4: text = u'6'
191.3827 	EXP 	text_4: text = '5'
191.3827 	EXP 	text_4: text = u'5'
192.3069 	EXP 	Sound  started
192.3814 	EXP 	text_4: text = '4'
192.3814 	EXP 	text_4: text = u'4'
193.3827 	EXP 	text_4: text = '5'
193.3827 	EXP 	text_4: text = u'5'
193.7093 	EXP 	Sound  started
194.3809 	EXP 	text_4: text = '6'
194.3809 	EXP 	text_4: text = u'6'
195.1118 	EXP 	Sound  started
195.3809 	EXP 	text_4: text = '7'
195.3809 	EXP 	text_4: text = u'7'
196.3810 	EXP 	text_4: text = '8'
196.3810 	EXP 	text_4: text = u'8'
196.5138 	EXP 	Sound  started
197.3824 	EXP 	text_4: text = '9'
197.3824 	EXP 	text_4: text = u'9'
197.9158 	EXP 	Sound  started
198.3813 	EXP 	text_4: text = '0'
198.3813 	EXP 	text_4: text = u'0'
199.3182 	EXP 	Sound  started
199.3811 	EXP 	text_4: text = '1'
199.3811 	EXP 	text_4: text = u'1'
200.4830 	EXP 	text_4: text = '2'
200.4830 	EXP 	text_4: text = u'2'
200.7220 	EXP 	Sound  started
201.4190 	EXP 	text_4: text = '3'
201.4190 	EXP 	text_4: text = u'3'
202.1651 	EXP 	Sound  started
202.4759 	EXP 	text_4: text = '2'
202.4759 	EXP 	text_4: text = u'2'
203.4643 	EXP 	text_4: text = '1'
203.4643 	EXP 	text_4: text = u'1'
204.4570 	EXP 	text_4: text = '0'
204.4570 	EXP 	text_4: text = u'0'
205.4219 	EXP 	text_4: text = '9'
205.4219 	EXP 	text_4: text = u'9'
206.4841 	EXP 	text_4: text = '8'
206.4841 	EXP 	text_4: text = u'8'
207.4690 	EXP 	text_4: text = '7'
207.4690 	EXP 	text_4: text = u'7'
208.4489 	EXP 	text_4: text = '6'
208.4489 	EXP 	text_4: text = u'6'
209.4003 	EXP 	text_4: text = '5'
209.4003 	EXP 	text_4: text = u'5'
210.4373 	EXP 	text_4: text = '6'
210.4373 	EXP 	text_4: text = u'6'
211.5030 	EXP 	text_4: text = '7'
211.5030 	EXP 	text_4: text = u'7'
212.4231 	EXP 	text_4: text = '8'
212.4231 	EXP 	text_4: text = u'8'
212.4277 	EXP 	Sound  started
213.4605 	EXP 	text_4: text = '9'
213.4605 	EXP 	text_4: text = u'9'
213.8317 	EXP 	Sound  started
214.4441 	EXP 	text_4: text = '0'
214.4441 	EXP 	text_4: text = u'0'
215.2350 	EXP 	Sound  started
215.4958 	EXP 	text_4: text = '1'
215.4958 	EXP 	text_4: text = u'1'
216.4831 	EXP 	text_4: text = '2'
216.4831 	EXP 	text_4: text = u'2'
216.6861 	EXP 	Sound  started
217.4184 	EXP 	text_4: text = '3'
217.4184 	EXP 	text_4: text = u'3'
218.0884 	EXP 	Sound  started
218.3848 	EXP 	text_4: text = '4'
218.3848 	EXP 	text_4: text = u'4'
219.3860 	EXP 	text_4: text = '5'
219.3860 	EXP 	text_4: text = u'5'
219.4918 	EXP 	Sound  started
220.3844 	EXP 	text_4: text = '6'
220.3844 	EXP 	text_4: text = u'6'
220.8944 	EXP 	Sound  started
221.3840 	EXP 	text_4: text = '7'
221.3840 	EXP 	text_4: text = u'7'
222.2956 	EXP 	Sound  started
222.3682 	EXP 	text_4: text = '8'
222.3682 	EXP 	text_4: text = u'8'
223.3679 	EXP 	text_4: text = '9'
223.3679 	EXP 	text_4: text = u'9'
224.3859 	EXP 	text_4: text = '8'
224.3859 	EXP 	text_4: text = u'8'
225.3846 	EXP 	text_4: text = '7'
225.3846 	EXP 	text_4: text = u'7'
226.4012 	EXP 	text_4: text = '6'
226.4012 	EXP 	text_4: text = u'6'
227.3847 	EXP 	text_4: text = '5'
227.3847 	EXP 	text_4: text = u'5'
228.3849 	EXP 	text_4: text = '4'
228.3849 	EXP 	text_4: text = u'4'
229.3846 	EXP 	text_4: text = '3'
229.3846 	EXP 	text_4: text = u'3'
230.3856 	EXP 	text_4: text = '2'
230.3856 	EXP 	text_4: text = u'2'
231.3850 	EXP 	text_4: text = '1'
231.3850 	EXP 	text_4: text = u'1'
232.3046 	EXP 	Sound  started
232.3847 	EXP 	text_4: text = '2'
232.3847 	EXP 	text_4: text = u'2'
233.3850 	EXP 	text_4: text = '3'
233.3850 	EXP 	text_4: text = u'3'
233.7067 	EXP 	Sound  started
234.3846 	EXP 	text_4: text = '4'
234.3846 	EXP 	text_4: text = u'4'
235.1101 	EXP 	Sound  started
235.4015 	EXP 	text_4: text = '5'
235.4015 	EXP 	text_4: text = u'5'
236.4697 	EXP 	text_4: text = '6'
236.4697 	EXP 	text_4: text = u'6'
236.5704 	EXP 	Sound  started
237.4230 	EXP 	text_4: text = '7'
237.4230 	EXP 	text_4: text = u'7'
237.9888 	EXP 	Sound  started
238.4581 	EXP 	text_4: text = '8'
238.4581 	EXP 	text_4: text = u'8'
239.4092 	EXP 	text_4: text = '9'
239.4092 	EXP 	text_4: text = u'9'
239.4185 	EXP 	Sound  started
240.4285 	EXP 	text_4: text = '8'
240.4285 	EXP 	text_4: text = u'8'
240.8224 	EXP 	Sound  started
241.4540 	EXP 	text_4: text = '7'
241.4540 	EXP 	text_4: text = u'7'
242.2395 	EXP 	Sound  started
242.4199 	EXP 	text_4: text = '6'
242.4199 	EXP 	text_4: text = u'6'
243.4157 	EXP 	text_4: text = '5'
243.4157 	EXP 	text_4: text = u'5'
244.4067 	EXP 	text_4: text = '4'
244.4067 	EXP 	text_4: text = u'4'
245.4754 	EXP 	text_4: text = '3'
245.4754 	EXP 	text_4: text = u'3'
246.4752 	EXP 	text_4: text = '2'
246.4752 	EXP 	text_4: text = u'2'
247.4080 	EXP 	text_4: text = '1'
247.4080 	EXP 	text_4: text = u'1'
248.4931 	EXP 	text_4: text = '0'
248.4931 	EXP 	text_4: text = u'0'
249.3958 	EXP 	text_4: text = '1'
249.3958 	EXP 	text_4: text = u'1'
250.4625 	EXP 	text_4: text = '2'
250.4625 	EXP 	text_4: text = u'2'
251.4138 	EXP 	text_4: text = '3'
251.4138 	EXP 	text_4: text = u'3'
252.4329 	EXP 	text_4: text = '4'
252.4329 	EXP 	text_4: text = u'4'
253.3813 	EXP 	text_4: text = '5'
253.3813 	EXP 	text_4: text = u'5'
254.3820 	EXP 	text_4: text = '6'
254.3820 	EXP 	text_4: text = u'6'
255.3814 	EXP 	text_4: text = '7'
255.3814 	EXP 	text_4: text = u'7'
256.3812 	EXP 	text_4: text = '8'
256.3812 	EXP 	text_4: text = u'8'
257.3817 	EXP 	text_4: text = '9'
257.3817 	EXP 	text_4: text = u'9'
258.3812 	EXP 	text_4: text = '0'
258.3812 	EXP 	text_4: text = u'0'
259.3812 	EXP 	text_4: text = '1'
259.3812 	EXP 	text_4: text = u'1'
259.8041 	EXP 	Sound  started
260.3816 	EXP 	text_4: text = '2'
260.3816 	EXP 	text_4: text = u'2'
261.0062 	EXP 	Sound  started
261.3833 	EXP 	text_4: text = '1'
261.3833 	EXP 	text_4: text = u'1'
262.2082 	EXP 	Sound  started
262.3815 	EXP 	text_4: text = '0'
262.3815 	EXP 	text_4: text = u'0'
263.3818 	EXP 	text_4: text = '9'
263.3818 	EXP 	text_4: text = u'9'
263.4099 	EXP 	Sound  started
264.3814 	EXP 	text_4: text = '8'
264.3814 	EXP 	text_4: text = u'8'
264.6126 	EXP 	Sound  started
265.3814 	EXP 	text_4: text = '7'
265.3814 	EXP 	text_4: text = u'7'
265.8157 	EXP 	Sound  started
266.3817 	EXP 	text_4: text = '6'
266.3817 	EXP 	text_4: text = u'6'
267.0178 	EXP 	Sound  started
267.3827 	EXP 	text_4: text = '5'
267.3827 	EXP 	text_4: text = u'5'
268.2204 	EXP 	Sound  started
268.3817 	EXP 	text_4: text = '4'
268.3817 	EXP 	text_4: text = u'4'
269.3818 	EXP 	text_4: text = '3'
269.3818 	EXP 	text_4: text = u'3'
269.4244 	EXP 	Sound  started
270.3995 	EXP 	text_4: text = '2'
270.3995 	EXP 	text_4: text = u'2'
270.6589 	EXP 	Sound  started
271.4902 	EXP 	text_4: text = '1'
271.4902 	EXP 	text_4: text = u'1'
271.9322 	EXP 	Sound  started
272.4122 	EXP 	text_4: text = '0'
272.4122 	EXP 	text_4: text = u'0'
273.1359 	EXP 	Sound  started
273.4012 	EXP 	text_4: text = '9'
273.4012 	EXP 	text_4: text = u'9'
274.3404 	EXP 	Sound  started
274.3919 	EXP 	text_4: text = '8'
274.3919 	EXP 	text_4: text = u'8'
275.4436 	EXP 	text_4: text = '7'
275.4436 	EXP 	text_4: text = u'7'
275.5423 	EXP 	Sound  started
276.4169 	EXP 	text_4: text = '6'
276.4169 	EXP 	text_4: text = u'6'
276.7460 	EXP 	Sound  started
277.3835 	EXP 	text_4: text = '5'
277.3835 	EXP 	text_4: text = u'5'
278.4671 	EXP 	text_4: text = '4'
278.4671 	EXP 	text_4: text = u'4'
279.4153 	EXP 	text_4: text = '3'
279.4153 	EXP 	text_4: text = u'3'
280.4898 	EXP 	text_4: text = '2'
280.4898 	EXP 	text_4: text = u'2'
281.4045 	EXP 	text_4: text = '3'
281.4045 	EXP 	text_4: text = u'3'
282.4639 	EXP 	text_4: text = '4'
282.4639 	EXP 	text_4: text = u'4'
283.4471 	EXP 	text_4: text = '5'
283.4471 	EXP 	text_4: text = u'5'
284.4279 	EXP 	text_4: text = '6'
284.4279 	EXP 	text_4: text = u'6'
285.4786 	EXP 	text_4: text = '7'
285.4786 	EXP 	text_4: text = u'7'
285.4800 	DATA 	Keypress: escape
