8.5541 	EXP 	Created window1 = Window(allowGUI=False, allowStencil=True, autoLog=True, bitsMode=UNKNOWN, blendMode='avg', color=array([ 0.,  0.,  0.]), colorSpace='rgb', fullscr=UNKNOWN, gamma=None, lms=UNKNOWN, monitor=<psychopy.monitors.calibTools.Monitor instance at 0x08A8E170>, name='window1', pos=[0, 0], screen=0, size=array([1440,  900]), stereo=False, units=u'norm', useFBO=True, viewOri=0.0, viewPos=None, viewScale=None, waitBlanking=True, winType='pyglet')
8.5542 	EXP 	window1: recordFrameIntervals = False
8.7174 	EXP 	window1: recordFrameIntervals = True
8.8569 	WARNING 	t of last frame was 21.19ms (=1/47)
8.8888 	WARNING 	t of last frame was 31.91ms (=1/31)
8.9215 	WARNING 	t of last frame was 20.09ms (=1/49)
8.9901 	WARNING 	t of last frame was 21.01ms (=1/47)
9.1234 	WARNING 	Multiple dropped frames have occurred - I'll stop bothering you about them!
10.2124 	EXP 	window1: recordFrameIntervals = False
10.2232 	EXP 	Created aperture = Aperture(autoLog=True, nVert=UNKNOWN, name='aperture', ori=0, pos=(0, 0), shape=UNKNOWN, size=1, units='norm', win=Window(...))
10.6235 	EXP 	Created text_ask_for_version = TextStim(alignHoriz='center', alignVert='center', antialias=True, autoLog=True, bold=False, color=u'white', colorSpace='named', contrast=1.0, depth=0.0, flipHoriz=False, flipVert=False, font=u'Arial', fontFiles=[], height=0.1, italic=False, name='text_ask_for_version', opacity=1.0, ori=0, pos=array([ 0.,  0.]), rgb=array([ 255.,  255.,  255.]), text=unicode(...), units=u'norm', win=Window(...), wrapWidth=1)
10.7140 	EXP 	Created t_ask_lower_block = TextStim(alignHoriz='center', alignVert='center', antialias=True, autoLog=True, bold=False, color=u'white', colorSpace='named', contrast=1.0, depth=0.0, flipHoriz=False, flipVert=False, font=u'Arial', fontFiles=[], height=0.1, italic=False, name='t_ask_lower_block', opacity=1.0, ori=0, pos=array([ 0.,  0.]), rgb=array([ 255.,  255.,  255.]), text=unicode(...), units=u'norm', win=Window(...), wrapWidth=1)
10.8035 	EXP 	Created t_ask_up_block = TextStim(alignHoriz='center', alignVert='center', antialias=True, autoLog=True, bold=False, color=u'white', colorSpace='named', contrast=1.0, depth=0.0, flipHoriz=False, flipVert=False, font=u'Arial', fontFiles=[], height=0.1, italic=False, name='t_ask_up_block', opacity=1.0, ori=0, pos=array([ 0.,  0.]), rgb=array([ 255.,  255.,  255.]), text=unicode(...), units=u'norm', win=Window(...), wrapWidth=1)
10.9140 	EXP 	Created text_ask_for_flip = TextStim(alignHoriz='center', alignVert='center', antialias=True, autoLog=True, bold=False, color=u'white', colorSpace='named', contrast=1.0, depth=0.0, flipHoriz=False, flipVert=False, font=u'Arial', fontFiles=[], height=0.1, italic=False, name='text_ask_for_flip', opacity=1.0, ori=0, pos=array([ 0.,  0.]), rgb=array([ 255.,  255.,  255.]), text=unicode(...), units=u'norm', win=Window(...), wrapWidth=1)
11.4757 	EXP 	Set  sound=stim/audio_40Hz_L.wav
11.4782 	EXP 	Set  sound=stim/audio_55Hz_L.wav
11.4797 	EXP 	Set  sound=stim/audio_40Hz_R.wav
11.4815 	EXP 	Set  sound=stim/audio_55Hz_R.wav
11.4816 	EXP 	Set Sound  volume=1.000
11.4817 	EXP 	Set Sound  volume=1.000
11.4817 	EXP 	Set Sound  volume=1.000
11.4818 	EXP 	Set Sound  volume=1.000
11.5965 	EXP 	Created select_eeg_system = TextStim(alignHoriz='center', alignVert='center', antialias=True, autoLog=True, bold=False, color=u'white', colorSpace='named', contrast=1.0, depth=-1.0, flipHoriz=False, flipVert=False, font=u'Arial', fontFiles=[], height=0.1, italic=False, name='select_eeg_system', opacity=1.0, ori=0, pos=array([ 0.,  0.]), rgb=array([ 255.,  255.,  255.]), text=unicode(...), units=u'norm', win=Window(...), wrapWidth=1)
11.6950 	EXP 	Created instr_text = TextStim(alignHoriz='center', alignVert='center', antialias=True, autoLog=True, bold=False, color='white', colorSpace='named', contrast=1.0, depth=-1.0, flipHoriz=False, flipVert=False, font='Arial', fontFiles=[], height=0.1, italic=False, name='instr_text', opacity=1.0, ori=0, pos=array([ 0.,  0.]), rgb=array([ 255.,  255.,  255.]), text=unicode(...), units=u'norm', win=Window(...), wrapWidth=1)
11.7688 	EXP 	Created end_text = TextStim(alignHoriz='center', alignVert='center', antialias=True, autoLog=True, bold=False, color='white', colorSpace='named', contrast=1.0, depth=0.0, flipHoriz=False, flipVert=False, font='Arial', fontFiles=[], height=0.1, italic=False, name='end_text', opacity=1.0, ori=0, pos=array([ 0.,  0.]), rgb=array([ 255.,  255.,  255.]), text=u'This was the end - Thank you!', units=u'norm', win=Window(...), wrapWidth=1)
11.7951 	EXP 	aperture: enabled = False
11.7951 	EXP 	aperture: enabled = True
11.7951 	EXP 	aperture: enabled = False
11.7951 	EXP 	aperture: autoDraw = False
11.7951 	EXP 	aperture: enabled = False
11.7951 	EXP 	text_ask_for_version: autoDraw = True
12.5123 	DATA 	Keypress: 1
12.5299 	EXP 	text_ask_for_version: autoDraw = False
12.5299 	EXP 	t_ask_lower_block: autoDraw = True
14.1866 	DATA 	Keypress: 3
14.1931 	EXP 	Created lower_aperture = Aperture(autoLog=True, nVert=UNKNOWN, name='lower_aperture', ori=0, pos=(0, 0), shape=UNKNOWN, size=1, units='norm', win=Window(...))
14.2138 	EXP 	t_ask_lower_block: autoDraw = False
14.2138 	EXP 	t_ask_up_block: autoDraw = True
15.6176 	DATA 	Keypress: 1
15.6494 	EXP 	t_ask_up_block: autoDraw = False
15.6494 	EXP 	text_ask_for_flip: autoDraw = True
16.7335 	DATA 	Keypress: 1
16.7494 	EXP 	Created text_4 = TextStim(alignHoriz='center', alignVert='center', antialias=True, autoLog=True, bold=False, color=u'red', colorSpace='named', contrast=1.0, depth=0.0, flipHoriz=False, flipVert=False, font=u'Arial', fontFiles=[], height=0.1, italic=False, name='text_4', opacity=1.0, ori=0, pos=array([ 0.,  0.]), rgb=array([ 255.,    0.,    0.]), text=u'0', units=u'norm', win=Window(...), wrapWidth=1)
16.7662 	EXP 	text_ask_for_flip: autoDraw = False
16.7662 	EXP 	select_eeg_system: autoDraw = True
17.4172 	DATA 	Keypress: 1
17.4529 	EXP 	select_eeg_system: autoDraw = False
17.4529 	EXP 	instr_text: autoDraw = True
18.1236 	DATA 	Keypress: space
18.2234 	EXP 	Created unnamed PatchStim = PatchStim(autoDraw=False, autoLog=True, color=array([-0.25, -0.25, -0.25]), colorSpace='rgb', contrast=1.0, depth=0, interpolate=False, mask='circle', maskParams=None, name='unnamed PatchStim', opacity=1.0, ori=0.0, phase=array([ 0.,  0.]), pos=array([ 0.,  0.]), rgbPedestal=array([ 0.,  0.,  0.]), sf=array([ 1.,  1.]), size=array([ 0.12,  0.12]), tex=None, texRes=128, units=u'norm', win=Window(...))
18.2665 	EXP 	instr_text: autoDraw = False
19.3328 	EXP 	text_4: text = '1'
19.3328 	EXP 	text_4: text = u'1'
20.4333 	EXP 	text_4: text = '2'
20.4333 	EXP 	text_4: text = u'2'
21.3321 	EXP 	text_4: text = '3'
21.3321 	EXP 	text_4: text = u'3'
22.3152 	EXP 	text_4: text = '4'
22.3152 	EXP 	text_4: text = u'4'
23.3169 	EXP 	text_4: text = '5'
23.3169 	EXP 	text_4: text = u'5'
24.3326 	EXP 	text_4: text = '6'
24.3326 	EXP 	text_4: text = u'6'
25.3152 	EXP 	text_4: text = '7'
25.3152 	EXP 	text_4: text = u'7'
26.3318 	EXP 	text_4: text = '8'
26.3318 	EXP 	text_4: text = u'8'
27.3319 	EXP 	text_4: text = '9'
27.3319 	EXP 	text_4: text = u'9'
28.2255 	EXP 	Sound  started
28.3324 	EXP 	text_4: text = '0'
28.3324 	EXP 	text_4: text = u'0'
29.3322 	EXP 	text_4: text = '9'
29.3322 	EXP 	text_4: text = u'9'
29.4277 	EXP 	Sound  started
30.3327 	EXP 	text_4: text = '8'
30.3327 	EXP 	text_4: text = u'8'
30.6296 	EXP 	Sound  started
31.3323 	EXP 	text_4: text = '7'
31.3323 	EXP 	text_4: text = u'7'
31.8311 	EXP 	Sound  started
32.3150 	EXP 	text_4: text = '6'
32.3150 	EXP 	text_4: text = u'6'
33.0344 	EXP 	Sound  started
33.3145 	EXP 	text_4: text = '5'
33.3145 	EXP 	text_4: text = u'5'
34.2363 	EXP 	Sound  started
34.3150 	EXP 	text_4: text = '6'
34.3150 	EXP 	text_4: text = u'6'
35.3328 	EXP 	text_4: text = '7'
35.3328 	EXP 	text_4: text = u'7'
35.4380 	EXP 	Sound  started
36.3646 	EXP 	text_4: text = '8'
36.3646 	EXP 	text_4: text = u'8'
36.6403 	EXP 	Sound  started
37.3481 	EXP 	text_4: text = '9'
37.3481 	EXP 	text_4: text = u'9'
37.8419 	EXP 	Sound  started
38.4341 	EXP 	text_4: text = '0'
38.4341 	EXP 	text_4: text = u'0'
39.3837 	EXP 	text_4: text = '1'
39.3837 	EXP 	text_4: text = u'1'
40.3682 	EXP 	text_4: text = '2'
40.3682 	EXP 	text_4: text = u'2'
41.4514 	EXP 	text_4: text = '3'
41.4514 	EXP 	text_4: text = u'3'
42.4036 	EXP 	text_4: text = '4'
42.4036 	EXP 	text_4: text = u'4'
43.3682 	EXP 	text_4: text = '3'
43.3682 	EXP 	text_4: text = u'3'
44.3679 	EXP 	text_4: text = '2'
44.3679 	EXP 	text_4: text = u'2'
44.8261 	DATA 	Keypress: escape
