10.3772 	EXP 	Created window1 = Window(allowGUI=False, allowStencil=False, autoLog=True, bitsMode=UNKNOWN, blendMode='avg', color=array([ 0.,  0.,  0.]), colorSpace='rgb', fullscr=UNKNOWN, gamma=None, lms=UNKNOWN, monitor=<psychopy.monitors.calibTools.Monitor instance at 0x098CBD28>, name='window1', pos=[0, 0], screen=0, size=array([1440,  900]), stereo=False, units=u'norm', useFBO=True, viewOri=0.0, viewPos=None, viewScale=None, waitBlanking=True, winType='pyglet')
10.3773 	EXP 	window1: recordFrameIntervals = False
10.5422 	EXP 	window1: recordFrameIntervals = True
10.7267 	EXP 	window1: recordFrameIntervals = False
11.1909 	EXP 	Set  sound=stim/audio_40Hz_L.wav
11.1929 	EXP 	Set  sound=stim/audio_55Hz_L.wav
11.1940 	EXP 	Set  sound=stim/audio_40Hz_R.wav
11.1960 	EXP 	Set  sound=stim/audio_55Hz_R.wav
11.1961 	EXP 	Set Sound  volume=1.000
11.1961 	EXP 	Set Sound  volume=1.000
11.1961 	EXP 	Set Sound  volume=1.000
11.1961 	EXP 	Set Sound  volume=1.000
11.3773 	EXP 	Created text_4 = TextStim(alignHoriz='center', alignVert='center', antialias=True, autoLog=True, bold=False, color=u'red', colorSpace='named', contrast=1.0, depth=0.0, flipHoriz=False, flipVert=False, font=u'Arial', fontFiles=[], height=0.1, italic=False, name='text_4', opacity=1.0, ori=0, pos=array([ 0.,  0.]), rgb=array([ 255.,    0.,    0.]), text=u'X', units=u'norm', win=Window(...), wrapWidth=1)
11.5028 	EXP 	Created select_eeg_system = TextStim(alignHoriz='center', alignVert='center', antialias=True, autoLog=True, bold=False, color='white', colorSpace='named', contrast=1.0, depth=-1.0, flipHoriz=False, flipVert=False, font='Arial', fontFiles=[], height=0.1, italic=False, name='select_eeg_system', opacity=1.0, ori=0, pos=array([ 0.,  0.]), rgb=array([ 255.,  255.,  255.]), text=unicode(...), units=u'norm', win=Window(...), wrapWidth=1)
11.5371 	EXP 	Created instr_text = TextStim(alignHoriz='center', alignVert='center', antialias=True, autoLog=True, bold=False, color='white', colorSpace='named', contrast=1.0, depth=0.0, flipHoriz=False, flipVert=False, font='Arial', fontFiles=[], height=0.1, italic=False, name='instr_text', opacity=1.0, ori=0, pos=array([ 0.,  0.]), rgb=array([ 255.,  255.,  255.]), text=u'Try to keep focusing on the crosshair!', units=u'norm', win=Window(...), wrapWidth=1)
11.5762 	EXP 	Created unnamed PatchStim = PatchStim(autoDraw=False, autoLog=True, color=array([ 0.25,  0.25,  0.25]), colorSpace='rgb', contrast=1.0, depth=0, interpolate=False, mask='circle', maskParams=None, name='unnamed PatchStim', opacity=1.0, ori=0.0, phase=array([ 0.,  0.]), pos=array([ 0.,  0.]), rgbPedestal=array([ 0.,  0.,  0.]), sf=array([ 1.,  1.]), size=array([ 0.12,  0.12]), tex=None, texRes=128, units=u'norm', win=Window(...))
11.6008 	EXP 	Created end_text = TextStim(alignHoriz='center', alignVert='center', antialias=True, autoLog=True, bold=False, color='white', colorSpace='named', contrast=1.0, depth=0.0, flipHoriz=False, flipVert=False, font='Arial', fontFiles=[], height=0.1, italic=False, name='end_text', opacity=1.0, ori=0, pos=array([ 0.,  0.]), rgb=array([ 255.,  255.,  255.]), text=u'This was the end - Thank you!', units=u'norm', win=Window(...), wrapWidth=1)
11.6269 	EXP 	select_eeg_system: autoDraw = True
12.7928 	DATA 	Keypress: 1
12.8087 	EXP 	select_eeg_system: autoDraw = False
12.8087 	EXP 	instr_text: autoDraw = True
13.6932 	DATA 	Keypress: space
13.7426 	EXP 	instr_text: autoDraw = False
14.7924 	EXP 	text_4: text = '1'
14.7924 	EXP 	text_4: text = u'1'
14.8425 	EXP 	text_4: text = '2'
14.8425 	EXP 	text_4: text = u'2'
15.7942 	EXP 	text_4: text = '3'
15.7942 	EXP 	text_4: text = u'3'
16.8092 	EXP 	text_4: text = '4'
16.8092 	EXP 	text_4: text = u'4'
17.7929 	EXP 	text_4: text = '5'
17.7929 	EXP 	text_4: text = u'5'
18.7924 	EXP 	text_4: text = '4'
18.7924 	EXP 	text_4: text = u'4'
19.8092 	EXP 	text_4: text = '3'
19.8092 	EXP 	text_4: text = u'3'
20.7924 	EXP 	text_4: text = '2'
20.7924 	EXP 	text_4: text = u'2'
21.7935 	EXP 	text_4: text = '1'
21.7935 	EXP 	text_4: text = u'1'
22.7924 	EXP 	text_4: text = '0'
22.7924 	EXP 	text_4: text = u'0'
23.7133 	EXP 	Sound  started
23.9092 	EXP 	text_4: text = '9'
23.9092 	EXP 	text_4: text = u'9'
24.7927 	EXP 	text_4: text = '8'
24.7927 	EXP 	text_4: text = u'8'
24.9154 	EXP 	Sound  started
25.7924 	EXP 	text_4: text = '7'
25.7924 	EXP 	text_4: text = u'7'
26.1183 	EXP 	Sound  started
26.7924 	EXP 	text_4: text = '8'
26.7924 	EXP 	text_4: text = u'8'
27.3206 	EXP 	Sound  started
27.7927 	EXP 	text_4: text = '9'
27.7927 	EXP 	text_4: text = u'9'
28.5233 	EXP 	Sound  started
28.7927 	EXP 	text_4: text = '0'
28.7927 	EXP 	text_4: text = u'0'
29.7255 	EXP 	Sound  started
29.7926 	EXP 	text_4: text = '1'
29.7926 	EXP 	text_4: text = u'1'
30.7925 	EXP 	text_4: text = '2'
30.7925 	EXP 	text_4: text = u'2'
30.9283 	EXP 	Sound  started
31.8780 	EXP 	text_4: text = '1'
31.8780 	EXP 	text_4: text = u'1'
32.1657 	EXP 	Sound  started
32.8510 	EXP 	text_4: text = '0'
32.8510 	EXP 	text_4: text = u'0'
33.3708 	EXP 	Sound  started
33.9173 	EXP 	text_4: text = '9'
33.9173 	EXP 	text_4: text = u'9'
34.8682 	EXP 	text_4: text = '8'
34.8682 	EXP 	text_4: text = u'8'
35.8503 	EXP 	text_4: text = '7'
35.8503 	EXP 	text_4: text = u'7'
36.8374 	EXP 	text_4: text = '6'
36.8374 	EXP 	text_4: text = u'6'
37.8742 	EXP 	text_4: text = '5'
37.8742 	EXP 	text_4: text = u'5'
38.8572 	EXP 	text_4: text = '4'
38.8572 	EXP 	text_4: text = u'4'
39.8425 	EXP 	text_4: text = '3'
39.8425 	EXP 	text_4: text = u'3'
40.9100 	EXP 	text_4: text = '2'
40.9100 	EXP 	text_4: text = u'2'
41.9128 	EXP 	text_4: text = '1'
41.9128 	EXP 	text_4: text = u'1'
42.8323 	EXP 	text_4: text = '0'
42.8323 	EXP 	text_4: text = u'0'
43.7871 	EXP 	Sound  started
43.8345 	EXP 	text_4: text = '9'
43.8345 	EXP 	text_4: text = u'9'
44.8941 	EXP 	text_4: text = '8'
44.8941 	EXP 	text_4: text = u'8'
45.0482 	EXP 	Sound  started
45.8618 	EXP 	text_4: text = '7'
45.8618 	EXP 	text_4: text = u'7'
46.2656 	EXP 	Sound  started
46.8317 	EXP 	text_4: text = '6'
46.8317 	EXP 	text_4: text = u'6'
47.4693 	EXP 	Sound  started
47.8317 	EXP 	text_4: text = '5'
47.8317 	EXP 	text_4: text = u'5'
48.6726 	EXP 	Sound  started
48.8249 	EXP 	text_4: text = '4'
48.8249 	EXP 	text_4: text = u'4'
49.7906 	EXP 	text_4: text = '3'
49.7906 	EXP 	text_4: text = u'3'
49.8748 	EXP 	Sound  started
50.7905 	EXP 	text_4: text = '2'
50.7905 	EXP 	text_4: text = u'2'
51.0769 	EXP 	Sound  started
51.3797 	DATA 	Keypress: escape
