9.2289 	EXP 	Created window1 = Window(allowGUI=False, allowStencil=False, autoLog=True, bitsMode=UNKNOWN, blendMode='avg', color=array([ 0.,  0.,  0.]), colorSpace='rgb', fullscr=UNKNOWN, gamma=None, lms=UNKNOWN, monitor=<psychopy.monitors.calibTools.Monitor instance at 0x04D3DB98>, name='window1', pos=[0, 0], screen=0, size=array([1600,  900]), stereo=False, units=u'norm', useFBO=True, viewOri=0.0, viewPos=None, viewScale=None, waitBlanking=True, winType='pyglet')
9.2290 	EXP 	window1: recordFrameIntervals = False
9.5397 	EXP 	window1: recordFrameIntervals = True
9.8838 	EXP 	window1: recordFrameIntervals = False
10.0968 	EXP 	Created text_ask_for_version = TextStim(alignHoriz='center', alignVert='center', antialias=True, autoLog=True, bold=False, color='white', colorSpace='named', contrast=1.0, depth=0.0, flipHoriz=False, flipVert=False, font='Arial', fontFiles=[], height=0.1, italic=False, name='text_ask_for_version', opacity=1.0, ori=0, pos=array([ 0.,  0.]), rgb=array([ 255.,  255.,  255.]), text=unicode(...), units=u'norm', win=Window(...), wrapWidth=1)
10.3253 	EXP 	Set  sound=stim/audio_40Hz_L.wav
10.3267 	EXP 	Set  sound=stim/audio_55Hz_L.wav
10.3279 	EXP 	Set  sound=stim/audio_40Hz_R.wav
10.3293 	EXP 	Set  sound=stim/audio_55Hz_R.wav
10.3294 	EXP 	Set Sound  volume=1.000
10.3294 	EXP 	Set Sound  volume=1.000
10.3294 	EXP 	Set Sound  volume=1.000
10.3295 	EXP 	Set Sound  volume=1.000
10.4071 	EXP 	Created select_eeg_system = TextStim(alignHoriz='center', alignVert='center', antialias=True, autoLog=True, bold=False, color=u'white', colorSpace='named', contrast=1.0, depth=-1.0, flipHoriz=False, flipVert=False, font=u'Arial', fontFiles=[], height=0.1, italic=False, name='select_eeg_system', opacity=1.0, ori=0, pos=array([ 0.,  0.]), rgb=array([ 255.,  255.,  255.]), text=unicode(...), units=u'norm', win=Window(...), wrapWidth=1)
10.4334 	EXP 	Created instr_text = TextStim(alignHoriz='center', alignVert='center', antialias=True, autoLog=True, bold=False, color=u'white', colorSpace='named', contrast=1.0, depth=0.0, flipHoriz=False, flipVert=False, font=u'Arial', fontFiles=[], height=0.1, italic=False, name='instr_text', opacity=1.0, ori=0, pos=array([ 0.,  0.]), rgb=array([ 255.,  255.,  255.]), text=unicode(...), units=u'norm', win=Window(...), wrapWidth=1)
10.4463 	EXP 	Created end_text = TextStim(alignHoriz='center', alignVert='center', antialias=True, autoLog=True, bold=False, color='white', colorSpace='named', contrast=1.0, depth=0.0, flipHoriz=False, flipVert=False, font='Arial', fontFiles=[], height=0.1, italic=False, name='end_text', opacity=1.0, ori=0, pos=array([ 0.,  0.]), rgb=array([ 255.,  255.,  255.]), text=u'This was the end - Thank you!', units=u'norm', win=Window(...), wrapWidth=1)
10.4678 	EXP 	text_ask_for_version: autoDraw = True
11.9863 	DATA 	Keypress: 1
11.9939 	EXP 	Created text_4 = TextStim(alignHoriz='center', alignVert='center', antialias=True, autoLog=True, bold=False, color=u'red', colorSpace='named', contrast=1.0, depth=0.0, flipHoriz=False, flipVert=False, font=u'Arial', fontFiles=[], height=0.1, italic=False, name='text_4', opacity=1.0, ori=0, pos=array([ 0.,  0.]), rgb=array([ 255.,    0.,    0.]), text=u'0', units=u'norm', win=Window(...), wrapWidth=1)
12.0030 	EXP 	text_ask_for_version: autoDraw = False
12.0030 	EXP 	select_eeg_system: autoDraw = True
12.9429 	DATA 	Keypress: 2
12.9606 	EXP 	select_eeg_system: autoDraw = False
12.9606 	EXP 	instr_text: autoDraw = True
13.7950 	DATA 	Keypress: space
13.8842 	EXP 	Created unnamed PatchStim = PatchStim(autoDraw=False, autoLog=True, color=array([-0.25, -0.25, -0.25]), colorSpace='rgb', contrast=1.0, depth=0, interpolate=False, mask='circle', maskParams=None, name='unnamed PatchStim', opacity=1.0, ori=0.0, phase=array([ 0.,  0.]), pos=array([ 0.,  0.]), rgbPedestal=array([ 0.,  0.,  0.]), sf=array([ 1.,  1.]), size=array([ 0.12,  0.12]), tex=None, texRes=128, units=u'norm', win=Window(...))
13.9112 	EXP 	instr_text: autoDraw = False
14.9277 	EXP 	text_4: text = '1'
14.9277 	EXP 	text_4: text = u'1'
15.9281 	EXP 	text_4: text = '2'
15.9281 	EXP 	text_4: text = u'2'
16.9288 	EXP 	text_4: text = '3'
16.9288 	EXP 	text_4: text = u'3'
17.9288 	EXP 	text_4: text = '4'
17.9288 	EXP 	text_4: text = u'4'
18.5111 	DATA 	Keypress: escape
