15.1887 	EXP 	Created window1 = Window(allowGUI=False, allowStencil=False, autoLog=True, bitsMode=UNKNOWN, blendMode='avg', color=array([ 0.,  0.,  0.]), colorSpace='rgb', fullscr=UNKNOWN, gamma=None, lms=UNKNOWN, monitor=<psychopy.monitors.calibTools.Monitor instance at 0x04D94A58>, name='window1', pos=[0, 0], screen=0, size=array([1600,  900]), stereo=False, units=u'norm', useFBO=True, viewOri=0.0, viewPos=None, viewScale=None, waitBlanking=True, winType='pyglet')
15.1888 	EXP 	window1: recordFrameIntervals = False
15.5011 	EXP 	window1: recordFrameIntervals = True
15.8452 	EXP 	window1: recordFrameIntervals = False
16.5977 	EXP 	Created text_ask_for_version = TextStim(alignHoriz='center', alignVert='center', antialias=True, autoLog=True, bold=False, color='white', colorSpace='named', contrast=1.0, depth=0.0, flipHoriz=False, flipVert=False, font='Arial', fontFiles=[], height=0.1, italic=False, name='text_ask_for_version', opacity=1.0, ori=0, pos=array([ 0.,  0.]), rgb=array([ 255.,  255.,  255.]), text=unicode(...), units=u'norm', win=Window(...), wrapWidth=1)
16.8901 	EXP 	Set  sound=stim/audio_40Hz_L.wav
16.8908 	EXP 	Set  sound=stim/audio_55Hz_L.wav
16.8913 	EXP 	Set  sound=stim/audio_40Hz_R.wav
16.8923 	EXP 	Set  sound=stim/audio_55Hz_R.wav
16.8923 	EXP 	Set Sound  volume=1.000
16.8923 	EXP 	Set Sound  volume=1.000
16.8924 	EXP 	Set Sound  volume=1.000
16.8924 	EXP 	Set Sound  volume=1.000
17.1540 	EXP 	Created select_eeg_system = TextStim(alignHoriz='center', alignVert='center', antialias=True, autoLog=True, bold=False, color='white', colorSpace='named', contrast=1.0, depth=-1.0, flipHoriz=False, flipVert=False, font='Arial', fontFiles=[], height=0.1, italic=False, name='select_eeg_system', opacity=1.0, ori=0, pos=array([ 0.,  0.]), rgb=array([ 255.,  255.,  255.]), text=unicode(...), units=u'norm', win=Window(...), wrapWidth=1)
17.1826 	EXP 	Created instr_text = TextStim(alignHoriz='center', alignVert='center', antialias=True, autoLog=True, bold=False, color='white', colorSpace='named', contrast=1.0, depth=0.0, flipHoriz=False, flipVert=False, font='Arial', fontFiles=[], height=0.1, italic=False, name='instr_text', opacity=1.0, ori=0, pos=array([ 0.,  0.]), rgb=array([ 255.,  255.,  255.]), text=unicode(...), units=u'norm', win=Window(...), wrapWidth=1)
17.1968 	EXP 	Created end_text = TextStim(alignHoriz='center', alignVert='center', antialias=True, autoLog=True, bold=False, color='white', colorSpace='named', contrast=1.0, depth=0.0, flipHoriz=False, flipVert=False, font='Arial', fontFiles=[], height=0.1, italic=False, name='end_text', opacity=1.0, ori=0, pos=array([ 0.,  0.]), rgb=array([ 255.,  255.,  255.]), text=u'This was the end - Thank you!', units=u'norm', win=Window(...), wrapWidth=1)
17.2131 	EXP 	text_ask_for_version: autoDraw = True
18.8951 	DATA 	Keypress: 1
18.9026 	EXP 	Created text_4 = TextStim(alignHoriz='center', alignVert='center', antialias=True, autoLog=True, bold=False, color=u'red', colorSpace='named', contrast=1.0, depth=0.0, flipHoriz=False, flipVert=False, font=u'Arial', fontFiles=[], height=0.1, italic=False, name='text_4', opacity=1.0, ori=0, pos=array([ 0.,  0.]), rgb=array([ 255.,    0.,    0.]), text=u'0', units=u'norm', win=Window(...), wrapWidth=1)
18.9113 	EXP 	text_ask_for_version: autoDraw = False
18.9113 	EXP 	select_eeg_system: autoDraw = True
19.8882 	DATA 	Keypress: 1
19.9047 	EXP 	select_eeg_system: autoDraw = False
19.9047 	EXP 	instr_text: autoDraw = True
20.7913 	DATA 	Keypress: space
20.8311 	EXP 	Created unnamed PatchStim = PatchStim(autoDraw=False, autoLog=True, color=array([-0.25, -0.25, -0.25]), colorSpace='rgb', contrast=1.0, depth=0, interpolate=False, mask='circle', maskParams=None, name='unnamed PatchStim', opacity=1.0, ori=0.0, phase=array([ 0.,  0.]), pos=array([ 0.,  0.]), rgbPedestal=array([ 0.,  0.,  0.]), sf=array([ 1.,  1.]), size=array([ 0.12,  0.12]), tex=None, texRes=128, units=u'norm', win=Window(...))
20.8570 	EXP 	instr_text: autoDraw = False
21.8736 	EXP 	text_4: text = '1'
21.8736 	EXP 	text_4: text = u'1'
22.8905 	EXP 	text_4: text = '2'
22.8905 	EXP 	text_4: text = u'2'
23.8904 	EXP 	text_4: text = '3'
23.8904 	EXP 	text_4: text = u'3'
24.8908 	EXP 	text_4: text = '4'
24.8908 	EXP 	text_4: text = u'4'
25.8908 	EXP 	text_4: text = '5'
25.8908 	EXP 	text_4: text = u'5'
26.8908 	EXP 	text_4: text = '6'
26.8908 	EXP 	text_4: text = u'6'
27.8909 	EXP 	text_4: text = '5'
27.8909 	EXP 	text_4: text = u'5'
28.8745 	EXP 	text_4: text = '4'
28.8745 	EXP 	text_4: text = u'4'
29.8743 	EXP 	text_4: text = '3'
29.8743 	EXP 	text_4: text = u'3'
30.8335 	EXP 	Sound  started
30.8919 	EXP 	text_4: text = '2'
30.8919 	EXP 	text_4: text = u'2'
31.8926 	EXP 	text_4: text = '1'
31.8926 	EXP 	text_4: text = u'1'
32.0365 	EXP 	Sound  started
32.8933 	EXP 	text_4: text = '0'
32.8933 	EXP 	text_4: text = u'0'
33.2394 	EXP 	Sound  started
33.6009 	DATA 	Keypress: escape
