10.8099 	EXP 	Created window1 = Window(allowGUI=False, allowStencil=False, autoLog=True, bitsMode=UNKNOWN, blendMode='avg', color=array([ 0.,  0.,  0.]), colorSpace='rgb', fullscr=UNKNOWN, gamma=None, lms=UNKNOWN, monitor=<psychopy.monitors.calibTools.Monitor instance at 0x098CBD28>, name='window1', pos=[0, 0], screen=0, size=array([1440,  900]), stereo=False, units=u'norm', useFBO=True, viewOri=0.0, viewPos=None, viewScale=None, waitBlanking=True, winType='pyglet')
10.8100 	EXP 	window1: recordFrameIntervals = False
10.9739 	EXP 	window1: recordFrameIntervals = True
11.1577 	EXP 	window1: recordFrameIntervals = False
11.6394 	EXP 	Set  sound=stim/audio_40Hz_L.wav
11.6416 	EXP 	Set  sound=stim/audio_55Hz_L.wav
11.6433 	EXP 	Set  sound=stim/audio_40Hz_R.wav
11.6455 	EXP 	Set  sound=stim/audio_55Hz_R.wav
11.6456 	EXP 	Set Sound  volume=1.000
11.6456 	EXP 	Set Sound  volume=1.000
11.6456 	EXP 	Set Sound  volume=1.000
11.6457 	EXP 	Set Sound  volume=1.000
11.9116 	EXP 	Created text_4 = TextStim(alignHoriz='center', alignVert='center', antialias=True, autoLog=True, bold=False, color=u'red', colorSpace='named', contrast=1.0, depth=0.0, flipHoriz=False, flipVert=False, font=u'Arial', fontFiles=[], height=0.1, italic=False, name='text_4', opacity=1.0, ori=0, pos=array([ 0.,  0.]), rgb=array([ 255.,    0.,    0.]), text=u'X', units=u'norm', win=Window(...), wrapWidth=1)
12.0650 	EXP 	Created select_eeg_system = TextStim(alignHoriz='center', alignVert='center', antialias=True, autoLog=True, bold=False, color='white', colorSpace='named', contrast=1.0, depth=-1.0, flipHoriz=False, flipVert=False, font='Arial', fontFiles=[], height=0.1, italic=False, name='select_eeg_system', opacity=1.0, ori=0, pos=array([ 0.,  0.]), rgb=array([ 255.,  255.,  255.]), text=unicode(...), units=u'norm', win=Window(...), wrapWidth=1)
12.1090 	EXP 	Created instr_text = TextStim(alignHoriz='center', alignVert='center', antialias=True, autoLog=True, bold=False, color='white', colorSpace='named', contrast=1.0, depth=0.0, flipHoriz=False, flipVert=False, font='Arial', fontFiles=[], height=0.1, italic=False, name='instr_text', opacity=1.0, ori=0, pos=array([ 0.,  0.]), rgb=array([ 255.,  255.,  255.]), text=u'Try to keep focusing on the crosshair!', units=u'norm', win=Window(...), wrapWidth=1)
12.1589 	EXP 	Created unnamed PatchStim = PatchStim(autoDraw=False, autoLog=True, color=array([-0.5, -0.5, -0.5]), colorSpace='rgb', contrast=1.0, depth=0, interpolate=False, mask='circle', maskParams=None, name='unnamed PatchStim', opacity=1.0, ori=0.0, phase=array([ 0.,  0.]), pos=array([ 0.,  0.]), rgbPedestal=array([ 0.,  0.,  0.]), sf=array([ 1.,  1.]), size=array([ 0.12,  0.12]), tex=None, texRes=128, units=u'norm', win=Window(...))
12.1916 	EXP 	Created end_text = TextStim(alignHoriz='center', alignVert='center', antialias=True, autoLog=True, bold=False, color='white', colorSpace='named', contrast=1.0, depth=0.0, flipHoriz=False, flipVert=False, font='Arial', fontFiles=[], height=0.1, italic=False, name='end_text', opacity=1.0, ori=0, pos=array([ 0.,  0.]), rgb=array([ 255.,  255.,  255.]), text=u'This was the end - Thank you!', units=u'norm', win=Window(...), wrapWidth=1)
12.2267 	EXP 	select_eeg_system: autoDraw = True
13.2921 	DATA 	Keypress: 1
13.3083 	EXP 	select_eeg_system: autoDraw = False
13.3083 	EXP 	instr_text: autoDraw = True
13.9431 	DATA 	Keypress: space
13.9763 	EXP 	instr_text: autoDraw = False
15.0085 	EXP 	text_4: text = '1'
15.0085 	EXP 	text_4: text = u'1'
15.0586 	EXP 	text_4: text = '2'
15.0586 	EXP 	text_4: text = u'2'
16.0253 	EXP 	text_4: text = '3'
16.0253 	EXP 	text_4: text = u'3'
17.0253 	EXP 	text_4: text = '4'
17.0253 	EXP 	text_4: text = u'4'
17.6454 	DATA 	Keypress: escape
