7.9601 	EXP 	Created window1 = Window(allowGUI=False, allowStencil=True, autoLog=True, bitsMode=UNKNOWN, blendMode='avg', color=array([ 0.,  0.,  0.]), colorSpace='rgb', fullscr=UNKNOWN, gamma=None, lms=UNKNOWN, monitor=<psychopy.monitors.calibTools.Monitor instance at 0x0884DEE0>, name='window1', pos=[0, 0], screen=0, size=array([1440,  900]), stereo=False, units=u'norm', useFBO=True, viewOri=0.0, viewPos=None, viewScale=None, waitBlanking=True, winType='pyglet')
7.9602 	EXP 	window1: recordFrameIntervals = False
8.1237 	EXP 	window1: recordFrameIntervals = True
8.3079 	EXP 	window1: recordFrameIntervals = False
8.5702 	EXP 	Created text_6 = TextStim(alignHoriz='center', alignVert='center', antialias=True, autoLog=True, bold=False, color=u'white', colorSpace='named', contrast=1.0, depth=-1.0, flipHoriz=False, flipVert=False, font=u'Arial', fontFiles=[], height=0.1, italic=False, name='text_6', opacity=1.0, ori=0, pos=array([ 0.,  0.]), rgb=array([ 255.,  255.,  255.]), text=u'Any text\n\nincluding line breaks', units=u'norm', win=Window(...), wrapWidth=1)
8.5784 	EXP 	Created aperture = Aperture(autoLog=True, nVert=UNKNOWN, name='aperture', ori=0, pos=(0, 0), shape=UNKNOWN, size=1, units='norm', win=Window(...))
8.6812 	EXP 	Created text_ask_for_version = TextStim(alignHoriz='center', alignVert='center', antialias=True, autoLog=True, bold=False, color='white', colorSpace='named', contrast=1.0, depth=0.0, flipHoriz=False, flipVert=False, font='Arial', fontFiles=[], height=0.1, italic=False, name='text_ask_for_version', opacity=1.0, ori=0, pos=array([ 0.,  0.]), rgb=array([ 255.,  255.,  255.]), text=unicode(...), units=u'norm', win=Window(...), wrapWidth=1)
8.7863 	EXP 	Created text_ask_for_flip = TextStim(alignHoriz='center', alignVert='center', antialias=True, autoLog=True, bold=False, color='white', colorSpace='named', contrast=1.0, depth=0.0, flipHoriz=False, flipVert=False, font='Arial', fontFiles=[], height=0.1, italic=False, name='text_ask_for_flip', opacity=1.0, ori=0, pos=array([ 0.,  0.]), rgb=array([ 255.,  255.,  255.]), text=unicode(...), units=u'norm', win=Window(...), wrapWidth=1)
9.2107 	EXP 	Set  sound=stim/audio_40Hz_L.wav
9.2130 	EXP 	Set  sound=stim/audio_55Hz_L.wav
9.2144 	EXP 	Set  sound=stim/audio_40Hz_R.wav
9.2158 	EXP 	Set  sound=stim/audio_55Hz_R.wav
9.2158 	EXP 	Set Sound  volume=1.000
9.2159 	EXP 	Set Sound  volume=1.000
9.2159 	EXP 	Set Sound  volume=1.000
9.2159 	EXP 	Set Sound  volume=1.000
9.3111 	EXP 	Created select_eeg_system = TextStim(alignHoriz='center', alignVert='center', antialias=True, autoLog=True, bold=False, color='white', colorSpace='named', contrast=1.0, depth=-1.0, flipHoriz=False, flipVert=False, font='Arial', fontFiles=[], height=0.1, italic=False, name='select_eeg_system', opacity=1.0, ori=0, pos=array([ 0.,  0.]), rgb=array([ 255.,  255.,  255.]), text=unicode(...), units=u'norm', win=Window(...), wrapWidth=1)
9.3984 	EXP 	Created instr_text = TextStim(alignHoriz='center', alignVert='center', antialias=True, autoLog=True, bold=False, color='white', colorSpace='named', contrast=1.0, depth=-1.0, flipHoriz=False, flipVert=False, font='Arial', fontFiles=[], height=0.1, italic=False, name='instr_text', opacity=1.0, ori=0, pos=array([ 0.,  0.]), rgb=array([ 255.,  255.,  255.]), text=unicode(...), units=u'norm', win=Window(...), wrapWidth=1)
9.4460 	EXP 	Created end_text = TextStim(alignHoriz='center', alignVert='center', antialias=True, autoLog=True, bold=False, color='white', colorSpace='named', contrast=1.0, depth=0.0, flipHoriz=False, flipVert=False, font='Arial', fontFiles=[], height=0.1, italic=False, name='end_text', opacity=1.0, ori=0, pos=array([ 0.,  0.]), rgb=array([ 255.,  255.,  255.]), text=u'This was the end - Thank you!', units=u'norm', win=Window(...), wrapWidth=1)
9.4917 	EXP 	aperture: enabled = False
9.4917 	EXP 	text_6: autoDraw = True
9.4917 	EXP 	aperture: enabled = True
9.4917 	EXP 	aperture: enabled = False
16.0788 	DATA 	Keypress: escape
