4.5585 	WARNING 	Framebuffer object (FBO) not supported on this graphics card
4.8983 	EXP 	Created window1 = Window(allowGUI=False, allowStencil=False, autoLog=True, bitsMode=UNKNOWN, blendMode='avg', color=array([ 0.,  0.,  0.]), colorSpace='rgb', fullscr=UNKNOWN, gamma=None, lms=UNKNOWN, monitor=<psychopy.monitors.calibTools.Monitor instance at 0x5234050>, name='window1', pos=None, screen=0, size=array([1440,  900]), stereo=False, units=u'norm', useFBO=False, viewOri=0.0, viewPos=None, viewScale=None, waitBlanking=True, winType='pygame')
4.8984 	EXP 	window1: recordFrameIntervals = False
5.0621 	EXP 	window1: recordFrameIntervals = True
5.2463 	EXP 	window1: recordFrameIntervals = False
5.2961 	EXP 	Created text_ask_for_version = TextStim(alignHoriz='center', alignVert='center', antialias=True, autoLog=True, bold=False, color=u'white', colorSpace='named', contrast=1.0, depth=0.0, flipHoriz=False, flipVert=False, font=u'Arial', fontFiles=[], height=0.1, italic=False, name='text_ask_for_version', opacity=1.0, ori=0, pos=array([ 0.,  0.]), rgb=array([ 255.,  255.,  255.]), text=unicode(...), units=u'norm', win=Window(...), wrapWidth=1)
5.2965 	EXP 	Set  sound=stim/audio_40Hz_L.wav
5.2967 	EXP 	Set  sound=stim/audio_55Hz_L.wav
5.2969 	EXP 	Set  sound=stim/audio_40Hz_R.wav
5.2971 	EXP 	Set  sound=stim/audio_55Hz_R.wav
5.2971 	EXP 	Set Sound  volume=1.000
5.2971 	EXP 	Set Sound  volume=1.000
5.2971 	EXP 	Set Sound  volume=1.000
5.2971 	EXP 	Set Sound  volume=1.000
5.3006 	EXP 	Created select_eeg_system = TextStim(alignHoriz='center', alignVert='center', antialias=True, autoLog=True, bold=False, color='white', colorSpace='named', contrast=1.0, depth=-1.0, flipHoriz=False, flipVert=False, font='Arial', fontFiles=[], height=0.1, italic=False, name='select_eeg_system', opacity=1.0, ori=0, pos=array([ 0.,  0.]), rgb=array([ 255.,  255.,  255.]), text=unicode(...), units=u'norm', win=Window(...), wrapWidth=1)
5.3032 	EXP 	Created instr_text = TextStim(alignHoriz='center', alignVert='center', antialias=True, autoLog=True, bold=False, color='white', colorSpace='named', contrast=1.0, depth=-1.0, flipHoriz=False, flipVert=False, font='Arial', fontFiles=[], height=0.1, italic=False, name='instr_text', opacity=1.0, ori=0, pos=array([ 0.,  0.]), rgb=array([ 255.,  255.,  255.]), text=unicode(...), units=u'norm', win=Window(...), wrapWidth=1)
5.3051 	EXP 	Created end_text = TextStim(alignHoriz='center', alignVert='center', antialias=True, autoLog=True, bold=False, color='white', colorSpace='named', contrast=1.0, depth=0.0, flipHoriz=False, flipVert=False, font='Arial', fontFiles=[], height=0.1, italic=False, name='end_text', opacity=1.0, ori=0, pos=array([ 0.,  0.]), rgb=array([ 255.,  255.,  255.]), text=u'This was the end - Thank you!', units=u'norm', win=Window(...), wrapWidth=1)
5.3105 	EXP 	text_ask_for_version: autoDraw = True
6.6384 	EXP 	Created text_4 = TextStim(alignHoriz='center', alignVert='center', antialias=True, autoLog=True, bold=False, color=u'red', colorSpace='named', contrast=1.0, depth=0.0, flipHoriz=False, flipVert=False, font=u'Arial', fontFiles=[], height=0.1, italic=False, name='text_4', opacity=1.0, ori=0, pos=array([ 0.,  0.]), rgb=array([ 255.,    0.,    0.]), text=u'0', units=u'norm', win=Window(...), wrapWidth=1)
6.6496 	EXP 	text_ask_for_version: autoDraw = False
6.6496 	EXP 	select_eeg_system: autoDraw = True
9.3230 	EXP 	select_eeg_system: autoDraw = False
9.3230 	EXP 	instr_text: autoDraw = True
10.8571 	EXP 	Created unnamed PatchStim = PatchStim(autoDraw=False, autoLog=True, color=array([-0.25, -0.25, -0.25]), colorSpace='rgb', contrast=1.0, depth=0, interpolate=False, mask='circle', maskParams=None, name='unnamed PatchStim', opacity=1.0, ori=0.0, phase=array([ 0.,  0.]), pos=array([ 0.,  0.]), rgbPedestal=array([ 0.,  0.,  0.]), sf=array([ 1.,  1.]), size=array([ 0.12,  0.12]), tex=None, texRes=128, units=u'norm', win=Window(...))
10.8689 	EXP 	instr_text: autoDraw = False
10.8689 	EXP 	unnamed PatchStim: tex = None
11.8761 	EXP 	text_4: text = '1'
11.8761 	EXP 	text_4: text = u'1'
12.8770 	EXP 	text_4: text = '2'
12.8770 	EXP 	text_4: text = u'2'
13.8777 	EXP 	text_4: text = '3'
13.8777 	EXP 	text_4: text = u'3'
14.8777 	EXP 	text_4: text = '4'
14.8777 	EXP 	text_4: text = u'4'
15.8789 	EXP 	text_4: text = '5'
15.8789 	EXP 	text_4: text = u'5'
16.8794 	EXP 	text_4: text = '6'
16.8794 	EXP 	text_4: text = u'6'
17.8801 	EXP 	text_4: text = '5'
17.8801 	EXP 	text_4: text = u'5'
18.8802 	EXP 	text_4: text = '4'
18.8802 	EXP 	text_4: text = u'4'
19.8813 	EXP 	text_4: text = '3'
19.8813 	EXP 	text_4: text = u'3'
20.8581 	EXP 	Sound  started
20.8807 	EXP 	text_4: text = '2'
20.8807 	EXP 	text_4: text = u'2'
21.8812 	EXP 	text_4: text = '1'
21.8812 	EXP 	text_4: text = u'1'
22.0604 	EXP 	Sound  started
22.8819 	EXP 	text_4: text = '0'
22.8819 	EXP 	text_4: text = u'0'
23.2624 	EXP 	Sound  started
23.8764 	EXP 	text_4: text = '9'
23.8764 	EXP 	text_4: text = u'9'
24.4649 	EXP 	Sound  started
24.8770 	EXP 	text_4: text = '8'
24.8770 	EXP 	text_4: text = u'8'
25.6663 	EXP 	Sound  started
25.8775 	EXP 	text_4: text = '7'
25.8775 	EXP 	text_4: text = u'7'
26.8676 	EXP 	Sound  started
26.8769 	EXP 	text_4: text = '8'
26.8769 	EXP 	text_4: text = u'8'
27.8769 	EXP 	text_4: text = '9'
27.8769 	EXP 	text_4: text = u'9'
28.0693 	EXP 	Sound  started
28.9841 	EXP 	text_4: text = '0'
28.9841 	EXP 	text_4: text = u'0'
29.2717 	EXP 	Sound  started
29.9571 	EXP 	text_4: text = '1'
29.9571 	EXP 	text_4: text = u'1'
30.4729 	EXP 	Sound  started
30.9053 	EXP 	text_4: text = '2'
30.9053 	EXP 	text_4: text = u'2'
31.9921 	EXP 	text_4: text = '3'
31.9921 	EXP 	text_4: text = u'3'
32.9659 	EXP 	text_4: text = '4'
32.9659 	EXP 	text_4: text = u'4'
33.9076 	EXP 	text_4: text = '5'
33.9076 	EXP 	text_4: text = u'5'
34.9969 	EXP 	text_4: text = '6'
34.9969 	EXP 	text_4: text = u'6'
35.9791 	EXP 	text_4: text = '7'
35.9791 	EXP 	text_4: text = u'7'
36.9159 	EXP 	text_4: text = '8'
36.9159 	EXP 	text_4: text = u'8'
38.0069 	EXP 	text_4: text = '9'
38.0069 	EXP 	text_4: text = u'9'
38.9804 	EXP 	text_4: text = '8'
38.9804 	EXP 	text_4: text = u'8'
39.9218 	EXP 	text_4: text = '7'
39.9218 	EXP 	text_4: text = u'7'
40.8584 	EXP 	Sound  started
40.8880 	EXP 	text_4: text = '6'
40.8880 	EXP 	text_4: text = u'6'
41.9883 	EXP 	text_4: text = '5'
41.9883 	EXP 	text_4: text = u'5'
42.0594 	EXP 	Sound  started
42.9284 	EXP 	text_4: text = '4'
42.9284 	EXP 	text_4: text = u'4'
43.2610 	EXP 	Sound  started
43.8936 	EXP 	text_4: text = '3'
43.8936 	EXP 	text_4: text = u'3'
44.4625 	EXP 	Sound  started
44.9926 	EXP 	text_4: text = '2'
44.9926 	EXP 	text_4: text = u'2'
45.6635 	EXP 	Sound  started
45.8758 	EXP 	text_4: text = '1'
45.8758 	EXP 	text_4: text = u'1'
46.8647 	EXP 	Sound  started
46.8765 	EXP 	text_4: text = '0'
46.8765 	EXP 	text_4: text = u'0'
47.8758 	EXP 	text_4: text = '1'
47.8758 	EXP 	text_4: text = u'1'
48.0721 	EXP 	Sound  started
48.8763 	EXP 	text_4: text = '2'
48.8763 	EXP 	text_4: text = u'2'
49.2734 	EXP 	Sound  started
49.8762 	EXP 	text_4: text = '3'
49.8762 	EXP 	text_4: text = u'3'
50.4746 	EXP 	Sound  started
50.8770 	EXP 	text_4: text = '4'
50.8770 	EXP 	text_4: text = u'4'
51.8776 	EXP 	text_4: text = '5'
51.8776 	EXP 	text_4: text = u'5'
52.8792 	EXP 	text_4: text = '6'
52.8792 	EXP 	text_4: text = u'6'
53.8789 	EXP 	text_4: text = '7'
53.8789 	EXP 	text_4: text = u'7'
54.8796 	EXP 	text_4: text = '8'
54.8796 	EXP 	text_4: text = u'8'
55.8793 	EXP 	text_4: text = '9'
55.8793 	EXP 	text_4: text = u'9'
56.8802 	EXP 	text_4: text = '8'
56.8802 	EXP 	text_4: text = u'8'
57.8821 	EXP 	text_4: text = '7'
57.8821 	EXP 	text_4: text = u'7'
58.8824 	EXP 	text_4: text = '6'
58.8824 	EXP 	text_4: text = u'6'
59.8828 	EXP 	text_4: text = '5'
59.8828 	EXP 	text_4: text = u'5'
60.8582 	EXP 	Sound  started
60.8820 	EXP 	text_4: text = '4'
60.8820 	EXP 	text_4: text = u'4'
61.8815 	EXP 	text_4: text = '3'
61.8815 	EXP 	text_4: text = u'3'
62.2603 	EXP 	Sound  started
62.8806 	EXP 	text_4: text = '2'
62.8806 	EXP 	text_4: text = u'2'
63.6614 	EXP 	Sound  started
63.9734 	EXP 	text_4: text = '1'
63.9734 	EXP 	text_4: text = u'1'
64.9473 	EXP 	text_4: text = '2'
64.9473 	EXP 	text_4: text = u'2'
65.0640 	EXP 	Sound  started
65.8871 	EXP 	text_4: text = '3'
65.8871 	EXP 	text_4: text = u'3'
66.4666 	EXP 	Sound  started
66.9798 	EXP 	text_4: text = '4'
66.9798 	EXP 	text_4: text = u'4'
67.8675 	EXP 	Sound  started
67.9530 	EXP 	text_4: text = '5'
67.9530 	EXP 	text_4: text = u'5'
68.8948 	EXP 	text_4: text = '6'
68.8948 	EXP 	text_4: text = u'6'
69.2691 	EXP 	Sound  started
69.9873 	EXP 	text_4: text = '7'
69.9873 	EXP 	text_4: text = u'7'
70.6708 	EXP 	Sound  started
70.9618 	EXP 	text_4: text = '8'
70.9618 	EXP 	text_4: text = u'8'
71.9007 	EXP 	text_4: text = '9'
71.9007 	EXP 	text_4: text = u'9'
72.9932 	EXP 	text_4: text = '8'
72.9932 	EXP 	text_4: text = u'8'
73.9675 	EXP 	text_4: text = '7'
73.9675 	EXP 	text_4: text = u'7'
74.9071 	EXP 	text_4: text = '6'
74.9071 	EXP 	text_4: text = u'6'
76.0022 	EXP 	text_4: text = '5'
76.0022 	EXP 	text_4: text = u'5'
76.9718 	EXP 	text_4: text = '4'
76.9718 	EXP 	text_4: text = u'4'
77.9141 	EXP 	text_4: text = '3'
77.9141 	EXP 	text_4: text = u'3'
79.0067 	EXP 	text_4: text = '2'
79.0067 	EXP 	text_4: text = u'2'
79.9803 	EXP 	text_4: text = '3'
79.9803 	EXP 	text_4: text = u'3'
80.8795 	EXP 	text_4: text = '4'
80.8795 	EXP 	text_4: text = u'4'
81.8808 	EXP 	text_4: text = '5'
81.8808 	EXP 	text_4: text = u'5'
82.8815 	EXP 	text_4: text = '6'
82.8815 	EXP 	text_4: text = u'6'
83.8811 	EXP 	text_4: text = '7'
83.8811 	EXP 	text_4: text = u'7'
84.8804 	EXP 	text_4: text = '8'
84.8804 	EXP 	text_4: text = u'8'
85.8819 	EXP 	text_4: text = '9'
85.8819 	EXP 	text_4: text = u'9'
86.8811 	EXP 	text_4: text = '8'
86.8811 	EXP 	text_4: text = u'8'
87.8814 	EXP 	text_4: text = '7'
87.8814 	EXP 	text_4: text = u'7'
88.3583 	EXP 	Sound  started
88.8822 	EXP 	text_4: text = '6'
88.8822 	EXP 	text_4: text = u'6'
89.7594 	EXP 	Sound  started
89.8810 	EXP 	text_4: text = '5'
89.8810 	EXP 	text_4: text = u'5'
90.8825 	EXP 	text_4: text = '4'
90.8825 	EXP 	text_4: text = u'4'
91.1618 	EXP 	Sound  started
91.8823 	EXP 	text_4: text = '3'
91.8823 	EXP 	text_4: text = u'3'
92.5625 	EXP 	Sound  started
92.8820 	EXP 	text_4: text = '4'
92.8820 	EXP 	text_4: text = u'4'
93.8819 	EXP 	text_4: text = '5'
93.8819 	EXP 	text_4: text = u'5'
93.9650 	EXP 	Sound  started
94.8829 	EXP 	text_4: text = '6'
94.8829 	EXP 	text_4: text = u'6'
95.3659 	EXP 	Sound  started
95.8820 	EXP 	text_4: text = '7'
95.8820 	EXP 	text_4: text = u'7'
96.7688 	EXP 	Sound  started
96.8818 	EXP 	text_4: text = '8'
96.8818 	EXP 	text_4: text = u'8'
97.8834 	EXP 	text_4: text = '9'
97.8834 	EXP 	text_4: text = u'9'
98.1705 	EXP 	Sound  started
98.8960 	EXP 	text_4: text = '0'
98.8960 	EXP 	text_4: text = u'0'
99.5770 	EXP 	Sound  started
99.9493 	EXP 	text_4: text = '1'
99.9493 	EXP 	text_4: text = u'1'
100.9302 	EXP 	text_4: text = '2'
100.9302 	EXP 	text_4: text = u'2'
100.9782 	EXP 	Sound  started
101.9041 	EXP 	text_4: text = '1'
101.9041 	EXP 	text_4: text = u'1'
102.3798 	EXP 	Sound  started
102.9580 	EXP 	text_4: text = '0'
102.9580 	EXP 	text_4: text = u'0'
103.7838 	EXP 	Sound  started
103.9335 	EXP 	text_4: text = '9'
103.9335 	EXP 	text_4: text = u'9'
104.9089 	EXP 	text_4: text = '8'
104.9089 	EXP 	text_4: text = u'8'
105.1853 	EXP 	Sound  started
105.8921 	EXP 	text_4: text = '7'
105.8921 	EXP 	text_4: text = u'7'
106.9416 	EXP 	text_4: text = '6'
106.9416 	EXP 	text_4: text = u'6'
107.9174 	EXP 	text_4: text = '5'
107.9174 	EXP 	text_4: text = u'5'
108.8949 	EXP 	text_4: text = '4'
108.8949 	EXP 	text_4: text = u'4'
109.9483 	EXP 	text_4: text = '3'
109.9483 	EXP 	text_4: text = u'3'
110.9299 	EXP 	text_4: text = '2'
110.9299 	EXP 	text_4: text = u'2'
111.9016 	EXP 	text_4: text = '3'
111.9016 	EXP 	text_4: text = u'3'
112.9552 	EXP 	text_4: text = '4'
112.9552 	EXP 	text_4: text = u'4'
113.9315 	EXP 	text_4: text = '5'
113.9315 	EXP 	text_4: text = u'5'
114.9051 	EXP 	text_4: text = '6'
114.9051 	EXP 	text_4: text = u'6'
115.8819 	EXP 	text_4: text = '7'
115.8819 	EXP 	text_4: text = u'7'
116.8832 	EXP 	text_4: text = '8'
116.8832 	EXP 	text_4: text = u'8'
117.8841 	EXP 	text_4: text = '9'
117.8841 	EXP 	text_4: text = u'9'
118.8747 	EXP 	text_4: text = '8'
118.8747 	EXP 	text_4: text = u'8'
119.8753 	EXP 	text_4: text = '7'
119.8753 	EXP 	text_4: text = u'7'
120.8769 	EXP 	text_4: text = '6'
120.8769 	EXP 	text_4: text = u'6'
121.8792 	EXP 	text_4: text = '5'
121.8792 	EXP 	text_4: text = u'5'
122.8780 	EXP 	text_4: text = '4'
122.8780 	EXP 	text_4: text = u'4'
123.3580 	EXP 	Sound  started
123.8794 	EXP 	text_4: text = '3'
123.8794 	EXP 	text_4: text = u'3'
124.5593 	EXP 	Sound  started
124.8795 	EXP 	text_4: text = '2'
124.8795 	EXP 	text_4: text = u'2'
125.7607 	EXP 	Sound  started
125.9485 	EXP 	text_4: text = '1'
125.9485 	EXP 	text_4: text = u'1'
126.9142 	EXP 	text_4: text = '0'
126.9142 	EXP 	text_4: text = u'0'
126.9626 	EXP 	Sound  started
127.8899 	EXP 	text_4: text = '1'
127.8899 	EXP 	text_4: text = u'1'
128.1642 	EXP 	Sound  started
128.9560 	EXP 	text_4: text = '2'
128.9560 	EXP 	text_4: text = u'2'
129.3659 	EXP 	Sound  started
129.9204 	EXP 	text_4: text = '3'
129.9204 	EXP 	text_4: text = u'3'
130.5674 	EXP 	Sound  started
130.9006 	EXP 	text_4: text = '4'
130.9006 	EXP 	text_4: text = u'4'
131.7698 	EXP 	Sound  started
131.8837 	EXP 	text_4: text = '5'
131.8837 	EXP 	text_4: text = u'5'
132.9276 	EXP 	text_4: text = '6'
132.9276 	EXP 	text_4: text = u'6'
132.9707 	EXP 	Sound  started
133.9036 	EXP 	text_4: text = '7'
133.9036 	EXP 	text_4: text = u'7'
134.1727 	EXP 	Sound  started
134.8919 	EXP 	text_4: text = '8'
134.8919 	EXP 	text_4: text = u'8'
135.3741 	EXP 	Sound  started
135.8784 	EXP 	text_4: text = '7'
135.8784 	EXP 	text_4: text = u'7'
136.5755 	EXP 	Sound  started
136.8795 	EXP 	text_4: text = '6'
136.8795 	EXP 	text_4: text = u'6'
137.7768 	EXP 	Sound  started
137.8783 	EXP 	text_4: text = '5'
137.8783 	EXP 	text_4: text = u'5'
138.8800 	EXP 	text_4: text = '4'
138.8800 	EXP 	text_4: text = u'4'
138.9787 	EXP 	Sound  started
139.8810 	EXP 	text_4: text = '3'
139.8810 	EXP 	text_4: text = u'3'
140.1811 	EXP 	Sound  started
140.8810 	EXP 	text_4: text = '2'
140.8810 	EXP 	text_4: text = u'2'
141.8817 	EXP 	text_4: text = '1'
141.8817 	EXP 	text_4: text = u'1'
142.8816 	EXP 	text_4: text = '2'
142.8816 	EXP 	text_4: text = u'2'
143.8804 	EXP 	text_4: text = '3'
143.8804 	EXP 	text_4: text = u'3'
144.8816 	EXP 	text_4: text = '4'
144.8816 	EXP 	text_4: text = u'4'
145.9844 	EXP 	text_4: text = '5'
145.9844 	EXP 	text_4: text = u'5'
146.9489 	EXP 	text_4: text = '6'
146.9489 	EXP 	text_4: text = u'6'
147.9288 	EXP 	text_4: text = '7'
147.9288 	EXP 	text_4: text = u'7'
148.9905 	EXP 	text_4: text = '6'
148.9905 	EXP 	text_4: text = u'6'
149.9530 	EXP 	text_4: text = '5'
149.9530 	EXP 	text_4: text = u'5'
150.9409 	EXP 	text_4: text = '4'
150.9409 	EXP 	text_4: text = u'4'
151.9905 	EXP 	text_4: text = '3'
151.9905 	EXP 	text_4: text = u'3'
152.9578 	EXP 	text_4: text = '2'
152.9578 	EXP 	text_4: text = u'2'
153.9402 	EXP 	text_4: text = '1'
153.9402 	EXP 	text_4: text = u'1'
154.8889 	EXP 	text_4: text = '0'
154.8889 	EXP 	text_4: text = u'0'
155.8782 	EXP 	text_4: text = '1'
155.8782 	EXP 	text_4: text = u'1'
156.8800 	EXP 	text_4: text = '2'
156.8800 	EXP 	text_4: text = u'2'
157.8805 	EXP 	text_4: text = '3'
157.8805 	EXP 	text_4: text = u'3'
158.3585 	EXP 	Sound  started
158.8802 	EXP 	text_4: text = '4'
158.8802 	EXP 	text_4: text = u'4'
159.5602 	EXP 	Sound  started
159.8816 	EXP 	text_4: text = '5'
159.8816 	EXP 	text_4: text = u'5'
160.7625 	EXP 	Sound  started
160.8829 	EXP 	text_4: text = '6'
160.8829 	EXP 	text_4: text = u'6'
161.8829 	EXP 	text_4: text = '5'
161.8829 	EXP 	text_4: text = u'5'
161.9646 	EXP 	Sound  started
162.8838 	EXP 	text_4: text = '4'
162.8838 	EXP 	text_4: text = u'4'
163.1671 	EXP 	Sound  started
163.8857 	EXP 	text_4: text = '3'
163.8857 	EXP 	text_4: text = u'3'
164.3684 	EXP 	Sound  started
164.8842 	EXP 	text_4: text = '2'
164.8842 	EXP 	text_4: text = u'2'
165.5704 	EXP 	Sound  started
165.9830 	EXP 	text_4: text = '1'
165.9830 	EXP 	text_4: text = u'1'
166.7723 	EXP 	Sound  started
166.9471 	EXP 	text_4: text = '0'
166.9471 	EXP 	text_4: text = u'0'
167.9291 	EXP 	text_4: text = '9'
167.9291 	EXP 	text_4: text = u'9'
167.9735 	EXP 	Sound  started
168.9891 	EXP 	text_4: text = '8'
168.9891 	EXP 	text_4: text = u'8'
169.1750 	EXP 	Sound  started
169.9540 	EXP 	text_4: text = '7'
169.9540 	EXP 	text_4: text = u'7'
170.3763 	EXP 	Sound  started
170.9430 	EXP 	text_4: text = '6'
170.9430 	EXP 	text_4: text = u'6'
171.5780 	EXP 	Sound  started
171.9960 	EXP 	text_4: text = '7'
171.9960 	EXP 	text_4: text = u'7'
172.7796 	EXP 	Sound  started
172.9606 	EXP 	text_4: text = '8'
172.9606 	EXP 	text_4: text = u'8'
173.9410 	EXP 	text_4: text = '9'
173.9410 	EXP 	text_4: text = u'9'
173.9808 	EXP 	Sound  started
174.8920 	EXP 	text_4: text = '0'
174.8920 	EXP 	text_4: text = u'0'
175.1826 	EXP 	Sound  started
175.8975 	EXP 	text_4: text = '1'
175.8975 	EXP 	text_4: text = u'1'
176.8790 	EXP 	text_4: text = '2'
176.8790 	EXP 	text_4: text = u'2'
177.8800 	EXP 	text_4: text = '3'
177.8800 	EXP 	text_4: text = u'3'
178.8806 	EXP 	text_4: text = '4'
178.8806 	EXP 	text_4: text = u'4'
179.8797 	EXP 	text_4: text = '5'
179.8797 	EXP 	text_4: text = u'5'
180.8822 	EXP 	text_4: text = '6'
180.8822 	EXP 	text_4: text = u'6'
181.8824 	EXP 	text_4: text = '7'
181.8824 	EXP 	text_4: text = u'7'
182.8818 	EXP 	text_4: text = '8'
182.8818 	EXP 	text_4: text = u'8'
183.8831 	EXP 	text_4: text = '9'
183.8831 	EXP 	text_4: text = u'9'
184.8843 	EXP 	text_4: text = '8'
184.8843 	EXP 	text_4: text = u'8'
185.8581 	EXP 	Sound  started
185.8831 	EXP 	text_4: text = '7'
185.8831 	EXP 	text_4: text = u'7'
186.8842 	EXP 	text_4: text = '6'
186.8842 	EXP 	text_4: text = u'6'
187.2593 	EXP 	Sound  started
187.8746 	EXP 	text_4: text = '5'
187.8746 	EXP 	text_4: text = u'5'
188.6618 	EXP 	Sound  started
188.8848 	EXP 	text_4: text = '4'
188.8848 	EXP 	text_4: text = u'4'
189.8757 	EXP 	text_4: text = '3'
189.8757 	EXP 	text_4: text = u'3'
190.0635 	EXP 	Sound  started
190.8766 	EXP 	text_4: text = '2'
190.8766 	EXP 	text_4: text = u'2'
191.4646 	EXP 	Sound  started
191.8755 	EXP 	text_4: text = '3'
191.8755 	EXP 	text_4: text = u'3'
192.8661 	EXP 	Sound  started
192.8760 	EXP 	text_4: text = '4'
192.8760 	EXP 	text_4: text = u'4'
193.9013 	EXP 	text_4: text = '5'
193.9013 	EXP 	text_4: text = u'5'
194.2689 	EXP 	Sound  started
194.9572 	EXP 	text_4: text = '6'
194.9572 	EXP 	text_4: text = u'6'
195.6702 	EXP 	Sound  started
195.9401 	EXP 	text_4: text = '7'
195.9401 	EXP 	text_4: text = u'7'
196.9106 	EXP 	text_4: text = '8'
196.9106 	EXP 	text_4: text = u'8'
197.8873 	EXP 	text_4: text = '9'
197.8873 	EXP 	text_4: text = u'9'
198.9410 	EXP 	text_4: text = '0'
198.9410 	EXP 	text_4: text = u'0'
199.9163 	EXP 	text_4: text = '9'
199.9163 	EXP 	text_4: text = u'9'
200.8969 	EXP 	text_4: text = '8'
200.8969 	EXP 	text_4: text = u'8'
201.9480 	EXP 	text_4: text = '7'
201.9480 	EXP 	text_4: text = u'7'
202.9232 	EXP 	text_4: text = '6'
202.9232 	EXP 	text_4: text = u'6'
203.9012 	EXP 	text_4: text = '5'
203.9012 	EXP 	text_4: text = u'5'
204.9542 	EXP 	text_4: text = '4'
204.9542 	EXP 	text_4: text = u'4'
205.8582 	EXP 	Sound  started
205.9348 	EXP 	text_4: text = '3'
205.9348 	EXP 	text_4: text = u'3'
206.9065 	EXP 	text_4: text = '4'
206.9065 	EXP 	text_4: text = u'4'
207.2604 	EXP 	Sound  started
207.9579 	EXP 	text_4: text = '5'
207.9579 	EXP 	text_4: text = u'5'
208.6618 	EXP 	Sound  started
208.9355 	EXP 	text_4: text = '6'
208.9355 	EXP 	text_4: text = u'6'
209.9132 	EXP 	text_4: text = '7'
209.9132 	EXP 	text_4: text = u'7'
210.0632 	EXP 	Sound  started
210.8806 	EXP 	text_4: text = '8'
210.8806 	EXP 	text_4: text = u'8'
211.4652 	EXP 	Sound  started
211.8820 	EXP 	text_4: text = '9'
211.8820 	EXP 	text_4: text = u'9'
212.8661 	EXP 	Sound  started
212.8822 	EXP 	text_4: text = '0'
212.8822 	EXP 	text_4: text = u'0'
213.8836 	EXP 	text_4: text = '1'
213.8836 	EXP 	text_4: text = u'1'
214.2678 	EXP 	Sound  started
214.8848 	EXP 	text_4: text = '2'
214.8848 	EXP 	text_4: text = u'2'
215.6694 	EXP 	Sound  started
215.8836 	EXP 	text_4: text = '3'
215.8836 	EXP 	text_4: text = u'3'
216.8743 	EXP 	text_4: text = '4'
216.8743 	EXP 	text_4: text = u'4'
217.8762 	EXP 	text_4: text = '5'
217.8762 	EXP 	text_4: text = u'5'
218.8752 	EXP 	text_4: text = '6'
218.8752 	EXP 	text_4: text = u'6'
219.8755 	EXP 	text_4: text = '7'
219.8755 	EXP 	text_4: text = u'7'
220.8773 	EXP 	text_4: text = '8'
220.8773 	EXP 	text_4: text = u'8'
221.8769 	EXP 	text_4: text = '9'
221.8769 	EXP 	text_4: text = u'9'
222.8778 	EXP 	text_4: text = '0'
222.8778 	EXP 	text_4: text = u'0'
223.8789 	EXP 	text_4: text = '1'
223.8789 	EXP 	text_4: text = u'1'
224.8780 	EXP 	text_4: text = '2'
224.8780 	EXP 	text_4: text = u'2'
225.8583 	EXP 	Sound  started
225.8783 	EXP 	text_4: text = '3'
225.8783 	EXP 	text_4: text = u'3'
226.8791 	EXP 	text_4: text = '4'
226.8791 	EXP 	text_4: text = u'4'
227.2607 	EXP 	Sound  started
227.8792 	EXP 	text_4: text = '5'
227.8792 	EXP 	text_4: text = u'5'
228.6723 	EXP 	Sound  started
228.8979 	EXP 	text_4: text = '6'
228.8979 	EXP 	text_4: text = u'6'
229.9488 	EXP 	text_4: text = '7'
229.9488 	EXP 	text_4: text = u'7'
230.0739 	EXP 	Sound  started
230.9322 	EXP 	text_4: text = '8'
230.9322 	EXP 	text_4: text = u'8'
231.4753 	EXP 	Sound  started
231.9041 	EXP 	text_4: text = '7'
231.9041 	EXP 	text_4: text = u'7'
232.8842 	EXP 	Sound  started
232.9586 	EXP 	text_4: text = '6'
232.9586 	EXP 	text_4: text = u'6'
233.9336 	EXP 	text_4: text = '5'
233.9336 	EXP 	text_4: text = u'5'
234.2858 	EXP 	Sound  started
234.9069 	EXP 	text_4: text = '4'
234.9069 	EXP 	text_4: text = u'4'
235.6873 	EXP 	Sound  started
235.8896 	EXP 	text_4: text = '3'
235.8896 	EXP 	text_4: text = u'3'
236.9405 	EXP 	text_4: text = '2'
236.9405 	EXP 	text_4: text = u'2'
237.9139 	EXP 	text_4: text = '1'
237.9139 	EXP 	text_4: text = u'1'
238.8934 	EXP 	text_4: text = '0'
238.8934 	EXP 	text_4: text = u'0'
239.9450 	EXP 	text_4: text = '9'
239.9450 	EXP 	text_4: text = u'9'
240.9271 	EXP 	text_4: text = '8'
240.9271 	EXP 	text_4: text = u'8'
241.8999 	EXP 	text_4: text = '7'
241.8999 	EXP 	text_4: text = u'7'
242.9530 	EXP 	text_4: text = '6'
242.9530 	EXP 	text_4: text = u'6'
243.9289 	EXP 	text_4: text = '7'
243.9289 	EXP 	text_4: text = u'7'
244.9062 	EXP 	text_4: text = '8'
244.9062 	EXP 	text_4: text = u'8'
245.8783 	EXP 	text_4: text = '9'
245.8783 	EXP 	text_4: text = u'9'
246.8768 	EXP 	text_4: text = '0'
246.8768 	EXP 	text_4: text = u'0'
247.8782 	EXP 	text_4: text = '1'
247.8782 	EXP 	text_4: text = u'1'
248.8781 	EXP 	text_4: text = '2'
248.8781 	EXP 	text_4: text = u'2'
249.8788 	EXP 	text_4: text = '3'
249.8788 	EXP 	text_4: text = u'3'
250.8792 	EXP 	text_4: text = '4'
250.8792 	EXP 	text_4: text = u'4'
251.8788 	EXP 	text_4: text = '5'
251.8788 	EXP 	text_4: text = u'5'
252.8793 	EXP 	text_4: text = '4'
252.8793 	EXP 	text_4: text = u'4'
253.3585 	EXP 	Sound  started
253.8804 	EXP 	text_4: text = '3'
253.8804 	EXP 	text_4: text = u'3'
254.5595 	EXP 	Sound  started
254.8799 	EXP 	text_4: text = '2'
254.8799 	EXP 	text_4: text = u'2'
255.7617 	EXP 	Sound  started
255.8815 	EXP 	text_4: text = '1'
255.8815 	EXP 	text_4: text = u'1'
256.8826 	EXP 	text_4: text = '0'
256.8826 	EXP 	text_4: text = u'0'
256.9643 	EXP 	Sound  started
257.8817 	EXP 	text_4: text = '9'
257.8817 	EXP 	text_4: text = u'9'
258.1665 	EXP 	Sound  started
258.8824 	EXP 	text_4: text = '8'
258.8824 	EXP 	text_4: text = u'8'
259.3679 	EXP 	Sound  started
259.8835 	EXP 	text_4: text = '7'
259.8835 	EXP 	text_4: text = u'7'
260.5691 	EXP 	Sound  started
260.8834 	EXP 	text_4: text = '6'
260.8834 	EXP 	text_4: text = u'6'
261.7711 	EXP 	Sound  started
261.8832 	EXP 	text_4: text = '5'
261.8832 	EXP 	text_4: text = u'5'
262.8846 	EXP 	text_4: text = '4'
262.8846 	EXP 	text_4: text = u'4'
262.9723 	EXP 	Sound  started
263.8973 	EXP 	text_4: text = '3'
263.8973 	EXP 	text_4: text = u'3'
264.1735 	EXP 	Sound  started
264.9511 	EXP 	text_4: text = '2'
264.9511 	EXP 	text_4: text = u'2'
265.3747 	EXP 	Sound  started
265.9348 	EXP 	text_4: text = '1'
265.9348 	EXP 	text_4: text = u'1'
266.5767 	EXP 	Sound  started
266.9032 	EXP 	text_4: text = '2'
266.9032 	EXP 	text_4: text = u'2'
267.7783 	EXP 	Sound  started
267.9579 	EXP 	text_4: text = '3'
267.9579 	EXP 	text_4: text = u'3'
268.9342 	EXP 	text_4: text = '4'
268.9342 	EXP 	text_4: text = u'4'
268.9796 	EXP 	Sound  started
269.9107 	EXP 	text_4: text = '5'
269.9107 	EXP 	text_4: text = u'5'
270.1817 	EXP 	Sound  started
270.8927 	EXP 	text_4: text = '6'
270.8927 	EXP 	text_4: text = u'6'
271.9414 	EXP 	text_4: text = '7'
271.9414 	EXP 	text_4: text = u'7'
272.9179 	EXP 	text_4: text = '8'
272.9179 	EXP 	text_4: text = u'8'
273.8952 	EXP 	text_4: text = '9'
273.8952 	EXP 	text_4: text = u'9'
274.9488 	EXP 	text_4: text = '0'
274.9488 	EXP 	text_4: text = u'0'
275.9305 	EXP 	text_4: text = '1'
275.9305 	EXP 	text_4: text = u'1'
276.9016 	EXP 	text_4: text = '0'
276.9016 	EXP 	text_4: text = u'0'
277.9505 	EXP 	text_4: text = '9'
277.9505 	EXP 	text_4: text = u'9'
278.9305 	EXP 	text_4: text = '8'
278.9305 	EXP 	text_4: text = u'8'
279.9081 	EXP 	text_4: text = '7'
279.9081 	EXP 	text_4: text = u'7'
280.8769 	EXP 	text_4: text = '6'
280.8769 	EXP 	text_4: text = u'6'
281.8773 	EXP 	text_4: text = '5'
281.8773 	EXP 	text_4: text = u'5'
282.8778 	EXP 	text_4: text = '4'
282.8778 	EXP 	text_4: text = u'4'
283.8791 	EXP 	text_4: text = '3'
283.8791 	EXP 	text_4: text = u'3'
284.8786 	EXP 	text_4: text = '2'
284.8786 	EXP 	text_4: text = u'2'
285.8796 	EXP 	text_4: text = '1'
285.8796 	EXP 	text_4: text = u'1'
286.8816 	EXP 	text_4: text = '2'
286.8816 	EXP 	text_4: text = u'2'
287.8831 	EXP 	text_4: text = '3'
287.8831 	EXP 	text_4: text = u'3'
288.3582 	EXP 	Sound  started
288.8835 	EXP 	text_4: text = '4'
288.8835 	EXP 	text_4: text = u'4'
289.5598 	EXP 	Sound  started
289.8747 	EXP 	text_4: text = '5'
289.8747 	EXP 	text_4: text = u'5'
290.7616 	EXP 	Sound  started
290.9790 	EXP 	text_4: text = '6'
290.9790 	EXP 	text_4: text = u'6'
291.9467 	EXP 	text_4: text = '7'
291.9467 	EXP 	text_4: text = u'7'
291.9637 	EXP 	Sound  started
292.9294 	EXP 	text_4: text = '8'
292.9294 	EXP 	text_4: text = u'8'
293.1648 	EXP 	Sound  started
293.9842 	EXP 	text_4: text = '9'
293.9842 	EXP 	text_4: text = u'9'
294.3664 	EXP 	Sound  started
294.9549 	EXP 	text_4: text = '0'
294.9549 	EXP 	text_4: text = u'0'
295.5688 	EXP 	Sound  started
295.9378 	EXP 	text_4: text = '9'
295.9378 	EXP 	text_4: text = u'9'
296.7705 	EXP 	Sound  started
296.9961 	EXP 	text_4: text = '8'
296.9961 	EXP 	text_4: text = u'8'
297.9605 	EXP 	text_4: text = '7'
297.9605 	EXP 	text_4: text = u'7'
297.9726 	EXP 	Sound  started
298.9402 	EXP 	text_4: text = '6'
298.9402 	EXP 	text_4: text = u'6'
299.1746 	EXP 	Sound  started
300.0003 	EXP 	text_4: text = '5'
300.0003 	EXP 	text_4: text = u'5'
300.3757 	EXP 	Sound  started
300.8954 	EXP 	text_4: text = '4'
300.8954 	EXP 	text_4: text = u'4'
301.5769 	EXP 	Sound  started
301.8833 	EXP 	text_4: text = '3'
301.8833 	EXP 	text_4: text = u'3'
302.7782 	EXP 	Sound  started
302.8823 	EXP 	text_4: text = '2'
302.8823 	EXP 	text_4: text = u'2'
303.8842 	EXP 	text_4: text = '1'
303.8842 	EXP 	text_4: text = u'1'
303.9802 	EXP 	Sound  started
304.8748 	EXP 	text_4: text = '0'
304.8748 	EXP 	text_4: text = u'0'
305.1816 	EXP 	Sound  started
305.8747 	EXP 	text_4: text = '1'
305.8747 	EXP 	text_4: text = u'1'
306.8763 	EXP 	text_4: text = '2'
306.8763 	EXP 	text_4: text = u'2'
307.8758 	EXP 	text_4: text = '3'
307.8758 	EXP 	text_4: text = u'3'
308.8762 	EXP 	text_4: text = '4'
308.8762 	EXP 	text_4: text = u'4'
309.8768 	EXP 	text_4: text = '5'
309.8768 	EXP 	text_4: text = u'5'
310.9897 	EXP 	text_4: text = '6'
310.9897 	EXP 	text_4: text = u'6'
311.9528 	EXP 	text_4: text = '7'
311.9528 	EXP 	text_4: text = u'7'
312.9341 	EXP 	text_4: text = '8'
312.9341 	EXP 	text_4: text = u'8'
313.8846 	EXP 	text_4: text = '9'
313.8846 	EXP 	text_4: text = u'9'
314.9595 	EXP 	text_4: text = '0'
314.9595 	EXP 	text_4: text = u'0'
315.9416 	EXP 	text_4: text = '1'
315.9416 	EXP 	text_4: text = u'1'
316.8897 	EXP 	text_4: text = '2'
316.8897 	EXP 	text_4: text = u'2'
317.9666 	EXP 	text_4: text = '3'
317.9666 	EXP 	text_4: text = u'3'
318.9462 	EXP 	text_4: text = '4'
318.9462 	EXP 	text_4: text = u'4'
319.8979 	EXP 	text_4: text = '5'
319.8979 	EXP 	text_4: text = u'5'
320.8811 	EXP 	text_4: text = '4'
320.8811 	EXP 	text_4: text = u'4'
321.8816 	EXP 	text_4: text = '3'
321.8816 	EXP 	text_4: text = u'3'
322.8822 	EXP 	text_4: text = '2'
322.8822 	EXP 	text_4: text = u'2'
323.3581 	EXP 	Sound  started
323.8820 	EXP 	text_4: text = '1'
323.8820 	EXP 	text_4: text = u'1'
324.7599 	EXP 	Sound  started
324.8798 	EXP 	text_4: text = '0'
324.8798 	EXP 	text_4: text = u'0'
325.8833 	EXP 	text_4: text = '9'
325.8833 	EXP 	text_4: text = u'9'
326.1618 	EXP 	Sound  started
326.8835 	EXP 	text_4: text = '8'
326.8835 	EXP 	text_4: text = u'8'
327.5643 	EXP 	Sound  started
327.8836 	EXP 	text_4: text = '7'
327.8836 	EXP 	text_4: text = u'7'
328.8844 	EXP 	text_4: text = '6'
328.8844 	EXP 	text_4: text = u'6'
328.9656 	EXP 	Sound  started
329.8755 	EXP 	text_4: text = '5'
329.8755 	EXP 	text_4: text = u'5'
330.3682 	EXP 	Sound  started
330.9519 	EXP 	text_4: text = '4'
330.9519 	EXP 	text_4: text = u'4'
331.7743 	EXP 	Sound  started
331.9095 	EXP 	text_4: text = '3'
331.9095 	EXP 	text_4: text = u'3'
332.8908 	EXP 	text_4: text = '2'
332.8908 	EXP 	text_4: text = u'2'
333.1758 	EXP 	Sound  started
333.9570 	EXP 	text_4: text = '3'
333.9570 	EXP 	text_4: text = u'3'
334.5774 	EXP 	Sound  started
334.9165 	EXP 	text_4: text = '4'
334.9165 	EXP 	text_4: text = u'4'
335.9014 	EXP 	text_4: text = '5'
335.9014 	EXP 	text_4: text = u'5'
335.9808 	EXP 	Sound  started
336.8847 	EXP 	text_4: text = '6'
336.8847 	EXP 	text_4: text = u'6'
337.3818 	EXP 	Sound  started
337.9248 	EXP 	text_4: text = '7'
337.9248 	EXP 	text_4: text = u'7'
338.7841 	EXP 	Sound  started
338.9036 	EXP 	text_4: text = '8'
338.9036 	EXP 	text_4: text = u'8'
339.8942 	EXP 	text_4: text = '9'
339.8942 	EXP 	text_4: text = u'9'
340.1933 	EXP 	Sound  started
340.8836 	EXP 	text_4: text = '0'
340.8836 	EXP 	text_4: text = u'0'
341.8842 	EXP 	text_4: text = '1'
341.8842 	EXP 	text_4: text = u'1'
342.8842 	EXP 	text_4: text = '0'
342.8842 	EXP 	text_4: text = u'0'
343.8755 	EXP 	text_4: text = '9'
343.8755 	EXP 	text_4: text = u'9'
344.8756 	EXP 	text_4: text = '8'
344.8756 	EXP 	text_4: text = u'8'
345.8765 	EXP 	text_4: text = '7'
345.8765 	EXP 	text_4: text = u'7'
346.8777 	EXP 	text_4: text = '6'
346.8777 	EXP 	text_4: text = u'6'
347.8764 	EXP 	text_4: text = '5'
347.8764 	EXP 	text_4: text = u'5'
348.8782 	EXP 	text_4: text = '4'
348.8782 	EXP 	text_4: text = u'4'
349.8783 	EXP 	text_4: text = '3'
349.8783 	EXP 	text_4: text = u'3'
350.8607 	EXP 	end_text: autoDraw = True
