14.3436 	EXP 	Created window1 = Window(allowGUI=False, allowStencil=False, autoLog=True, bitsMode=UNKNOWN, blendMode='avg', color=array([ 0.,  0.,  0.]), colorSpace='rgb', fullscr=UNKNOWN, gamma=None, lms=UNKNOWN, monitor=<psychopy.monitors.calibTools.Monitor instance at 0x08B04C60>, name='window1', pos=[0, 0], screen=0, size=array([1440,  900]), stereo=False, units=u'norm', useFBO=True, viewOri=0.0, viewPos=None, viewScale=None, waitBlanking=True, winType='pyglet')
14.3437 	EXP 	window1: recordFrameIntervals = False
14.5093 	EXP 	window1: recordFrameIntervals = True
14.6929 	EXP 	window1: recordFrameIntervals = False
15.2168 	EXP 	Set  sound=stim/audio_40Hz_L.wav
15.2188 	EXP 	Set  sound=stim/audio_55Hz_L.wav
15.2202 	EXP 	Set  sound=stim/audio_40Hz_R.wav
15.2223 	EXP 	Set  sound=stim/audio_55Hz_R.wav
15.2223 	EXP 	Set Sound  volume=1.000
15.2224 	EXP 	Set Sound  volume=1.000
15.2224 	EXP 	Set Sound  volume=1.000
15.2224 	EXP 	Set Sound  volume=1.000
15.4819 	EXP 	Created text_4 = TextStim(alignHoriz='center', alignVert='center', antialias=True, autoLog=True, bold=False, color=u'red', colorSpace='named', contrast=1.0, depth=0.0, flipHoriz=False, flipVert=False, font=u'Arial', fontFiles=[], height=0.1, italic=False, name='text_4', opacity=1.0, ori=0, pos=array([ 0.,  0.]), rgb=array([ 255.,    0.,    0.]), text=u'X', units=u'norm', win=Window(...), wrapWidth=1)
15.6655 	EXP 	Created select_eeg_system = TextStim(alignHoriz='center', alignVert='center', antialias=True, autoLog=True, bold=False, color='white', colorSpace='named', contrast=1.0, depth=-1.0, flipHoriz=False, flipVert=False, font='Arial', fontFiles=[], height=0.1, italic=False, name='select_eeg_system', opacity=1.0, ori=0, pos=array([ 0.,  0.]), rgb=array([ 255.,  255.,  255.]), text=unicode(...), units=u'norm', win=Window(...), wrapWidth=1)
15.7550 	EXP 	Created instr_text = TextStim(alignHoriz='center', alignVert='center', antialias=True, autoLog=True, bold=False, color='white', colorSpace='named', contrast=1.0, depth=0.0, flipHoriz=False, flipVert=False, font='Arial', fontFiles=[], height=0.1, italic=False, name='instr_text', opacity=1.0, ori=0, pos=array([ 0.,  0.]), rgb=array([ 255.,  255.,  255.]), text=unicode(...), units=u'norm', win=Window(...), wrapWidth=1)
15.8043 	EXP 	Created unnamed PatchStim = PatchStim(autoDraw=False, autoLog=True, color=array([-0.25, -0.25, -0.25]), colorSpace='rgb', contrast=1.0, depth=0, interpolate=False, mask='circle', maskParams=None, name='unnamed PatchStim', opacity=1.0, ori=0.0, phase=array([ 0.,  0.]), pos=array([ 0.,  0.]), rgbPedestal=array([ 0.,  0.,  0.]), sf=array([ 1.,  1.]), size=array([ 0.12,  0.12]), tex=None, texRes=128, units=u'norm', win=Window(...))
15.8664 	EXP 	Created end_text = TextStim(alignHoriz='center', alignVert='center', antialias=True, autoLog=True, bold=False, color='white', colorSpace='named', contrast=1.0, depth=0.0, flipHoriz=False, flipVert=False, font='Arial', fontFiles=[], height=0.1, italic=False, name='end_text', opacity=1.0, ori=0, pos=array([ 0.,  0.]), rgb=array([ 255.,  255.,  255.]), text=u'This was the end - Thank you!', units=u'norm', win=Window(...), wrapWidth=1)
15.8943 	EXP 	select_eeg_system: autoDraw = True
17.0771 	DATA 	Keypress: 1
17.1098 	EXP 	select_eeg_system: autoDraw = False
17.1098 	EXP 	instr_text: autoDraw = True
17.8931 	DATA 	Keypress: space
17.9267 	EXP 	instr_text: autoDraw = False
18.9943 	EXP 	text_4: text = '1'
18.9943 	EXP 	text_4: text = u'1'
19.0611 	EXP 	text_4: text = '2'
19.0611 	EXP 	text_4: text = u'2'
19.9951 	EXP 	text_4: text = '3'
19.9951 	EXP 	text_4: text = u'3'
21.0005 	EXP 	text_4: text = '4'
21.0005 	EXP 	text_4: text = u'4'
22.0461 	EXP 	text_4: text = '5'
22.0461 	EXP 	text_4: text = u'5'
22.9983 	EXP 	text_4: text = '6'
22.9983 	EXP 	text_4: text = u'6'
24.0149 	EXP 	text_4: text = '7'
24.0149 	EXP 	text_4: text = u'7'
25.0137 	EXP 	text_4: text = '8'
25.0137 	EXP 	text_4: text = u'8'
26.1138 	EXP 	text_4: text = '9'
26.1138 	EXP 	text_4: text = u'9'
27.0139 	EXP 	text_4: text = '0'
27.0139 	EXP 	text_4: text = u'0'
27.8975 	EXP 	Sound  started
27.9986 	EXP 	text_4: text = '1'
27.9986 	EXP 	text_4: text = u'1'
29.0018 	EXP 	text_4: text = '2'
29.0018 	EXP 	text_4: text = u'2'
29.1007 	EXP 	Sound  started
30.0001 	EXP 	text_4: text = '3'
30.0001 	EXP 	text_4: text = u'3'
30.3042 	EXP 	Sound  started
30.9644 	EXP 	text_4: text = '4'
30.9644 	EXP 	text_4: text = u'4'
31.5083 	EXP 	Sound  started
31.9989 	EXP 	text_4: text = '5'
31.9989 	EXP 	text_4: text = u'5'
32.7254 	EXP 	Sound  started
32.9992 	EXP 	text_4: text = '6'
32.9992 	EXP 	text_4: text = u'6'
33.9402 	EXP 	Sound  started
33.9981 	EXP 	text_4: text = '7'
33.9981 	EXP 	text_4: text = u'7'
35.0144 	EXP 	text_4: text = '8'
35.0144 	EXP 	text_4: text = u'8'
35.1556 	EXP 	Sound  started
36.0633 	EXP 	text_4: text = '9'
36.0633 	EXP 	text_4: text = u'9'
36.3815 	EXP 	Sound  started
37.0317 	EXP 	text_4: text = '0'
37.0317 	EXP 	text_4: text = u'0'
37.5861 	EXP 	Sound  started
38.0042 	EXP 	text_4: text = '1'
38.0042 	EXP 	text_4: text = u'1'
39.0893 	EXP 	text_4: text = '2'
39.0893 	EXP 	text_4: text = u'2'
40.0013 	DATA 	Keypress: escape
