11.0435 	WARNING 	User requested fullscreen with size [1440  900], but screen is actually [2800, 900]. Using actual size
11.1761 	WARNING 	Framebuffer object (FBO) not supported on this graphics card
12.0546 	EXP 	Created window1 = Window(allowGUI=False, allowStencil=False, autoLog=True, bitsMode=UNKNOWN, blendMode='avg', color=array([ 0.,  0.,  0.]), colorSpace='rgb', fullscr=UNKNOWN, gamma=None, lms=UNKNOWN, monitor=<psychopy.monitors.calibTools.Monitor instance at 0x4df4e60>, name='window1', pos=None, screen=0, size=array([2800,  900]), stereo=False, units=u'norm', useFBO=False, viewOri=0.0, viewPos=None, viewScale=None, waitBlanking=True, winType='pygame')
12.0547 	EXP 	window1: recordFrameIntervals = False
12.2182 	EXP 	window1: recordFrameIntervals = True
12.4020 	EXP 	window1: recordFrameIntervals = False
12.4507 	EXP 	Created text_ask_for_version = TextStim(alignHoriz='center', alignVert='center', antialias=True, autoLog=True, bold=False, color='white', colorSpace='named', contrast=1.0, depth=0.0, flipHoriz=False, flipVert=False, font='Arial', fontFiles=[], height=0.1, italic=False, name='text_ask_for_version', opacity=1.0, ori=0, pos=array([ 0.,  0.]), rgb=array([ 255.,  255.,  255.]), text=unicode(...), units=u'norm', win=Window(...), wrapWidth=1)
12.4510 	EXP 	Set  sound=stim/audio_40Hz_L.wav
12.4513 	EXP 	Set  sound=stim/audio_55Hz_L.wav
12.4515 	EXP 	Set  sound=stim/audio_40Hz_R.wav
12.4518 	EXP 	Set  sound=stim/audio_55Hz_R.wav
12.4518 	EXP 	Set Sound  volume=1.000
12.4518 	EXP 	Set Sound  volume=1.000
12.4518 	EXP 	Set Sound  volume=1.000
12.4518 	EXP 	Set Sound  volume=1.000
12.4553 	EXP 	Created select_eeg_system = TextStim(alignHoriz='center', alignVert='center', antialias=True, autoLog=True, bold=False, color='white', colorSpace='named', contrast=1.0, depth=-1.0, flipHoriz=False, flipVert=False, font='Arial', fontFiles=[], height=0.1, italic=False, name='select_eeg_system', opacity=1.0, ori=0, pos=array([ 0.,  0.]), rgb=array([ 255.,  255.,  255.]), text=unicode(...), units=u'norm', win=Window(...), wrapWidth=1)
12.4581 	EXP 	Created instr_text = TextStim(alignHoriz='center', alignVert='center', antialias=True, autoLog=True, bold=False, color='white', colorSpace='named', contrast=1.0, depth=-1.0, flipHoriz=False, flipVert=False, font='Arial', fontFiles=[], height=0.1, italic=False, name='instr_text', opacity=1.0, ori=0, pos=array([ 0.,  0.]), rgb=array([ 255.,  255.,  255.]), text=unicode(...), units=u'norm', win=Window(...), wrapWidth=1)
12.4602 	EXP 	Created end_text = TextStim(alignHoriz='center', alignVert='center', antialias=True, autoLog=True, bold=False, color='white', colorSpace='named', contrast=1.0, depth=0.0, flipHoriz=False, flipVert=False, font='Arial', fontFiles=[], height=0.1, italic=False, name='end_text', opacity=1.0, ori=0, pos=array([ 0.,  0.]), rgb=array([ 255.,  255.,  255.]), text=u'This was the end - Thank you!', units=u'norm', win=Window(...), wrapWidth=1)
12.4649 	EXP 	text_ask_for_version: autoDraw = True
14.4039 	EXP 	Created text_4 = TextStim(alignHoriz='center', alignVert='center', antialias=True, autoLog=True, bold=False, color=u'red', colorSpace='named', contrast=1.0, depth=0.0, flipHoriz=False, flipVert=False, font=u'Arial', fontFiles=[], height=0.1, italic=False, name='text_4', opacity=1.0, ori=0, pos=array([ 0.,  0.]), rgb=array([ 255.,    0.,    0.]), text=u'0', units=u'norm', win=Window(...), wrapWidth=1)
14.4154 	EXP 	text_ask_for_version: autoDraw = False
14.4154 	EXP 	select_eeg_system: autoDraw = True
15.0338 	EXP 	select_eeg_system: autoDraw = False
15.0338 	EXP 	instr_text: autoDraw = True
16.1853 	EXP 	Created unnamed PatchStim = PatchStim(autoDraw=False, autoLog=True, color=array([-0.25, -0.25, -0.25]), colorSpace='rgb', contrast=1.0, depth=0, interpolate=False, mask='circle', maskParams=None, name='unnamed PatchStim', opacity=1.0, ori=0.0, phase=array([ 0.,  0.]), pos=array([ 0.,  0.]), rgbPedestal=array([ 0.,  0.,  0.]), sf=array([ 1.,  1.]), size=array([ 0.12,  0.12]), tex=None, texRes=128, units=u'norm', win=Window(...))
16.1973 	EXP 	instr_text: autoDraw = False
16.1973 	EXP 	unnamed PatchStim: tex = None
17.2033 	EXP 	text_4: text = '1'
17.2033 	EXP 	text_4: text = u'1'
18.2131 	EXP 	text_4: text = '2'
18.2131 	EXP 	text_4: text = u'2'
19.2024 	EXP 	text_4: text = '3'
19.2024 	EXP 	text_4: text = u'3'
20.2038 	EXP 	text_4: text = '4'
20.2038 	EXP 	text_4: text = u'4'
21.2122 	EXP 	text_4: text = '5'
21.2122 	EXP 	text_4: text = u'5'
22.2128 	EXP 	text_4: text = '6'
22.2128 	EXP 	text_4: text = u'6'
23.2123 	EXP 	text_4: text = '5'
23.2123 	EXP 	text_4: text = u'5'
24.2127 	EXP 	text_4: text = '4'
24.2127 	EXP 	text_4: text = u'4'
25.2027 	EXP 	text_4: text = '3'
25.2027 	EXP 	text_4: text = u'3'
26.1859 	EXP 	Sound  started
26.2084 	EXP 	text_4: text = '2'
26.2084 	EXP 	text_4: text = u'2'
27.2104 	EXP 	text_4: text = '1'
27.2104 	EXP 	text_4: text = u'1'
27.3878 	EXP 	Sound  started
28.2117 	EXP 	text_4: text = '0'
28.2117 	EXP 	text_4: text = u'0'
28.5900 	EXP 	Sound  started
29.2126 	EXP 	text_4: text = '9'
29.2126 	EXP 	text_4: text = u'9'
29.7916 	EXP 	Sound  started
30.2127 	EXP 	text_4: text = '8'
30.2127 	EXP 	text_4: text = u'8'
30.9933 	EXP 	Sound  started
31.2126 	EXP 	text_4: text = '7'
31.2126 	EXP 	text_4: text = u'7'
32.1948 	EXP 	Sound  started
32.2112 	EXP 	text_4: text = '8'
32.2112 	EXP 	text_4: text = u'8'
33.2114 	EXP 	text_4: text = '9'
33.2114 	EXP 	text_4: text = u'9'
33.3960 	EXP 	Sound  started
34.3135 	EXP 	text_4: text = '0'
34.3135 	EXP 	text_4: text = u'0'
34.5977 	EXP 	Sound  started
35.2855 	EXP 	text_4: text = '1'
35.2855 	EXP 	text_4: text = u'1'
35.7996 	EXP 	Sound  started
36.2330 	EXP 	text_4: text = '2'
36.2330 	EXP 	text_4: text = u'2'
37.3203 	EXP 	text_4: text = '3'
37.3203 	EXP 	text_4: text = u'3'
38.2947 	EXP 	text_4: text = '4'
38.2947 	EXP 	text_4: text = u'4'
39.2340 	EXP 	text_4: text = '5'
39.2340 	EXP 	text_4: text = u'5'
40.3268 	EXP 	text_4: text = '4'
40.3268 	EXP 	text_4: text = u'4'
41.2995 	EXP 	text_4: text = '3'
41.2995 	EXP 	text_4: text = u'3'
42.2414 	EXP 	text_4: text = '2'
42.2414 	EXP 	text_4: text = u'2'
43.3326 	EXP 	text_4: text = '1'
43.3326 	EXP 	text_4: text = u'1'
