8.5577 	EXP 	Created window1 = Window(allowGUI=False, allowStencil=False, autoLog=True, bitsMode=UNKNOWN, blendMode='avg', color=array([ 0.,  0.,  0.]), colorSpace='rgb', fullscr=UNKNOWN, gamma=None, lms=UNKNOWN, monitor=<psychopy.monitors.calibTools.Monitor instance at 0x04E10B98>, name='window1', pos=[0, 0], screen=0, size=array([1600,  900]), stereo=False, units=u'norm', useFBO=True, viewOri=0.0, viewPos=None, viewScale=None, waitBlanking=True, winType='pyglet')
8.5578 	EXP 	window1: recordFrameIntervals = False
8.8685 	EXP 	window1: recordFrameIntervals = True
9.2126 	EXP 	window1: recordFrameIntervals = False
9.4239 	EXP 	Created text_ask_for_version = TextStim(alignHoriz='center', alignVert='center', antialias=True, autoLog=True, bold=False, color='white', colorSpace='named', contrast=1.0, depth=0.0, flipHoriz=False, flipVert=False, font='Arial', fontFiles=[], height=0.1, italic=False, name='text_ask_for_version', opacity=1.0, ori=0, pos=array([ 0.,  0.]), rgb=array([ 255.,  255.,  255.]), text=unicode(...), units=u'norm', win=Window(...), wrapWidth=1)
9.6448 	EXP 	Set  sound=stim/audio_40Hz_L.wav
9.6462 	EXP 	Set  sound=stim/audio_55Hz_L.wav
9.6474 	EXP 	Set  sound=stim/audio_40Hz_R.wav
9.6488 	EXP 	Set  sound=stim/audio_55Hz_R.wav
9.6488 	EXP 	Set Sound  volume=1.000
9.6489 	EXP 	Set Sound  volume=1.000
9.6489 	EXP 	Set Sound  volume=1.000
9.6489 	EXP 	Set Sound  volume=1.000
9.7226 	EXP 	Created select_eeg_system = TextStim(alignHoriz='center', alignVert='center', antialias=True, autoLog=True, bold=False, color=u'white', colorSpace='named', contrast=1.0, depth=-1.0, flipHoriz=False, flipVert=False, font=u'Arial', fontFiles=[], height=0.1, italic=False, name='select_eeg_system', opacity=1.0, ori=0, pos=array([ 0.,  0.]), rgb=array([ 255.,  255.,  255.]), text=unicode(...), units=u'norm', win=Window(...), wrapWidth=1)
9.7488 	EXP 	Created instr_text = TextStim(alignHoriz='center', alignVert='center', antialias=True, autoLog=True, bold=False, color=u'white', colorSpace='named', contrast=1.0, depth=0.0, flipHoriz=False, flipVert=False, font=u'Arial', fontFiles=[], height=0.1, italic=False, name='instr_text', opacity=1.0, ori=0, pos=array([ 0.,  0.]), rgb=array([ 255.,  255.,  255.]), text=unicode(...), units=u'norm', win=Window(...), wrapWidth=1)
9.7617 	EXP 	Created end_text = TextStim(alignHoriz='center', alignVert='center', antialias=True, autoLog=True, bold=False, color='white', colorSpace='named', contrast=1.0, depth=0.0, flipHoriz=False, flipVert=False, font='Arial', fontFiles=[], height=0.1, italic=False, name='end_text', opacity=1.0, ori=0, pos=array([ 0.,  0.]), rgb=array([ 255.,  255.,  255.]), text=u'This was the end - Thank you!', units=u'norm', win=Window(...), wrapWidth=1)
9.7805 	EXP 	text_ask_for_version: autoDraw = True
11.0053 	DATA 	Keypress: 1
11.0129 	EXP 	Created text_4 = TextStim(alignHoriz='center', alignVert='center', antialias=True, autoLog=True, bold=False, color=u'red', colorSpace='named', contrast=1.0, depth=0.0, flipHoriz=False, flipVert=False, font=u'Arial', fontFiles=[], height=0.1, italic=False, name='text_4', opacity=1.0, ori=0, pos=array([ 0.,  0.]), rgb=array([ 255.,    0.,    0.]), text=u'0', units=u'norm', win=Window(...), wrapWidth=1)
11.0217 	EXP 	text_ask_for_version: autoDraw = False
11.0217 	EXP 	select_eeg_system: autoDraw = True
12.0640 	DATA 	Keypress: 2
12.0808 	EXP 	select_eeg_system: autoDraw = False
12.0808 	EXP 	instr_text: autoDraw = True
12.8996 	DATA 	Keypress: space
13.0120 	EXP 	Created unnamed PatchStim = PatchStim(autoDraw=False, autoLog=True, color=array([-0.25, -0.25, -0.25]), colorSpace='rgb', contrast=1.0, depth=0, interpolate=False, mask='circle', maskParams=None, name='unnamed PatchStim', opacity=1.0, ori=0.0, phase=array([ 0.,  0.]), pos=array([ 0.,  0.]), rgbPedestal=array([ 0.,  0.,  0.]), sf=array([ 1.,  1.]), size=array([ 0.12,  0.12]), tex=None, texRes=128, units=u'norm', win=Window(...))
13.0337 	EXP 	instr_text: autoDraw = False
14.0507 	EXP 	text_4: text = '1'
14.0507 	EXP 	text_4: text = u'1'
15.0516 	EXP 	text_4: text = '2'
15.0516 	EXP 	text_4: text = u'2'
16.0524 	EXP 	text_4: text = '3'
16.0524 	EXP 	text_4: text = u'3'
16.8876 	DATA 	Keypress: escape
