8.4367 	EXP 	Created window1 = Window(allowGUI=False, allowStencil=False, autoLog=True, bitsMode=UNKNOWN, blendMode='avg', color=array([ 0.,  0.,  0.]), colorSpace='rgb', fullscr=UNKNOWN, gamma=None, lms=UNKNOWN, monitor=<psychopy.monitors.calibTools.Monitor instance at 0x032A1AF8>, name='window1', pos=[0, 0], screen=0, size=array([1600,  900]), stereo=False, units=u'norm', useFBO=True, viewOri=0.0, viewPos=None, viewScale=None, waitBlanking=True, winType='pyglet')
8.4368 	EXP 	window1: recordFrameIntervals = False
8.7470 	EXP 	window1: recordFrameIntervals = True
9.0915 	EXP 	window1: recordFrameIntervals = False
9.2968 	EXP 	Created text_ask_for_version = TextStim(alignHoriz='center', alignVert='center', antialias=True, autoLog=True, bold=False, color='white', colorSpace='named', contrast=1.0, depth=0.0, flipHoriz=False, flipVert=False, font='Arial', fontFiles=[], height=0.1, italic=False, name='text_ask_for_version', opacity=1.0, ori=0, pos=array([ 0.,  0.]), rgb=array([ 255.,  255.,  255.]), text=unicode(...), units=u'norm', win=Window(...), wrapWidth=1)
9.5150 	EXP 	Set  sound=stim/audio_40Hz_L.wav
9.5157 	EXP 	Set  sound=stim/audio_55Hz_L.wav
9.5162 	EXP 	Set  sound=stim/audio_40Hz_R.wav
9.5168 	EXP 	Set  sound=stim/audio_55Hz_R.wav
9.5168 	EXP 	Set Sound  volume=1.000
9.5168 	EXP 	Set Sound  volume=1.000
9.5168 	EXP 	Set Sound  volume=1.000
9.5168 	EXP 	Set Sound  volume=1.000
9.5748 	EXP 	Created select_eeg_system = TextStim(alignHoriz='center', alignVert='center', antialias=True, autoLog=True, bold=False, color=u'white', colorSpace='named', contrast=1.0, depth=-1.0, flipHoriz=False, flipVert=False, font=u'Arial', fontFiles=[], height=0.1, italic=False, name='select_eeg_system', opacity=1.0, ori=0, pos=array([ 0.,  0.]), rgb=array([ 255.,  255.,  255.]), text=unicode(...), units=u'norm', win=Window(...), wrapWidth=1)
9.6011 	EXP 	Created instr_text = TextStim(alignHoriz='center', alignVert='center', antialias=True, autoLog=True, bold=False, color=u'white', colorSpace='named', contrast=1.0, depth=0.0, flipHoriz=False, flipVert=False, font=u'Arial', fontFiles=[], height=0.1, italic=False, name='instr_text', opacity=1.0, ori=0, pos=array([ 0.,  0.]), rgb=array([ 255.,  255.,  255.]), text=unicode(...), units=u'norm', win=Window(...), wrapWidth=1)
9.6143 	EXP 	Created end_text = TextStim(alignHoriz='center', alignVert='center', antialias=True, autoLog=True, bold=False, color='white', colorSpace='named', contrast=1.0, depth=0.0, flipHoriz=False, flipVert=False, font='Arial', fontFiles=[], height=0.1, italic=False, name='end_text', opacity=1.0, ori=0, pos=array([ 0.,  0.]), rgb=array([ 255.,  255.,  255.]), text=u'This was the end - Thank you!', units=u'norm', win=Window(...), wrapWidth=1)
9.6257 	EXP 	text_ask_for_version: autoDraw = True
10.3578 	DATA 	Keypress: 1
10.3652 	EXP 	Created text_4 = TextStim(alignHoriz='center', alignVert='center', antialias=True, autoLog=True, bold=False, color=u'red', colorSpace='named', contrast=1.0, depth=0.0, flipHoriz=False, flipVert=False, font=u'Arial', fontFiles=[], height=0.1, italic=False, name='text_4', opacity=1.0, ori=0, pos=array([ 0.,  0.]), rgb=array([ 255.,    0.,    0.]), text=u'0', units=u'norm', win=Window(...), wrapWidth=1)
10.3738 	EXP 	text_ask_for_version: autoDraw = False
10.3738 	EXP 	select_eeg_system: autoDraw = True
10.6932 	DATA 	Keypress: 2
10.7100 	EXP 	select_eeg_system: autoDraw = False
10.7100 	EXP 	instr_text: autoDraw = True
11.1231 	DATA 	Keypress: space
11.2532 	EXP 	Created unnamed PatchStim = PatchStim(autoDraw=False, autoLog=True, color=array([-0.25, -0.25, -0.25]), colorSpace='rgb', contrast=1.0, depth=0, interpolate=False, mask='circle', maskParams=None, name='unnamed PatchStim', opacity=1.0, ori=0.0, phase=array([ 0.,  0.]), pos=array([ 0.,  0.]), rgbPedestal=array([ 0.,  0.,  0.]), sf=array([ 1.,  1.]), size=array([ 0.12,  0.12]), tex=None, texRes=128, units=u'norm', win=Window(...))
11.2722 	EXP 	instr_text: autoDraw = False
12.3055 	EXP 	text_4: text = '1'
12.3055 	EXP 	text_4: text = u'1'
13.2892 	EXP 	text_4: text = '2'
13.2892 	EXP 	text_4: text = u'2'
14.2893 	EXP 	text_4: text = '3'
14.2893 	EXP 	text_4: text = u'3'
15.2891 	EXP 	text_4: text = '4'
15.2891 	EXP 	text_4: text = u'4'
16.2890 	EXP 	text_4: text = '5'
16.2890 	EXP 	text_4: text = u'5'
17.3060 	EXP 	text_4: text = '6'
17.3060 	EXP 	text_4: text = u'6'
18.3065 	EXP 	text_4: text = '7'
18.3065 	EXP 	text_4: text = u'7'
19.3063 	EXP 	text_4: text = '8'
19.3063 	EXP 	text_4: text = u'8'
20.3066 	EXP 	text_4: text = '9'
20.3066 	EXP 	text_4: text = u'9'
21.2561 	EXP 	Sound  started
21.3070 	EXP 	text_4: text = '8'
21.3070 	EXP 	text_4: text = u'8'
22.3076 	EXP 	text_4: text = '7'
22.3076 	EXP 	text_4: text = u'7'
22.4592 	EXP 	Sound  started
23.3076 	EXP 	text_4: text = '6'
23.3076 	EXP 	text_4: text = u'6'
23.6624 	EXP 	Sound  started
24.3076 	EXP 	text_4: text = '5'
24.3076 	EXP 	text_4: text = u'5'
24.8650 	EXP 	Sound  started
25.3082 	EXP 	text_4: text = '4'
25.3082 	EXP 	text_4: text = u'4'
26.0680 	EXP 	Sound  started
26.3081 	EXP 	text_4: text = '3'
26.3081 	EXP 	text_4: text = u'3'
27.2711 	EXP 	Sound  started
27.3079 	EXP 	text_4: text = '2'
27.3079 	EXP 	text_4: text = u'2'
28.3081 	EXP 	text_4: text = '1'
28.3081 	EXP 	text_4: text = u'1'
28.4736 	EXP 	Sound  started
29.3765 	EXP 	text_4: text = '0'
29.3765 	EXP 	text_4: text = u'0'
29.6765 	EXP 	Sound  started
30.3619 	EXP 	text_4: text = '1'
30.3619 	EXP 	text_4: text = u'1'
30.8793 	EXP 	Sound  started
31.2970 	EXP 	text_4: text = '2'
31.2970 	EXP 	text_4: text = u'2'
32.3817 	EXP 	text_4: text = '3'
32.3817 	EXP 	text_4: text = u'3'
33.3661 	EXP 	text_4: text = '4'
33.3661 	EXP 	text_4: text = u'4'
34.3020 	EXP 	text_4: text = '5'
34.3020 	EXP 	text_4: text = u'5'
35.4028 	EXP 	text_4: text = '6'
35.4028 	EXP 	text_4: text = u'6'
36.2756 	DATA 	Keypress: escape
