8.9476 	EXP 	Created window1 = Window(allowGUI=False, allowStencil=False, autoLog=True, bitsMode=UNKNOWN, blendMode='avg', color=array([ 0.,  0.,  0.]), colorSpace='rgb', fullscr=UNKNOWN, gamma=None, lms=UNKNOWN, monitor=<psychopy.monitors.calibTools.Monitor instance at 0x04708B98>, name='window1', pos=[0, 0], screen=0, size=array([1600,  900]), stereo=False, units=u'norm', useFBO=True, viewOri=0.0, viewPos=None, viewScale=None, waitBlanking=True, winType='pyglet')
8.9476 	EXP 	window1: recordFrameIntervals = False
9.2586 	EXP 	window1: recordFrameIntervals = True
9.6022 	EXP 	window1: recordFrameIntervals = False
9.8173 	EXP 	Created text_ask_for_version = TextStim(alignHoriz='center', alignVert='center', antialias=True, autoLog=True, bold=False, color='white', colorSpace='named', contrast=1.0, depth=0.0, flipHoriz=False, flipVert=False, font='Arial', fontFiles=[], height=0.1, italic=False, name='text_ask_for_version', opacity=1.0, ori=0, pos=array([ 0.,  0.]), rgb=array([ 255.,  255.,  255.]), text=unicode(...), units=u'norm', win=Window(...), wrapWidth=1)
10.0363 	EXP 	Set  sound=stim/audio_40Hz_L.wav
10.0369 	EXP 	Set  sound=stim/audio_55Hz_L.wav
10.0374 	EXP 	Set  sound=stim/audio_40Hz_R.wav
10.0380 	EXP 	Set  sound=stim/audio_55Hz_R.wav
10.0380 	EXP 	Set Sound  volume=1.000
10.0380 	EXP 	Set Sound  volume=1.000
10.0380 	EXP 	Set Sound  volume=1.000
10.0380 	EXP 	Set Sound  volume=1.000
10.0959 	EXP 	Created select_eeg_system = TextStim(alignHoriz='center', alignVert='center', antialias=True, autoLog=True, bold=False, color=u'white', colorSpace='named', contrast=1.0, depth=-1.0, flipHoriz=False, flipVert=False, font=u'Arial', fontFiles=[], height=0.1, italic=False, name='select_eeg_system', opacity=1.0, ori=0, pos=array([ 0.,  0.]), rgb=array([ 255.,  255.,  255.]), text=unicode(...), units=u'norm', win=Window(...), wrapWidth=1)
10.1222 	EXP 	Created instr_text = TextStim(alignHoriz='center', alignVert='center', antialias=True, autoLog=True, bold=False, color=u'white', colorSpace='named', contrast=1.0, depth=0.0, flipHoriz=False, flipVert=False, font=u'Arial', fontFiles=[], height=0.1, italic=False, name='instr_text', opacity=1.0, ori=0, pos=array([ 0.,  0.]), rgb=array([ 255.,  255.,  255.]), text=unicode(...), units=u'norm', win=Window(...), wrapWidth=1)
10.1352 	EXP 	Created end_text = TextStim(alignHoriz='center', alignVert='center', antialias=True, autoLog=True, bold=False, color='white', colorSpace='named', contrast=1.0, depth=0.0, flipHoriz=False, flipVert=False, font='Arial', fontFiles=[], height=0.1, italic=False, name='end_text', opacity=1.0, ori=0, pos=array([ 0.,  0.]), rgb=array([ 255.,  255.,  255.]), text=u'This was the end - Thank you!', units=u'norm', win=Window(...), wrapWidth=1)
10.1538 	EXP 	text_ask_for_version: autoDraw = True
11.4397 	DATA 	Keypress: 1
11.4472 	EXP 	Created text_4 = TextStim(alignHoriz='center', alignVert='center', antialias=True, autoLog=True, bold=False, color=u'red', colorSpace='named', contrast=1.0, depth=0.0, flipHoriz=False, flipVert=False, font=u'Arial', fontFiles=[], height=0.1, italic=False, name='text_4', opacity=1.0, ori=0, pos=array([ 0.,  0.]), rgb=array([ 255.,    0.,    0.]), text=u'0', units=u'norm', win=Window(...), wrapWidth=1)
11.4563 	EXP 	text_ask_for_version: autoDraw = False
11.4563 	EXP 	select_eeg_system: autoDraw = True
11.7114 	DATA 	Keypress: 2
11.7278 	EXP 	select_eeg_system: autoDraw = False
11.7278 	EXP 	instr_text: autoDraw = True
12.7542 	DATA 	Keypress: space
12.8554 	EXP 	Created unnamed PatchStim = PatchStim(autoDraw=False, autoLog=True, color=array([-0.25, -0.25, -0.25]), colorSpace='rgb', contrast=1.0, depth=0, interpolate=False, mask='circle', maskParams=None, name='unnamed PatchStim', opacity=1.0, ori=0.0, phase=array([ 0.,  0.]), pos=array([ 0.,  0.]), rgbPedestal=array([ 0.,  0.,  0.]), sf=array([ 1.,  1.]), size=array([ 0.12,  0.12]), tex=None, texRes=128, units=u'norm', win=Window(...))
12.8696 	EXP 	instr_text: autoDraw = False
13.8861 	EXP 	text_4: text = '1'
13.8861 	EXP 	text_4: text = u'1'
14.8863 	EXP 	text_4: text = '2'
14.8863 	EXP 	text_4: text = u'2'
15.9035 	EXP 	text_4: text = '3'
15.9035 	EXP 	text_4: text = u'3'
16.9035 	EXP 	text_4: text = '4'
16.9035 	EXP 	text_4: text = u'4'
17.9038 	EXP 	text_4: text = '5'
17.9038 	EXP 	text_4: text = u'5'
18.9039 	EXP 	text_4: text = '6'
18.9039 	EXP 	text_4: text = u'6'
19.9043 	EXP 	text_4: text = '7'
19.9043 	EXP 	text_4: text = u'7'
20.9042 	EXP 	text_4: text = '8'
20.9042 	EXP 	text_4: text = u'8'
21.8874 	EXP 	text_4: text = '9'
21.8874 	EXP 	text_4: text = u'9'
22.8578 	EXP 	Sound  started
22.8873 	EXP 	text_4: text = '0'
22.8873 	EXP 	text_4: text = u'0'
23.9042 	EXP 	text_4: text = '1'
23.9042 	EXP 	text_4: text = u'1'
24.0610 	EXP 	Sound  started
24.9048 	EXP 	text_4: text = '0'
24.9048 	EXP 	text_4: text = u'0'
25.2638 	EXP 	Sound  started
25.9045 	EXP 	text_4: text = '9'
25.9045 	EXP 	text_4: text = u'9'
26.4663 	EXP 	Sound  started
26.9050 	EXP 	text_4: text = '8'
26.9050 	EXP 	text_4: text = u'8'
27.6697 	EXP 	Sound  started
27.9050 	EXP 	text_4: text = '7'
27.9050 	EXP 	text_4: text = u'7'
28.8724 	EXP 	Sound  started
28.9053 	EXP 	text_4: text = '6'
28.9053 	EXP 	text_4: text = u'6'
29.7381 	DATA 	Keypress: escape
