7.1314 	EXP 	Created window1 = Window(allowGUI=False, allowStencil=False, autoLog=True, bitsMode=UNKNOWN, blendMode='avg', color=array([ 0.,  0.,  0.]), colorSpace='rgb', fullscr=UNKNOWN, gamma=None, lms=UNKNOWN, monitor=<psychopy.monitors.calibTools.Monitor instance at 0x0887FEB8>, name='window1', pos=[0, 0], screen=0, size=array([1440,  900]), stereo=False, units=u'norm', useFBO=True, viewOri=0.0, viewPos=None, viewScale=None, waitBlanking=True, winType='pyglet')
7.1315 	EXP 	window1: recordFrameIntervals = False
7.2952 	EXP 	window1: recordFrameIntervals = True
7.5625 	EXP 	window1: recordFrameIntervals = False
7.8568 	EXP 	Created text_ask_for_version = TextStim(alignHoriz='center', alignVert='center', antialias=True, autoLog=True, bold=False, color='white', colorSpace='named', contrast=1.0, depth=0.0, flipHoriz=False, flipVert=False, font='Arial', fontFiles=[], height=0.1, italic=False, name='text_ask_for_version', opacity=1.0, ori=0, pos=array([ 0.,  0.]), rgb=array([ 255.,  255.,  255.]), text=unicode(...), units=u'norm', win=Window(...), wrapWidth=1)
7.9160 	EXP 	Created text_ask_for_flip = TextStim(alignHoriz='center', alignVert='center', antialias=True, autoLog=True, bold=False, color=u'white', colorSpace='named', contrast=1.0, depth=0.0, flipHoriz=False, flipVert=False, font=u'Arial', fontFiles=[], height=0.1, italic=False, name='text_ask_for_flip', opacity=1.0, ori=0, pos=array([ 0.,  0.]), rgb=array([ 255.,  255.,  255.]), text=unicode(...), units=u'norm', win=Window(...), wrapWidth=1)
8.2783 	EXP 	Set  sound=stim/audio_40Hz_L.wav
8.2797 	EXP 	Set  sound=stim/audio_55Hz_L.wav
8.2807 	EXP 	Set  sound=stim/audio_40Hz_R.wav
8.2821 	EXP 	Set  sound=stim/audio_55Hz_R.wav
8.2821 	EXP 	Set Sound  volume=1.000
8.2821 	EXP 	Set Sound  volume=1.000
8.2822 	EXP 	Set Sound  volume=1.000
8.2822 	EXP 	Set Sound  volume=1.000
8.3696 	EXP 	Created select_eeg_system = TextStim(alignHoriz='center', alignVert='center', antialias=True, autoLog=True, bold=False, color='white', colorSpace='named', contrast=1.0, depth=-1.0, flipHoriz=False, flipVert=False, font='Arial', fontFiles=[], height=0.1, italic=False, name='select_eeg_system', opacity=1.0, ori=0, pos=array([ 0.,  0.]), rgb=array([ 255.,  255.,  255.]), text=unicode(...), units=u'norm', win=Window(...), wrapWidth=1)
8.4423 	EXP 	Created instr_text = TextStim(alignHoriz='center', alignVert='center', antialias=True, autoLog=True, bold=False, color=u'white', colorSpace='named', contrast=1.0, depth=-1.0, flipHoriz=False, flipVert=False, font=u'Arial', fontFiles=[], height=0.1, italic=False, name='instr_text', opacity=1.0, ori=0, pos=array([ 0.,  0.]), rgb=array([ 255.,  255.,  255.]), text=unicode(...), units=u'norm', win=Window(...), wrapWidth=1)
8.4772 	EXP 	Created end_text = TextStim(alignHoriz='center', alignVert='center', antialias=True, autoLog=True, bold=False, color='white', colorSpace='named', contrast=1.0, depth=0.0, flipHoriz=False, flipVert=False, font='Arial', fontFiles=[], height=0.1, italic=False, name='end_text', opacity=1.0, ori=0, pos=array([ 0.,  0.]), rgb=array([ 255.,  255.,  255.]), text=u'This was the end - Thank you!', units=u'norm', win=Window(...), wrapWidth=1)
8.5142 	EXP 	text_ask_for_version: autoDraw = True
9.3152 	DATA 	Keypress: 1
9.3303 	EXP 	text_ask_for_version: autoDraw = False
9.3303 	EXP 	text_ask_for_flip: autoDraw = True
10.7225 	DATA 	Keypress: 2
10.7488 	EXP 	Created text_4 = TextStim(alignHoriz='center', alignVert='center', antialias=True, autoLog=True, bold=False, color=u'red', colorSpace='named', contrast=1.0, depth=0.0, flipHoriz=True, flipVert=False, font=u'Arial', fontFiles=[], height=0.1, italic=False, name='text_4', opacity=1.0, ori=0, pos=array([ 0.,  0.]), rgb=array([ 255.,    0.,    0.]), text=u'0', units=u'norm', win=Window(...), wrapWidth=1)
10.7702 	EXP 	text_ask_for_flip: autoDraw = False
10.7702 	EXP 	select_eeg_system: autoDraw = True
12.2063 	DATA 	Keypress: 1
12.2393 	EXP 	select_eeg_system: autoDraw = False
12.2393 	EXP 	instr_text: flipHoriz = True
12.2393 	EXP 	instr_text: autoDraw = True
13.6943 	DATA 	Keypress: space
13.7823 	EXP 	Created unnamed PatchStim = PatchStim(autoDraw=False, autoLog=True, color=array([-0.25, -0.25, -0.25]), colorSpace='rgb', contrast=1.0, depth=0, interpolate=False, mask='circle', maskParams=None, name='unnamed PatchStim', opacity=1.0, ori=0.0, phase=array([ 0.,  0.]), pos=array([ 0.,  0.]), rgbPedestal=array([ 0.,  0.,  0.]), sf=array([ 1.,  1.]), size=array([ 0.12,  0.12]), tex=None, texRes=128, units=u'norm', win=Window(...))
13.8265 	EXP 	instr_text: autoDraw = False
14.9092 	EXP 	text_4: text = '1'
14.9092 	EXP 	text_4: text = u'1'
15.9252 	EXP 	text_4: text = '2'
15.9252 	EXP 	text_4: text = u'2'
16.8744 	EXP 	text_4: text = '3'
16.8744 	EXP 	text_4: text = u'3'
17.8740 	EXP 	text_4: text = '4'
17.8740 	EXP 	text_4: text = u'4'
18.9405 	EXP 	text_4: text = '5'
18.9405 	EXP 	text_4: text = u'5'
19.8903 	EXP 	text_4: text = '6'
19.8903 	EXP 	text_4: text = u'6'
20.8760 	EXP 	text_4: text = '5'
20.8760 	EXP 	text_4: text = u'5'
21.8738 	EXP 	text_4: text = '4'
21.8738 	EXP 	text_4: text = u'4'
22.8738 	EXP 	text_4: text = '3'
22.8738 	EXP 	text_4: text = u'3'
23.7841 	EXP 	Sound  started
23.8737 	EXP 	text_4: text = '2'
23.8737 	EXP 	text_4: text = u'2'
24.8571 	EXP 	text_4: text = '1'
24.8571 	EXP 	text_4: text = u'1'
24.9850 	EXP 	Sound  started
25.8737 	EXP 	text_4: text = '0'
25.8737 	EXP 	text_4: text = u'0'
26.1858 	EXP 	Sound  started
26.8750 	EXP 	text_4: text = '9'
26.8750 	EXP 	text_4: text = u'9'
27.3868 	EXP 	Sound  started
27.8736 	EXP 	text_4: text = '0'
27.8736 	EXP 	text_4: text = u'0'
28.5878 	EXP 	Sound  started
28.8735 	EXP 	text_4: text = '1'
28.8735 	EXP 	text_4: text = u'1'
29.7886 	EXP 	Sound  started
29.8734 	EXP 	text_4: text = '2'
29.8734 	EXP 	text_4: text = u'2'
30.8567 	EXP 	text_4: text = '3'
30.8567 	EXP 	text_4: text = u'3'
30.9890 	EXP 	Sound  started
31.9629 	EXP 	text_4: text = '4'
31.9629 	EXP 	text_4: text = u'4'
32.1968 	EXP 	Sound  started
32.9311 	EXP 	text_4: text = '5'
32.9311 	EXP 	text_4: text = u'5'
33.0826 	DATA 	Keypress: escape
