8.6512 	EXP 	Created window1 = Window(allowGUI=False, allowStencil=False, autoLog=True, bitsMode=UNKNOWN, blendMode='avg', color=array([ 0.,  0.,  0.]), colorSpace='rgb', fullscr=UNKNOWN, gamma=None, lms=UNKNOWN, monitor=<psychopy.monitors.calibTools.Monitor instance at 0x0468FBC0>, name='window1', pos=[0, 0], screen=0, size=array([1600,  900]), stereo=False, units=u'norm', useFBO=True, viewOri=0.0, viewPos=None, viewScale=None, waitBlanking=True, winType='pyglet')
8.6513 	EXP 	window1: recordFrameIntervals = False
8.8198 	EXP 	window1: recordFrameIntervals = True
9.0076 	EXP 	window1: recordFrameIntervals = False
9.2184 	EXP 	Created text_ask_for_version = TextStim(alignHoriz='center', alignVert='center', antialias=True, autoLog=True, bold=False, color='white', colorSpace='named', contrast=1.0, depth=0.0, flipHoriz=False, flipVert=False, font='Arial', fontFiles=[], height=0.1, italic=False, name='text_ask_for_version', opacity=1.0, ori=0, pos=array([ 0.,  0.]), rgb=array([ 255.,  255.,  255.]), text=unicode(...), units=u'norm', win=Window(...), wrapWidth=1)
9.4463 	EXP 	Set  sound=stim/audio_40Hz_L.wav
9.4471 	EXP 	Set  sound=stim/audio_55Hz_L.wav
9.4476 	EXP 	Set  sound=stim/audio_40Hz_R.wav
9.4484 	EXP 	Set  sound=stim/audio_55Hz_R.wav
9.4484 	EXP 	Set Sound  volume=1.000
9.4484 	EXP 	Set Sound  volume=1.000
9.4485 	EXP 	Set Sound  volume=1.000
9.4485 	EXP 	Set Sound  volume=1.000
9.5071 	EXP 	Created select_eeg_system = TextStim(alignHoriz='center', alignVert='center', antialias=True, autoLog=True, bold=False, color='white', colorSpace='named', contrast=1.0, depth=-1.0, flipHoriz=False, flipVert=False, font='Arial', fontFiles=[], height=0.1, italic=False, name='select_eeg_system', opacity=1.0, ori=0, pos=array([ 0.,  0.]), rgb=array([ 255.,  255.,  255.]), text=unicode(...), units=u'norm', win=Window(...), wrapWidth=1)
9.5334 	EXP 	Created instr_text = TextStim(alignHoriz='center', alignVert='center', antialias=True, autoLog=True, bold=False, color='white', colorSpace='named', contrast=1.0, depth=-1.0, flipHoriz=False, flipVert=False, font='Arial', fontFiles=[], height=0.1, italic=False, name='instr_text', opacity=1.0, ori=0, pos=array([ 0.,  0.]), rgb=array([ 255.,  255.,  255.]), text=unicode(...), units=u'norm', win=Window(...), wrapWidth=1)
9.5466 	EXP 	Created end_text = TextStim(alignHoriz='center', alignVert='center', antialias=True, autoLog=True, bold=False, color='white', colorSpace='named', contrast=1.0, depth=0.0, flipHoriz=False, flipVert=False, font='Arial', fontFiles=[], height=0.1, italic=False, name='end_text', opacity=1.0, ori=0, pos=array([ 0.,  0.]), rgb=array([ 255.,  255.,  255.]), text=u'This was the end - Thank you!', units=u'norm', win=Window(...), wrapWidth=1)
9.5686 	EXP 	text_ask_for_version: autoDraw = True
31.1753 	DATA 	Keypress: 1
31.1829 	EXP 	Created text_4 = TextStim(alignHoriz='center', alignVert='center', antialias=True, autoLog=True, bold=False, color=u'red', colorSpace='named', contrast=1.0, depth=0.0, flipHoriz=False, flipVert=False, font=u'Arial', fontFiles=[], height=0.1, italic=False, name='text_4', opacity=1.0, ori=0, pos=array([ 0.,  0.]), rgb=array([ 255.,    0.,    0.]), text=u'0', units=u'norm', win=Window(...), wrapWidth=1)
31.1918 	EXP 	text_ask_for_version: autoDraw = False
31.1918 	EXP 	select_eeg_system: autoDraw = True
31.7707 	DATA 	Keypress: 2
31.8730 	EXP 	select_eeg_system: autoDraw = False
31.8730 	EXP 	instr_text: autoDraw = True
32.8247 	DATA 	Keypress: space
32.8459 	EXP 	Created unnamed PatchStim = PatchStim(autoDraw=False, autoLog=True, color=array([-0.25, -0.25, -0.25]), colorSpace='rgb', contrast=1.0, depth=0, interpolate=False, mask='circle', maskParams=None, name='unnamed PatchStim', opacity=1.0, ori=0.0, phase=array([ 0.,  0.]), pos=array([ 0.,  0.]), rgbPedestal=array([ 0.,  0.,  0.]), sf=array([ 1.,  1.]), size=array([ 0.12,  0.12]), tex=None, texRes=128, units=u'norm', win=Window(...))
32.8582 	EXP 	instr_text: autoDraw = False
33.8750 	EXP 	text_4: text = '1'
33.8750 	EXP 	text_4: text = u'1'
34.8757 	EXP 	text_4: text = '2'
34.8757 	EXP 	text_4: text = u'2'
35.8759 	EXP 	text_4: text = '3'
35.8759 	EXP 	text_4: text = u'3'
36.8929 	EXP 	text_4: text = '4'
36.8929 	EXP 	text_4: text = u'4'
37.8934 	EXP 	text_4: text = '5'
37.8934 	EXP 	text_4: text = u'5'
38.8932 	EXP 	text_4: text = '6'
38.8932 	EXP 	text_4: text = u'6'
39.8938 	EXP 	text_4: text = '5'
39.8938 	EXP 	text_4: text = u'5'
40.4434 	DATA 	Keypress: slash
40.8938 	EXP 	text_4: text = '4'
40.8938 	EXP 	text_4: text = u'4'
41.8944 	EXP 	text_4: text = '3'
41.8944 	EXP 	text_4: text = u'3'
42.8482 	EXP 	Sound  started
42.8781 	EXP 	text_4: text = '2'
42.8781 	EXP 	text_4: text = u'2'
43.8781 	EXP 	text_4: text = '1'
43.8781 	EXP 	text_4: text = u'1'
44.0507 	EXP 	Sound  started
44.8780 	EXP 	text_4: text = '0'
44.8780 	EXP 	text_4: text = u'0'
45.2532 	EXP 	Sound  started
45.8779 	EXP 	text_4: text = '9'
45.8779 	EXP 	text_4: text = u'9'
46.4272 	DATA 	Keypress: slash
46.4563 	EXP 	Sound  started
46.8952 	EXP 	text_4: text = '8'
46.8952 	EXP 	text_4: text = u'8'
47.6590 	EXP 	Sound  started
47.8951 	EXP 	text_4: text = '7'
47.8951 	EXP 	text_4: text = u'7'
47.9851 	DATA 	Keypress: escape
