8.4557 	EXP 	Created window1 = Window(allowGUI=False, allowStencil=True, autoLog=True, bitsMode=UNKNOWN, blendMode='avg', color=array([ 0.,  0.,  0.]), colorSpace='rgb', fullscr=UNKNOWN, gamma=None, lms=UNKNOWN, monitor=<psychopy.monitors.calibTools.Monitor instance at 0x08B5E170>, name='window1', pos=[0, 0], screen=0, size=array([1440,  900]), stereo=False, units=u'norm', useFBO=True, viewOri=0.0, viewPos=None, viewScale=None, waitBlanking=True, winType='pyglet')
8.4557 	EXP 	window1: recordFrameIntervals = False
8.6206 	EXP 	window1: recordFrameIntervals = True
8.8047 	EXP 	window1: recordFrameIntervals = False
8.8160 	EXP 	Created aperture = Aperture(autoLog=True, nVert=UNKNOWN, name='aperture', ori=0, pos=(0, 0), shape=UNKNOWN, size=1, units='norm', win=Window(...))
9.1430 	EXP 	Created text_ask_for_version = TextStim(alignHoriz='center', alignVert='center', antialias=True, autoLog=True, bold=False, color=u'white', colorSpace='named', contrast=1.0, depth=0.0, flipHoriz=False, flipVert=False, font=u'Arial', fontFiles=[], height=0.1, italic=False, name='text_ask_for_version', opacity=1.0, ori=0, pos=array([ 0.,  0.]), rgb=array([ 255.,  255.,  255.]), text=unicode(...), units=u'norm', win=Window(...), wrapWidth=1)
9.2145 	EXP 	Created t_ask_lower_block = TextStim(alignHoriz='center', alignVert='center', antialias=True, autoLog=True, bold=False, color=u'white', colorSpace='named', contrast=1.0, depth=0.0, flipHoriz=False, flipVert=False, font=u'Arial', fontFiles=[], height=0.1, italic=False, name='t_ask_lower_block', opacity=1.0, ori=0, pos=array([ 0.,  0.]), rgb=array([ 255.,  255.,  255.]), text=unicode(...), units=u'norm', win=Window(...), wrapWidth=1)
9.2685 	EXP 	Created t_ask_up_block = TextStim(alignHoriz='center', alignVert='center', antialias=True, autoLog=True, bold=False, color=u'white', colorSpace='named', contrast=1.0, depth=0.0, flipHoriz=False, flipVert=False, font=u'Arial', fontFiles=[], height=0.1, italic=False, name='t_ask_up_block', opacity=1.0, ori=0, pos=array([ 0.,  0.]), rgb=array([ 255.,  255.,  255.]), text=unicode(...), units=u'norm', win=Window(...), wrapWidth=1)
9.3533 	EXP 	Created text_ask_for_flip = TextStim(alignHoriz='center', alignVert='center', antialias=True, autoLog=True, bold=False, color=u'white', colorSpace='named', contrast=1.0, depth=0.0, flipHoriz=False, flipVert=False, font=u'Arial', fontFiles=[], height=0.1, italic=False, name='text_ask_for_flip', opacity=1.0, ori=0, pos=array([ 0.,  0.]), rgb=array([ 255.,  255.,  255.]), text=unicode(...), units=u'norm', win=Window(...), wrapWidth=1)
9.8384 	EXP 	Set  sound=stim/audio_40Hz_L.wav
9.8403 	EXP 	Set  sound=stim/audio_55Hz_L.wav
9.8414 	EXP 	Set  sound=stim/audio_40Hz_R.wav
9.8436 	EXP 	Set  sound=stim/audio_55Hz_R.wav
9.8437 	EXP 	Set Sound  volume=1.000
9.8438 	EXP 	Set Sound  volume=1.000
9.8438 	EXP 	Set Sound  volume=1.000
9.8438 	EXP 	Set Sound  volume=1.000
9.9584 	EXP 	Created select_eeg_system = TextStim(alignHoriz='center', alignVert='center', antialias=True, autoLog=True, bold=False, color=u'white', colorSpace='named', contrast=1.0, depth=-1.0, flipHoriz=False, flipVert=False, font=u'Arial', fontFiles=[], height=0.1, italic=False, name='select_eeg_system', opacity=1.0, ori=0, pos=array([ 0.,  0.]), rgb=array([ 255.,  255.,  255.]), text=unicode(...), units=u'norm', win=Window(...), wrapWidth=1)
10.0853 	EXP 	Created instr_text = TextStim(alignHoriz='center', alignVert='center', antialias=True, autoLog=True, bold=False, color='white', colorSpace='named', contrast=1.0, depth=-1.0, flipHoriz=False, flipVert=False, font='Arial', fontFiles=[], height=0.1, italic=False, name='instr_text', opacity=1.0, ori=0, pos=array([ 0.,  0.]), rgb=array([ 255.,  255.,  255.]), text=unicode(...), units=u'norm', win=Window(...), wrapWidth=1)
10.1289 	EXP 	Created end_text = TextStim(alignHoriz='center', alignVert='center', antialias=True, autoLog=True, bold=False, color='white', colorSpace='named', contrast=1.0, depth=0.0, flipHoriz=False, flipVert=False, font='Arial', fontFiles=[], height=0.1, italic=False, name='end_text', opacity=1.0, ori=0, pos=array([ 0.,  0.]), rgb=array([ 255.,  255.,  255.]), text=u'This was the end - Thank you!', units=u'norm', win=Window(...), wrapWidth=1)
10.1560 	EXP 	aperture: enabled = False
10.1560 	EXP 	aperture: enabled = True
10.1560 	EXP 	aperture: enabled = False
10.1560 	EXP 	aperture: autoDraw = False
10.1560 	EXP 	aperture: enabled = False
10.1560 	EXP 	text_ask_for_version: autoDraw = True
13.3069 	DATA 	Keypress: 1
13.3224 	EXP 	text_ask_for_version: autoDraw = False
13.3224 	EXP 	t_ask_lower_block: autoDraw = True
15.2075 	DATA 	Keypress: 4
15.2268 	EXP 	Created lower_aperture = Aperture(autoLog=True, nVert=UNKNOWN, name='lower_aperture', ori=0, pos=(0, 0), shape=UNKNOWN, size=1, units='norm', win=Window(...))
15.2562 	EXP 	t_ask_lower_block: autoDraw = False
15.2562 	EXP 	t_ask_up_block: autoDraw = True
21.6881 	DATA 	Keypress: escape
